<?xml version="1.0" encoding="utf-8"?>
<TestRun id="41b67913-b6d1-47ff-88df-1e669c9347fc" name="User@WINDOWS-B6KIGK4 2026-07-16 18:06:24" runUser="WINDOWS-B6KIGK4\User" xmlns="http://microsoft.com/schemas/VisualStudio/TeamTest/2010">
  <Times creation="2026-07-16T18:06:24.2651226+03:00" queuing="2026-07-16T18:06:24.2651228+03:00" start="2026-07-16T18:06:23.5287071+03:00" finish="2026-07-16T18:12:04.8762910+03:00" />
  <TestSettings name="default" id="73213ed7-d421-4192-8028-09985fea2e2c">
    <Deployment runDeploymentRoot="User_WINDOWS-B6KIGK4_2026-07-16_18_06_24" />
  </TestSettings>
  <Results>
    <UnitTestResult executionId="875abb60-fd29-42a5-bd9a-a3d1dafaac3d" testId="1b4a48c4-8e2d-6b08-0047-0eb83bce0067" testName="PgSchemaExporter.Tests.DiffAdvancedIntegrationTests.Diff_IgnoreComments_TreatsAsEqual" computerName="WINDOWS-B6KIGK4" duration="00:00:00.0051256" startTime="2026-07-16T18:09:40.4140279+03:00" endTime="2026-07-16T18:09:40.4140283+03:00" testType="13cdc9d9-ddb5-4fa4-a97d-d965ccfc6d4b" outcome="Passed" testListId="8c84fa94-04c1-424b-9868-57a2d4851a1d" relativeResultsDirectory="875abb60-fd29-42a5-bd9a-a3d1dafaac3d" />
    <UnitTestResult executionId="3bb97cb3-6c1e-453d-9c05-f61c3a059721" testId="2370514f-40db-b8a0-4b3d-02ca63d32bd4" testName="PgSchemaExporter.Tests.SchemaFingerprintTests.FingerprintFile_RoundTrips" computerName="WINDOWS-B6KIGK4" duration="00:00:00.0509998" startTime="2026-07-16T18:06:24.3827817+03:00" endTime="2026-07-16T18:06:24.3827819+03:00" testType="13cdc9d9-ddb5-4fa4-a97d-d965ccfc6d4b" outcome="Passed" testListId="8c84fa94-04c1-424b-9868-57a2d4851a1d" relativeResultsDirectory="3bb97cb3-6c1e-453d-9c05-f61c3a059721" />
    <UnitTestResult executionId="77833e36-c42e-45b8-afcb-794fc84d3ab9" testId="41630a6a-2794-dc84-69dd-bf19f92f3e6e" testName="PgSchemaExporter.Tests.SchemaDiffReportWriterIntegrationTests.WriteAsync_JsonFormat_WritesFile" computerName="WINDOWS-B6KIGK4" duration="00:00:00.1196139" startTime="2026-07-16T18:06:24.3277055+03:00" endTime="2026-07-16T18:06:24.3277057+03:00" testType="13cdc9d9-ddb5-4fa4-a97d-d965ccfc6d4b" outcome="Passed" testListId="8c84fa94-04c1-424b-9868-57a2d4851a1d" relativeResultsDirectory="77833e36-c42e-45b8-afcb-794fc84d3ab9" />
    <UnitTestResult executionId="88dda65e-6ff6-4a1d-86c4-e306acf1c8ba" testId="4961b047-1a4a-7894-8c06-ac8bbb6d57d0" testName="PgSchemaExporter.Tests.PlanApplyIntegrationTests.ApplyWorkflow_DryRun_DoesNotModifyDatabase" computerName="WINDOWS-B6KIGK4" duration="00:00:00.0872328" startTime="2026-07-16T18:11:12.3580672+03:00" endTime="2026-07-16T18:11:12.3580675+03:00" testType="13cdc9d9-ddb5-4fa4-a97d-d965ccfc6d4b" outcome="Passed" testListId="8c84fa94-04c1-424b-9868-57a2d4851a1d" relativeResultsDirectory="88dda65e-6ff6-4a1d-86c4-e306acf1c8ba" />
    <UnitTestResult executionId="63bf57a5-8c46-411a-b0b9-59f0e6080fd0" testId="1c5348ec-7356-9452-9f6e-a5b065a0d54e" testName="PgSchemaExporter.Tests.MigrationGeneratorTests.Generate_AddedIndex_EmitsCreateAndDrop" computerName="WINDOWS-B6KIGK4" duration="00:00:00.0055915" startTime="2026-07-16T18:06:24.3349874+03:00" endTime="2026-07-16T18:06:24.3349876+03:00" testType="13cdc9d9-ddb5-4fa4-a97d-d965ccfc6d4b" outcome="Passed" testListId="8c84fa94-04c1-424b-9868-57a2d4851a1d" relativeResultsDirectory="63bf57a5-8c46-411a-b0b9-59f0e6080fd0" />
    <UnitTestResult executionId="dc859ac2-e715-4abe-a97a-abbd93a9ea27" testId="418dd728-5413-c782-b5d9-95008f85fb0d" testName="PgSchemaExporter.Tests.CliParserV18Tests.ParsePlanOptions_ParsesFromToAndOutput" computerName="WINDOWS-B6KIGK4" duration="00:00:00.0068779" startTime="2026-07-16T18:06:24.2294689+03:00" endTime="2026-07-16T18:06:24.2294955+03:00" testType="13cdc9d9-ddb5-4fa4-a97d-d965ccfc6d4b" outcome="Passed" testListId="8c84fa94-04c1-424b-9868-57a2d4851a1d" relativeResultsDirectory="dc859ac2-e715-4abe-a97a-abbd93a9ea27" />
    <UnitTestResult executionId="de8a3d6b-2c5c-4898-aacd-15f402ff0255" testId="09842299-a123-b977-775f-5bf90b662e7e" testName="PgSchemaExporter.Tests.ForeignTablesAndSubscriptionsIntegrationTests.LoadAsync_LoadsSubscriptions" computerName="WINDOWS-B6KIGK4" duration="00:00:00.1449635" startTime="2026-07-16T18:10:13.5132841+03:00" endTime="2026-07-16T18:10:13.5132843+03:00" testType="13cdc9d9-ddb5-4fa4-a97d-d965ccfc6d4b" outcome="Passed" testListId="8c84fa94-04c1-424b-9868-57a2d4851a1d" relativeResultsDirectory="de8a3d6b-2c5c-4898-aacd-15f402ff0255" />
    <UnitTestResult executionId="8442cef6-8f39-42c2-a78f-485a0e81aed7" testId="807b8497-3f61-339c-8455-17b4b771955c" testName="PgSchemaExporter.Tests.ScriptGeneratorTests.OperatorScriptGenerator_ReturnsDefinition" computerName="WINDOWS-B6KIGK4" duration="00:00:00.0003119" startTime="2026-07-16T18:06:24.2642159+03:00" endTime="2026-07-16T18:06:24.2642160+03:00" testType="13cdc9d9-ddb5-4fa4-a97d-d965ccfc6d4b" outcome="Passed" testListId="8c84fa94-04c1-424b-9868-57a2d4851a1d" relativeResultsDirectory="8442cef6-8f39-42c2-a78f-485a0e81aed7" />
    <UnitTestResult executionId="d4618076-c7b2-4f17-a2a2-ba0f54185375" testId="5f64f4d7-aa1a-a003-4e06-39902c58e0d1" testName="PgSchemaExporter.Tests.CliIntegrationTests.PlanCommand_WithChanges_ReturnsExitCode2" computerName="WINDOWS-B6KIGK4" duration="00:00:00.1414119" startTime="2026-07-16T18:07:05.9508797+03:00" endTime="2026-07-16T18:07:05.9508800+03:00" testType="13cdc9d9-ddb5-4fa4-a97d-d965ccfc6d4b" outcome="Passed" testListId="8c84fa94-04c1-424b-9868-57a2d4851a1d" relativeResultsDirectory="d4618076-c7b2-4f17-a2a2-ba0f54185375" />
    <UnitTestResult executionId="afeb2bc4-5b6e-471a-a159-bca1d71098e8" testId="fa8b5920-773e-bbc5-763b-620efe1f14cd" testName="PgSchemaExporter.Tests.MigrationPlanTests.CreatePlan_DropTable_ProducesHazard" computerName="WINDOWS-B6KIGK4" duration="00:00:00.0382901" startTime="2026-07-16T18:06:24.2545259+03:00" endTime="2026-07-16T18:06:24.2545259+03:00" testType="13cdc9d9-ddb5-4fa4-a97d-d965ccfc6d4b" outcome="Passed" testListId="8c84fa94-04c1-424b-9868-57a2d4851a1d" relativeResultsDirectory="afeb2bc4-5b6e-471a-a159-bca1d71098e8" />
    <UnitTestResult executionId="cf04e530-42df-4e50-83d3-6f8f9ba343ac" testId="8ec3582f-e953-3d41-8487-340112fdcec4" testName="PgSchemaExporter.Tests.CliParserTests.ParseDiffOptions_WithParallel_ParsesCorrectly" computerName="WINDOWS-B6KIGK4" duration="00:00:00.0000839" startTime="2026-07-16T18:06:24.3624403+03:00" endTime="2026-07-16T18:06:24.3624404+03:00" testType="13cdc9d9-ddb5-4fa4-a97d-d965ccfc6d4b" outcome="Passed" testListId="8c84fa94-04c1-424b-9868-57a2d4851a1d" relativeResultsDirectory="cf04e530-42df-4e50-83d3-6f8f9ba343ac" />
    <UnitTestResult executionId="4f5f0905-da44-44b0-996b-e376d1fad2b9" testId="4b37b7a0-c8ec-0933-0a04-2ef5a2d99126" testName="PgSchemaExporter.Tests.ConsoleLoggerTests.Log_Exception_AppendsExceptionToError" computerName="WINDOWS-B6KIGK4" duration="00:00:00.0003985" startTime="2026-07-16T18:06:24.2617960+03:00" endTime="2026-07-16T18:06:24.2617961+03:00" testType="13cdc9d9-ddb5-4fa4-a97d-d965ccfc6d4b" outcome="Passed" testListId="8c84fa94-04c1-424b-9868-57a2d4851a1d" relativeResultsDirectory="4f5f0905-da44-44b0-996b-e376d1fad2b9" />
    <UnitTestResult executionId="de410d20-c7b5-4b72-9fc7-7f7b46ae6bcf" testId="648d581a-3d27-1474-32d7-82866b1e8842" testName="PgSchemaExporter.Tests.CliIntegrationTests.QuietFlag_DoesNotPrintProgress" computerName="WINDOWS-B6KIGK4" duration="00:00:00.6145003" startTime="2026-07-16T18:07:20.3187943+03:00" endTime="2026-07-16T18:07:20.3187946+03:00" testType="13cdc9d9-ddb5-4fa4-a97d-d965ccfc6d4b" outcome="Passed" testListId="8c84fa94-04c1-424b-9868-57a2d4851a1d" relativeResultsDirectory="de410d20-c7b5-4b72-9fc7-7f7b46ae6bcf" />
    <UnitTestResult executionId="3b32e675-ed6f-474c-9b69-db64aa56c56b" testId="1990c31f-3519-f771-d210-41661ac4cbbc" testName="PgSchemaExporter.Tests.CliParserTests.ParseDiffOptions_WithJsonOutputFile_InfersFormat" computerName="WINDOWS-B6KIGK4" duration="00:00:00.0000901" startTime="2026-07-16T18:06:24.3639694+03:00" endTime="2026-07-16T18:06:24.3639694+03:00" testType="13cdc9d9-ddb5-4fa4-a97d-d965ccfc6d4b" outcome="Passed" testListId="8c84fa94-04c1-424b-9868-57a2d4851a1d" relativeResultsDirectory="3b32e675-ed6f-474c-9b69-db64aa56c56b" />
    <UnitTestResult executionId="172da8d7-714f-4777-98a4-36f4e1e5d865" testId="f29927ff-3c70-820a-f4c8-4a547ac2d6be" testName="PgSchemaExporter.Tests.ExportOptionsIntegrationTests.CleanOutputDirectory_RemovesStaleFiles" computerName="WINDOWS-B6KIGK4" duration="00:00:00.0518452" startTime="2026-07-16T18:10:06.5247054+03:00" endTime="2026-07-16T18:10:06.5247057+03:00" testType="13cdc9d9-ddb5-4fa4-a97d-d965ccfc6d4b" outcome="Passed" testListId="8c84fa94-04c1-424b-9868-57a2d4851a1d" relativeResultsDirectory="172da8d7-714f-4777-98a4-36f4e1e5d865" />
    <UnitTestResult executionId="254467d5-3926-4904-93a4-38c9d08ebbc9" testId="54359eed-d4c6-d35b-05b9-723109817052" testName="PgSchemaExporter.Tests.ConfigValidationTests.LoadAsync_EmptyFile_ThrowsConfigValidation" computerName="WINDOWS-B6KIGK4" duration="00:00:00.0238249" startTime="2026-07-16T18:06:24.3309668+03:00" endTime="2026-07-16T18:06:24.3309671+03:00" testType="13cdc9d9-ddb5-4fa4-a97d-d965ccfc6d4b" outcome="Passed" testListId="8c84fa94-04c1-424b-9868-57a2d4851a1d" relativeResultsDirectory="254467d5-3926-4904-93a4-38c9d08ebbc9" />
    <UnitTestResult executionId="02a50ead-d775-4496-a341-83fbf2197786" testId="834cfa17-282d-08c7-b8f9-d73f1cba9cf8" testName="PgSchemaExporter.Tests.ColumnMigrationIntegrationTests.ColumnNullabilityChange_ApplyUpSetsNotNull" computerName="WINDOWS-B6KIGK4" duration="00:00:00.0569950" startTime="2026-07-16T18:08:44.1047287+03:00" endTime="2026-07-16T18:08:44.1047291+03:00" testType="13cdc9d9-ddb5-4fa4-a97d-d965ccfc6d4b" outcome="Passed" testListId="8c84fa94-04c1-424b-9868-57a2d4851a1d" relativeResultsDirectory="02a50ead-d775-4496-a341-83fbf2197786" />
    <UnitTestResult executionId="509e4e90-b471-430f-801f-c714036f3d43" testId="72cd17ff-36ac-c12f-706c-bd67c611ed6f" testName="PgSchemaExporter.Tests.PgDumpObjectClassifierTests.Classify_VariousStatements_MapsToExpectedType(sql: &quot;GRANT SELECT ON public.t TO app;&quot;, expectedType: Grant, expectedSchema: &quot;grants&quot;, expectedName: &quot;grant_00001&quot;)" computerName="WINDOWS-B6KIGK4" duration="00:00:00.0014825" startTime="2026-07-16T18:06:24.3066800+03:00" endTime="2026-07-16T18:06:24.3066802+03:00" testType="13cdc9d9-ddb5-4fa4-a97d-d965ccfc6d4b" outcome="Passed" testListId="8c84fa94-04c1-424b-9868-57a2d4851a1d" relativeResultsDirectory="509e4e90-b471-430f-801f-c714036f3d43" />
    <UnitTestResult executionId="1d2529d2-df88-4b0c-b2b2-0a013a0c459e" testId="e7b39309-e90c-74e0-8ec6-5373e1411c09" testName="PgSchemaExporter.Tests.ProgramIntegrationTests.Migrate_Preview_PrintsMigrationToStdout" computerName="WINDOWS-B6KIGK4" duration="00:00:00.1993121" startTime="2026-07-16T18:06:24.3986911+03:00" endTime="2026-07-16T18:06:24.3986914+03:00" testType="13cdc9d9-ddb5-4fa4-a97d-d965ccfc6d4b" outcome="Passed" testListId="8c84fa94-04c1-424b-9868-57a2d4851a1d" relativeResultsDirectory="1d2529d2-df88-4b0c-b2b2-0a013a0c459e" />
    <UnitTestResult executionId="4f99363e-ffb8-4c17-9a6f-8a95f90b1417" testId="d6599c62-3ce2-c1c9-ce98-d1eb93b823d4" testName="PgSchemaExporter.Tests.SqlDropBuilderTests.FromRelativePath_UnknownFolder_ReturnsUnknown" computerName="WINDOWS-B6KIGK4" duration="00:00:00.0024705" startTime="2026-07-16T18:06:24.2552022+03:00" endTime="2026-07-16T18:06:24.2552023+03:00" testType="13cdc9d9-ddb5-4fa4-a97d-d965ccfc6d4b" outcome="Passed" testListId="8c84fa94-04c1-424b-9868-57a2d4851a1d" relativeResultsDirectory="4f99363e-ffb8-4c17-9a6f-8a95f90b1417" />
    <UnitTestResult executionId="3c473d7f-319f-4b4e-a35f-5aedb25d7bca" testId="8946a1a6-9a7f-892d-fcb9-23e334523031" testName="PgSchemaExporter.Tests.SchemaDifferTests.Diff_IgnoreWhitespace_AllWhitespace_HandlesCorrectly" computerName="WINDOWS-B6KIGK4" duration="00:00:00.0299869" startTime="2026-07-16T18:06:24.2511802+03:00" endTime="2026-07-16T18:06:24.2511803+03:00" testType="13cdc9d9-ddb5-4fa4-a97d-d965ccfc6d4b" outcome="Passed" testListId="8c84fa94-04c1-424b-9868-57a2d4851a1d" relativeResultsDirectory="3c473d7f-319f-4b4e-a35f-5aedb25d7bca" />
    <UnitTestResult executionId="86bcaa53-2b3a-44c0-bd42-5428d20da8f2" testId="d19ba975-4262-af01-20af-0ecdf6a12a5d" testName="PgSchemaExporter.Tests.SqlStatementSplitterTests.Split_DoubleQuoteEscaped_IgnoresSemicolonInside" computerName="WINDOWS-B6KIGK4" duration="00:00:00.0001654" startTime="2026-07-16T18:06:24.2518950+03:00" endTime="2026-07-16T18:06:24.2518951+03:00" testType="13cdc9d9-ddb5-4fa4-a97d-d965ccfc6d4b" outcome="Passed" testListId="8c84fa94-04c1-424b-9868-57a2d4851a1d" relativeResultsDirectory="86bcaa53-2b3a-44c0-bd42-5428d20da8f2" />
    <UnitTestResult executionId="c54174af-3bc2-4e51-9248-ff51b830ac3a" testId="9df3d4f8-edcb-2594-5597-58da27c1b796" testName="PgSchemaExporter.Tests.HazardAnalyzerTests.Analyze_DropFunction_WithIsDestructive_FlagsObjectDrop" computerName="WINDOWS-B6KIGK4" duration="00:00:00.0004726" startTime="2026-07-16T18:06:24.2608094+03:00" endTime="2026-07-16T18:06:24.2608095+03:00" testType="13cdc9d9-ddb5-4fa4-a97d-d965ccfc6d4b" outcome="Passed" testListId="8c84fa94-04c1-424b-9868-57a2d4851a1d" relativeResultsDirectory="c54174af-3bc2-4e51-9248-ff51b830ac3a" />
    <UnitTestResult executionId="904098cf-169b-433c-9cc1-df148ef03e6b" testId="1e13a515-e75e-4e29-dd00-5f67c5660e09" testName="PgSchemaExporter.Tests.SchemaFileWriterFormatTests.UseIfNotExistsFalse_StripsIfNotExists" computerName="WINDOWS-B6KIGK4" duration="00:00:00.0504661" startTime="2026-07-16T18:06:24.3939363+03:00" endTime="2026-07-16T18:06:24.3939365+03:00" testType="13cdc9d9-ddb5-4fa4-a97d-d965ccfc6d4b" outcome="Passed" testListId="8c84fa94-04c1-424b-9868-57a2d4851a1d" relativeResultsDirectory="904098cf-169b-433c-9cc1-df148ef03e6b" />
    <UnitTestResult executionId="ad7d5d9c-3267-4a35-a90b-69ab35b55570" testId="2bc5e7ac-7320-a908-4c8d-f00b53143668" testName="PgSchemaExporter.Tests.SqlStatementSplitterTests.Split_SingleQuoteEscaped_IgnoresSemicolonInside" computerName="WINDOWS-B6KIGK4" duration="00:00:00.0001113" startTime="2026-07-16T18:06:24.2521812+03:00" endTime="2026-07-16T18:06:24.2521813+03:00" testType="13cdc9d9-ddb5-4fa4-a97d-d965ccfc6d4b" outcome="Passed" testListId="8c84fa94-04c1-424b-9868-57a2d4851a1d" relativeResultsDirectory="ad7d5d9c-3267-4a35-a90b-69ab35b55570" />
    <UnitTestResult executionId="addd1096-f2ab-41fb-ac68-ec239fedd267" testId="b463a3bb-9f74-0170-51c5-da839dc35c98" testName="PgSchemaExporter.Tests.TypeScriptGeneratorTests.Generate_ReturnsCommentForUnsupportedKind" computerName="WINDOWS-B6KIGK4" duration="00:00:00.0003490" startTime="2026-07-16T18:06:24.2634747+03:00" endTime="2026-07-16T18:06:24.2634748+03:00" testType="13cdc9d9-ddb5-4fa4-a97d-d965ccfc6d4b" outcome="Passed" testListId="8c84fa94-04c1-424b-9868-57a2d4851a1d" relativeResultsDirectory="addd1096-f2ab-41fb-ac68-ec239fedd267" />
    <UnitTestResult executionId="ccd6e9fc-4a01-4c75-b457-1752fc1cca15" testId="57008369-5ee3-f5e2-b1eb-b6cea82b6c8b" testName="PgSchemaExporter.Tests.HazardAnalyzerTests.Analyze_AlterColumnType_FlagsTypeChange" computerName="WINDOWS-B6KIGK4" duration="00:00:00.0005435" startTime="2026-07-16T18:06:24.2596529+03:00" endTime="2026-07-16T18:06:24.2596530+03:00" testType="13cdc9d9-ddb5-4fa4-a97d-d965ccfc6d4b" outcome="Passed" testListId="8c84fa94-04c1-424b-9868-57a2d4851a1d" relativeResultsDirectory="ccd6e9fc-4a01-4c75-b457-1752fc1cca15" />
    <UnitTestResult executionId="8a8a7c4b-4e85-4791-a463-0adb2565155c" testId="1ac6a7a2-2bc2-4fda-3815-24b49d79ecf0" testName="PgSchemaExporter.Tests.MetadataObjectTypesIntegrationTests.LoadAsync_LoadsPolicies" computerName="WINDOWS-B6KIGK4" duration="00:00:00.1098220" startTime="2026-07-16T18:10:23.2756660+03:00" endTime="2026-07-16T18:10:23.2756662+03:00" testType="13cdc9d9-ddb5-4fa4-a97d-d965ccfc6d4b" outcome="Passed" testListId="8c84fa94-04c1-424b-9868-57a2d4851a1d" relativeResultsDirectory="8a8a7c4b-4e85-4791-a463-0adb2565155c" />
    <UnitTestResult executionId="74e60bc2-6c6c-4c66-82ab-d9acffd437ca" testId="d4db1c32-684e-efb7-da3f-4098e829e0ca" testName="PgSchemaExporter.Tests.MigrationTimeoutTests.IsValid_RejectsInvalidOrMaliciousTimeouts(value: &quot;&quot;)" computerName="WINDOWS-B6KIGK4" duration="00:00:00.0000439" startTime="2026-07-16T18:06:24.2497624+03:00" endTime="2026-07-16T18:06:24.2497624+03:00" testType="13cdc9d9-ddb5-4fa4-a97d-d965ccfc6d4b" outcome="Passed" testListId="8c84fa94-04c1-424b-9868-57a2d4851a1d" relativeResultsDirectory="74e60bc2-6c6c-4c66-82ab-d9acffd437ca" />
    <UnitTestResult executionId="d945e2f9-1752-459d-bf1b-9c6f1715d2cb" testId="267a80d8-c8ab-b04e-fcbe-5527c199be3a" testName="PgSchemaExporter.Tests.DiagrammingTests.DotErRenderer_ProducesValidDigraph" computerName="WINDOWS-B6KIGK4" duration="00:00:00.0002571" startTime="2026-07-16T18:06:24.2803538+03:00" endTime="2026-07-16T18:06:24.2803539+03:00" testType="13cdc9d9-ddb5-4fa4-a97d-d965ccfc6d4b" outcome="Passed" testListId="8c84fa94-04c1-424b-9868-57a2d4851a1d" relativeResultsDirectory="d945e2f9-1752-459d-bf1b-9c6f1715d2cb" />
    <UnitTestResult executionId="f98c3683-d08e-431a-9b9d-79a4e08f0947" testId="f0fa9cee-afd2-f055-19f3-7f7afdb6405a" testName="PgSchemaExporter.Tests.DiagramDriftOptionsIntegrationTests.Drift_IgnoreCommentsAndWhitespace_ReportsNoDriftForCommentChange" computerName="WINDOWS-B6KIGK4" duration="00:00:00.1976422" startTime="2026-07-16T18:09:30.8618727+03:00" endTime="2026-07-16T18:09:30.8618729+03:00" testType="13cdc9d9-ddb5-4fa4-a97d-d965ccfc6d4b" outcome="Passed" testListId="8c84fa94-04c1-424b-9868-57a2d4851a1d" relativeResultsDirectory="f98c3683-d08e-431a-9b9d-79a4e08f0947" />
    <UnitTestResult executionId="7b2ceb37-b892-4858-947a-7e93cdaa7db6" testId="888a4b9e-b568-0fc4-9ae0-3f21dff60a41" testName="PgSchemaExporter.Tests.CliParserTests.ParseDiffOptions_InvalidFormat_Throws" computerName="WINDOWS-B6KIGK4" duration="00:00:00.0020724" startTime="2026-07-16T18:06:24.3563736+03:00" endTime="2026-07-16T18:06:24.3563741+03:00" testType="13cdc9d9-ddb5-4fa4-a97d-d965ccfc6d4b" outcome="Passed" testListId="8c84fa94-04c1-424b-9868-57a2d4851a1d" relativeResultsDirectory="7b2ceb37-b892-4858-947a-7e93cdaa7db6" />
    <UnitTestResult executionId="e0a9681b-2ae8-488e-8f9c-91574797c8ee" testId="774c5fd4-2d3d-6d61-6c09-dbc9265fb610" testName="PgSchemaExporter.Tests.PgDumpObjectClassifierTests.Classify_VariousStatements_MapsToExpectedType(sql: &quot;CREATE SEQUENCE public.seq START 1;&quot;, expectedType: Sequence, expectedSchema: &quot;public&quot;, expectedName: &quot;seq&quot;)" computerName="WINDOWS-B6KIGK4" duration="00:00:00.0000094" startTime="2026-07-16T18:06:24.3058659+03:00" endTime="2026-07-16T18:06:24.3058660+03:00" testType="13cdc9d9-ddb5-4fa4-a97d-d965ccfc6d4b" outcome="Passed" testListId="8c84fa94-04c1-424b-9868-57a2d4851a1d" relativeResultsDirectory="e0a9681b-2ae8-488e-8f9c-91574797c8ee" />
    <UnitTestResult executionId="da4bad4b-e1dc-4078-8dde-b644eca4bb74" testId="6d692a46-5de3-6f72-aca2-d55cad37cb68" testName="PgSchemaExporter.Tests.MigrationTimeoutTests.IsValid_AcceptsValidTimeouts(value: &quot;30s&quot;)" computerName="WINDOWS-B6KIGK4" duration="00:00:00.0000054" startTime="2026-07-16T18:06:24.2497113+03:00" endTime="2026-07-16T18:06:24.2497113+03:00" testType="13cdc9d9-ddb5-4fa4-a97d-d965ccfc6d4b" outcome="Passed" testListId="8c84fa94-04c1-424b-9868-57a2d4851a1d" relativeResultsDirectory="da4bad4b-e1dc-4078-8dde-b644eca4bb74" />
    <UnitTestResult executionId="16fcb00d-15e5-4192-b981-d804cc6a2c42" testId="0a21e3c4-32f6-9a8f-1790-9b5aae0b9827" testName="PgSchemaExporter.Tests.SchemaFileWriterFormatTests.SplitConstraintsAndIndexesFalse_InlinesIntoTableFile" computerName="WINDOWS-B6KIGK4" duration="00:00:00.0433235" startTime="2026-07-16T18:06:24.3344982+03:00" endTime="2026-07-16T18:06:24.3344983+03:00" testType="13cdc9d9-ddb5-4fa4-a97d-d965ccfc6d4b" outcome="Passed" testListId="8c84fa94-04c1-424b-9868-57a2d4851a1d" relativeResultsDirectory="16fcb00d-15e5-4192-b981-d804cc6a2c42" />
    <UnitTestResult executionId="a3e5ce17-787d-4fc9-bdec-eac98c6698ac" testId="e544f163-6530-9650-45bd-558b3f2d983d" testName="PgSchemaExporter.Tests.ScriptGeneratorTests.RuleScriptGenerator_ReturnsDefinition" computerName="WINDOWS-B6KIGK4" duration="00:00:00.0002446" startTime="2026-07-16T18:06:24.2651885+03:00" endTime="2026-07-16T18:06:24.2651886+03:00" testType="13cdc9d9-ddb5-4fa4-a97d-d965ccfc6d4b" outcome="Passed" testListId="8c84fa94-04c1-424b-9868-57a2d4851a1d" relativeResultsDirectory="a3e5ce17-787d-4fc9-bdec-eac98c6698ac" />
    <UnitTestResult executionId="dc042cfd-4e9d-48f1-9c3d-7b924e9f353e" testId="e1e165bd-dc82-ec71-ad1f-514f0ccf3d06" testName="PgSchemaExporter.Tests.DeploymentPlanBuilderTests.Build_OrdersFunctionsTriggersAndPoliciesAfterTheirDependencies" computerName="WINDOWS-B6KIGK4" duration="00:00:00.0065636" startTime="2026-07-16T18:06:24.2633480+03:00" endTime="2026-07-16T18:06:24.2633481+03:00" testType="13cdc9d9-ddb5-4fa4-a97d-d965ccfc6d4b" outcome="Passed" testListId="8c84fa94-04c1-424b-9868-57a2d4851a1d" relativeResultsDirectory="dc042cfd-4e9d-48f1-9c3d-7b924e9f353e" />
    <UnitTestResult executionId="37a0c8dc-796f-4a2e-ba8a-2bcab270a6e5" testId="347802e5-e1e2-b5ad-c36c-213ba7574ca5" testName="PgSchemaExporter.Tests.ExportOptionsIntegrationTests.UseIfNotExistsFalse_RemovesIfNotExists" computerName="WINDOWS-B6KIGK4" duration="00:00:00.0636475" startTime="2026-07-16T18:09:56.7814036+03:00" endTime="2026-07-16T18:09:56.7814038+03:00" testType="13cdc9d9-ddb5-4fa4-a97d-d965ccfc6d4b" outcome="Passed" testListId="8c84fa94-04c1-424b-9868-57a2d4851a1d" relativeResultsDirectory="37a0c8dc-796f-4a2e-ba8a-2bcab270a6e5" />
    <UnitTestResult executionId="fc94816b-c5d1-4044-a50b-081f07c114b3" testId="2b711af9-0d03-24ad-0c20-14b23f6ee99e" testName="PgSchemaExporter.Tests.CliEndToEndTests.DiffWorkflow_DirectoryToLiveDatabase" computerName="WINDOWS-B6KIGK4" duration="00:00:00.2346179" startTime="2026-07-16T18:06:32.4691072+03:00" endTime="2026-07-16T18:06:32.4691075+03:00" testType="13cdc9d9-ddb5-4fa4-a97d-d965ccfc6d4b" outcome="Passed" testListId="8c84fa94-04c1-424b-9868-57a2d4851a1d" relativeResultsDirectory="fc94816b-c5d1-4044-a50b-081f07c114b3" />
    <UnitTestResult executionId="ca2bf2e1-0123-4ea5-a202-1f08bdfd99dd" testId="2138d907-accb-ccd0-f1c5-891498307877" testName="PgSchemaExporter.Tests.MetadataObjectTypesIntegrationTests.LoadAsync_LoadsGrants" computerName="WINDOWS-B6KIGK4" duration="00:00:00.1106382" startTime="2026-07-16T18:10:20.0227378+03:00" endTime="2026-07-16T18:10:20.0227381+03:00" testType="13cdc9d9-ddb5-4fa4-a97d-d965ccfc6d4b" outcome="Passed" testListId="8c84fa94-04c1-424b-9868-57a2d4851a1d" relativeResultsDirectory="ca2bf2e1-0123-4ea5-a202-1f08bdfd99dd" />
    <UnitTestResult executionId="2322b99c-2fe2-4d80-ae86-d6697d6fe43f" testId="d987b455-5111-4377-4aef-0d177441f847" testName="PgSchemaExporter.Tests.ExportOptionsIntegrationTests.SplitIndexesFalse_InlinesIndexes" computerName="WINDOWS-B6KIGK4" duration="00:00:00.0595010" startTime="2026-07-16T18:10:00.0012611+03:00" endTime="2026-07-16T18:10:00.0012613+03:00" testType="13cdc9d9-ddb5-4fa4-a97d-d965ccfc6d4b" outcome="Passed" testListId="8c84fa94-04c1-424b-9868-57a2d4851a1d" relativeResultsDirectory="2322b99c-2fe2-4d80-ae86-d6697d6fe43f" />
    <UnitTestResult executionId="0a2ecb57-4ee5-4c07-a739-cb2fd801ecda" testId="c4eec3ba-d0be-3a78-ecf6-dd98489864b8" testName="PgSchemaExporter.Tests.CliParserV19Tests.ParseDiagramOptions_InfersFormatFromOutputExtension" computerName="WINDOWS-B6KIGK4" duration="00:00:00.0000994" startTime="2026-07-16T18:06:24.2476516+03:00" endTime="2026-07-16T18:06:24.2476516+03:00" testType="13cdc9d9-ddb5-4fa4-a97d-d965ccfc6d4b" outcome="Passed" testListId="8c84fa94-04c1-424b-9868-57a2d4851a1d" relativeResultsDirectory="0a2ecb57-4ee5-4c07-a739-cb2fd801ecda" />
    <UnitTestResult executionId="d4ef6491-1526-4c06-91b8-74bd45eb1a79" testId="c5ac2150-9380-b434-d3d8-952fe067863f" testName="PgSchemaExporter.Tests.ExportConfigLoaderIntegrationTests.LoadAsync_InvalidJson_ThrowsConfigValidationException" computerName="WINDOWS-B6KIGK4" duration="00:00:00.0127669" startTime="2026-07-16T18:06:24.4473084+03:00" endTime="2026-07-16T18:06:24.4473087+03:00" testType="13cdc9d9-ddb5-4fa4-a97d-d965ccfc6d4b" outcome="Passed" testListId="8c84fa94-04c1-424b-9868-57a2d4851a1d" relativeResultsDirectory="d4ef6491-1526-4c06-91b8-74bd45eb1a79" />
    <UnitTestResult executionId="4d6e4849-7bba-455b-a473-b8eb6d9b900d" testId="f06cf2e1-f9c9-48fb-2f1d-a4ff6b78c0ce" testName="PgSchemaExporter.Tests.ForeignTablesAndSubscriptionsIntegrationTests.LoadAsync_SubscriptionPermissionError_DoesNotFailEntireExport" computerName="WINDOWS-B6KIGK4" duration="00:00:00.1741422" startTime="2026-07-16T18:10:09.9882964+03:00" endTime="2026-07-16T18:10:09.9882971+03:00" testType="13cdc9d9-ddb5-4fa4-a97d-d965ccfc6d4b" outcome="Passed" testListId="8c84fa94-04c1-424b-9868-57a2d4851a1d" relativeResultsDirectory="4d6e4849-7bba-455b-a473-b8eb6d9b900d" />
    <UnitTestResult executionId="e60ee17e-eb3d-478b-9170-1abd94ee0619" testId="9975a318-d00e-0b2f-59ac-630dd0dea3af" testName="PgSchemaExporter.Tests.DiagramDriftFingerprintIntegrationTests.Drift_NoDrift_WhenSchemaMatches" computerName="WINDOWS-B6KIGK4" duration="00:00:00.1788147" startTime="2026-07-16T18:09:10.6905762+03:00" endTime="2026-07-16T18:09:10.6905765+03:00" testType="13cdc9d9-ddb5-4fa4-a97d-d965ccfc6d4b" outcome="Passed" testListId="8c84fa94-04c1-424b-9868-57a2d4851a1d" relativeResultsDirectory="e60ee17e-eb3d-478b-9170-1abd94ee0619" />
    <UnitTestResult executionId="d098e361-fcf4-496c-ba1d-b20bc226a591" testId="6547fd65-9906-d9ef-8f65-70fcb8fc6d1c" testName="PgSchemaExporter.Tests.PostgresMetadataProviderIntegrationTests.LoadAsync_ParallelMode_ProducesSameResultAsSequential" computerName="WINDOWS-B6KIGK4" duration="00:00:00.1565065" startTime="2026-07-16T18:11:28.5052186+03:00" endTime="2026-07-16T18:11:28.5052188+03:00" testType="13cdc9d9-ddb5-4fa4-a97d-d965ccfc6d4b" outcome="Passed" testListId="8c84fa94-04c1-424b-9868-57a2d4851a1d" relativeResultsDirectory="d098e361-fcf4-496c-ba1d-b20bc226a591" />
    <UnitTestResult executionId="d7bb9c0b-420d-48de-87ac-ab7b8eb108f9" testId="5bea105b-f979-b56e-7a35-01c1c31f08c4" testName="PgSchemaExporter.Tests.ScriptGeneratorTests.SubscriptionScriptGenerator_ReturnsDefinition" computerName="WINDOWS-B6KIGK4" duration="00:00:00.0002301" startTime="2026-07-16T18:06:24.2640433+03:00" endTime="2026-07-16T18:06:24.2640434+03:00" testType="13cdc9d9-ddb5-4fa4-a97d-d965ccfc6d4b" outcome="Passed" testListId="8c84fa94-04c1-424b-9868-57a2d4851a1d" relativeResultsDirectory="d7bb9c0b-420d-48de-87ac-ab7b8eb108f9" />
    <UnitTestResult executionId="1bd06da0-21bb-4a3e-a61b-bdaff45770e9" testId="58fbf526-e09c-408b-fd5a-8f897dbe4638" testName="PgSchemaExporter.Tests.PostgresMetadataProviderIntegrationTests.LoadAsync_WithExcludeSchemas_ExcludesSpecifiedSchemas" computerName="WINDOWS-B6KIGK4" duration="00:00:00.3093952" startTime="2026-07-16T18:11:31.9828836+03:00" endTime="2026-07-16T18:11:31.9828840+03:00" testType="13cdc9d9-ddb5-4fa4-a97d-d965ccfc6d4b" outcome="Passed" testListId="8c84fa94-04c1-424b-9868-57a2d4851a1d" relativeResultsDirectory="1bd06da0-21bb-4a3e-a61b-bdaff45770e9" />
    <UnitTestResult executionId="447695e1-ea34-4173-be02-1d361d92be6d" testId="ec084bfc-ae53-1c77-43e2-79e0bf36290d" testName="PgSchemaExporter.Tests.CliIntegrationTests.DiffCommand_DetectsAddedTable" computerName="WINDOWS-B6KIGK4" duration="00:00:00.1046755" startTime="2026-07-16T18:07:34.5785876+03:00" endTime="2026-07-16T18:07:34.5785878+03:00" testType="13cdc9d9-ddb5-4fa4-a97d-d965ccfc6d4b" outcome="Passed" testListId="8c84fa94-04c1-424b-9868-57a2d4851a1d" relativeResultsDirectory="447695e1-ea34-4173-be02-1d361d92be6d" />
    <UnitTestResult executionId="160c7103-c2bd-48f3-a479-8b028c366ab1" testId="0e6a1312-e377-9813-3331-19b033b21b09" testName="PgSchemaExporter.Tests.CliIntegrationTests.InitCommand_CreatesConfigTemplate" computerName="WINDOWS-B6KIGK4" duration="00:00:00.1462358" startTime="2026-07-16T18:07:46.7448987+03:00" endTime="2026-07-16T18:07:46.7448992+03:00" testType="13cdc9d9-ddb5-4fa4-a97d-d965ccfc6d4b" outcome="Passed" testListId="8c84fa94-04c1-424b-9868-57a2d4851a1d" relativeResultsDirectory="160c7103-c2bd-48f3-a479-8b028c366ab1" />
    <UnitTestResult executionId="8bc39509-191e-4a19-9da1-0e2be4105fd5" testId="d030cae3-dd7c-7418-c4e3-dbbebb009a90" testName="PgSchemaExporter.Tests.MigrationTimeoutTests.IsValid_AcceptsValidTimeouts(value: &quot;500ms&quot;)" computerName="WINDOWS-B6KIGK4" duration="00:00:00.0000052" startTime="2026-07-16T18:06:24.2496725+03:00" endTime="2026-07-16T18:06:24.2496726+03:00" testType="13cdc9d9-ddb5-4fa4-a97d-d965ccfc6d4b" outcome="Passed" testListId="8c84fa94-04c1-424b-9868-57a2d4851a1d" relativeResultsDirectory="8bc39509-191e-4a19-9da1-0e2be4105fd5" />
    <UnitTestResult executionId="a9cd5384-2c39-4476-806a-b992c50db50c" testId="48fad4f9-2ab5-c1d8-4ae2-03b87f5267ed" testName="PgSchemaExporter.Tests.MigrationApplierTests.ApplyAsync_SafePlan_SkipsDestructiveStatements" computerName="WINDOWS-B6KIGK4" duration="00:00:00.0088273" startTime="2026-07-16T18:06:24.2545697+03:00" endTime="2026-07-16T18:06:24.2545697+03:00" testType="13cdc9d9-ddb5-4fa4-a97d-d965ccfc6d4b" outcome="Passed" testListId="8c84fa94-04c1-424b-9868-57a2d4851a1d" relativeResultsDirectory="a9cd5384-2c39-4476-806a-b992c50db50c" />
    <UnitTestResult executionId="916bf969-46bd-4a3d-9279-c79cb280ed24" testId="be339d99-ff98-1669-daba-176f73013488" testName="PgSchemaExporter.Tests.MigrationGeneratorTests.Generate_ChangedView_UsesReplaceStrategy" computerName="WINDOWS-B6KIGK4" duration="00:00:00.0092640" startTime="2026-07-16T18:06:24.2625918+03:00" endTime="2026-07-16T18:06:24.2625918+03:00" testType="13cdc9d9-ddb5-4fa4-a97d-d965ccfc6d4b" outcome="Passed" testListId="8c84fa94-04c1-424b-9868-57a2d4851a1d" relativeResultsDirectory="916bf969-46bd-4a3d-9279-c79cb280ed24" />
    <UnitTestResult executionId="8fd7ed19-d46e-4f81-8543-7a0fb065ed00" testId="87c91f01-36cd-4ba5-717f-d7efd2d58ecd" testName="PgSchemaExporter.Tests.OptionsValidationIntegrationTests.MigrationTimeout_IsValid_AcceptsValidTimeouts" computerName="WINDOWS-B6KIGK4" duration="00:00:00.0000974" startTime="2026-07-16T18:06:24.2679469+03:00" endTime="2026-07-16T18:06:24.2679470+03:00" testType="13cdc9d9-ddb5-4fa4-a97d-d965ccfc6d4b" outcome="Passed" testListId="8c84fa94-04c1-424b-9868-57a2d4851a1d" relativeResultsDirectory="8fd7ed19-d46e-4f81-8543-7a0fb065ed00" />
    <UnitTestResult executionId="9a4212c6-9f5d-4119-b523-4b882dcdfc24" testId="b388fff2-4407-b0e1-7182-cedeb0f4fcae" testName="PgSchemaExporter.Tests.DumpSplittingTests.Splitter_DoesNotSplitOnSemicolonInsideStringLiteral" computerName="WINDOWS-B6KIGK4" duration="00:00:00.0001547" startTime="2026-07-16T18:06:24.2899959+03:00" endTime="2026-07-16T18:06:24.2899960+03:00" testType="13cdc9d9-ddb5-4fa4-a97d-d965ccfc6d4b" outcome="Passed" testListId="8c84fa94-04c1-424b-9868-57a2d4851a1d" relativeResultsDirectory="9a4212c6-9f5d-4119-b523-4b882dcdfc24" />
    <UnitTestResult executionId="3fb52afc-0e84-43d6-bfc1-f2fe17f92fa5" testId="44817240-9ab7-5962-09bc-a1ba26444d44" testName="PgSchemaExporter.Tests.CliParserV17Tests.ParseFingerprintOptions_UnknownArgument_Throws" computerName="WINDOWS-B6KIGK4" duration="00:00:00.0001711" startTime="2026-07-16T18:06:24.3621295+03:00" endTime="2026-07-16T18:06:24.3621296+03:00" testType="13cdc9d9-ddb5-4fa4-a97d-d965ccfc6d4b" outcome="Passed" testListId="8c84fa94-04c1-424b-9868-57a2d4851a1d" relativeResultsDirectory="3fb52afc-0e84-43d6-bfc1-f2fe17f92fa5" />
    <UnitTestResult executionId="f1676bbb-badb-4510-8a0a-504bc482cdba" testId="8ebaff17-1bec-9b9f-1c5d-10877c0e23a2" testName="PgSchemaExporter.Tests.DryRunExportTests.NormalRun_WritesFiles" computerName="WINDOWS-B6KIGK4" duration="00:00:00.1039944" startTime="2026-07-16T18:06:24.3436292+03:00" endTime="2026-07-16T18:06:24.3436294+03:00" testType="13cdc9d9-ddb5-4fa4-a97d-d965ccfc6d4b" outcome="Passed" testListId="8c84fa94-04c1-424b-9868-57a2d4851a1d" relativeResultsDirectory="f1676bbb-badb-4510-8a0a-504bc482cdba" />
    <UnitTestResult executionId="1c8bb345-01ca-4528-ac79-af579efc49fa" testId="c5beecff-6e2c-8485-61c4-1287529a0a92" testName="PgSchemaExporter.Tests.ColumnMigrationIntegrationTests.ColumnCollationChange_ApplyUpChangesCollation" computerName="WINDOWS-B6KIGK4" duration="00:00:00.0507584" startTime="2026-07-16T18:08:47.4066441+03:00" endTime="2026-07-16T18:08:47.4066446+03:00" testType="13cdc9d9-ddb5-4fa4-a97d-d965ccfc6d4b" outcome="Passed" testListId="8c84fa94-04c1-424b-9868-57a2d4851a1d" relativeResultsDirectory="1c8bb345-01ca-4528-ac79-af579efc49fa" />
    <UnitTestResult executionId="c08c6291-728e-4b03-ba50-040a94541ea7" testId="8e9886e9-1583-8d90-0733-2f49fde58430" testName="PgSchemaExporter.Tests.MigrationTimeoutTests.EnsureValid_NullOrEmpty_DoesNotThrow" computerName="WINDOWS-B6KIGK4" duration="00:00:00.0000472" startTime="2026-07-16T18:06:24.2507747+03:00" endTime="2026-07-16T18:06:24.2507748+03:00" testType="13cdc9d9-ddb5-4fa4-a97d-d965ccfc6d4b" outcome="Passed" testListId="8c84fa94-04c1-424b-9868-57a2d4851a1d" relativeResultsDirectory="c08c6291-728e-4b03-ba50-040a94541ea7" />
    <UnitTestResult executionId="d6d6c8a8-1b6d-4006-a9f0-f2ef1499b6ef" testId="9e6a9fa1-cf15-f6cc-e606-05d345629921" testName="PgSchemaExporter.Tests.MigrationPlanTests.PlanFile_RoundTrips" computerName="WINDOWS-B6KIGK4" duration="00:00:00.0711447" startTime="2026-07-16T18:06:24.3284260+03:00" endTime="2026-07-16T18:06:24.3284262+03:00" testType="13cdc9d9-ddb5-4fa4-a97d-d965ccfc6d4b" outcome="Passed" testListId="8c84fa94-04c1-424b-9868-57a2d4851a1d" relativeResultsDirectory="d6d6c8a8-1b6d-4006-a9f0-f2ef1499b6ef" />
    <UnitTestResult executionId="9e02dee0-99a8-415d-bd13-24c0efe7cdb8" testId="3a96ffdb-b717-b56f-db14-e39eb145c984" testName="PgSchemaExporter.Tests.OnlineDdlRewriterTests.Rewrite_CreateIndex_AddsConcurrentlyAndFlags" computerName="WINDOWS-B6KIGK4" duration="00:00:00.0019695" startTime="2026-07-16T18:06:24.2624124+03:00" endTime="2026-07-16T18:06:24.2624125+03:00" testType="13cdc9d9-ddb5-4fa4-a97d-d965ccfc6d4b" outcome="Passed" testListId="8c84fa94-04c1-424b-9868-57a2d4851a1d" relativeResultsDirectory="9e02dee0-99a8-415d-bd13-24c0efe7cdb8" />
    <UnitTestResult executionId="166263b0-c501-4453-8565-5d8ae00c15ab" testId="b95ebc0e-7fa1-7f7b-ef23-d20cc15ec39c" testName="PgSchemaExporter.Tests.SqlDropBuilderTests.BuildDrop_Table_Only_IsIgnored" computerName="WINDOWS-B6KIGK4" duration="00:00:00.0000947" startTime="2026-07-16T18:06:24.2543692+03:00" endTime="2026-07-16T18:06:24.2543692+03:00" testType="13cdc9d9-ddb5-4fa4-a97d-d965ccfc6d4b" outcome="Passed" testListId="8c84fa94-04c1-424b-9868-57a2d4851a1d" relativeResultsDirectory="166263b0-c501-4453-8565-5d8ae00c15ab" />
    <UnitTestResult executionId="bf75e305-9c45-4e3a-8b4e-173a4590d15e" testId="271453bb-1b6c-6f17-b788-e6f370cf094b" testName="PgSchemaExporter.Tests.CliParserV17Tests.ParseDriftOptions_ShortAliases_Work" computerName="WINDOWS-B6KIGK4" duration="00:00:00.0023203" startTime="2026-07-16T18:06:24.3540611+03:00" endTime="2026-07-16T18:06:24.3540615+03:00" testType="13cdc9d9-ddb5-4fa4-a97d-d965ccfc6d4b" outcome="Passed" testListId="8c84fa94-04c1-424b-9868-57a2d4851a1d" relativeResultsDirectory="bf75e305-9c45-4e3a-8b4e-173a4590d15e" />
    <UnitTestResult executionId="10448268-45e4-4a2f-80a6-d85cb0fad16a" testId="7b89ba7a-1877-ecbd-e262-248ab067a0d2" testName="PgSchemaExporter.Tests.SchemaFingerprintCompareTests.CompareFiles_DetectsAddedRemovedModified" computerName="WINDOWS-B6KIGK4" duration="00:00:00.0095056" startTime="2026-07-16T18:06:24.2539169+03:00" endTime="2026-07-16T18:06:24.2539169+03:00" testType="13cdc9d9-ddb5-4fa4-a97d-d965ccfc6d4b" outcome="Passed" testListId="8c84fa94-04c1-424b-9868-57a2d4851a1d" relativeResultsDirectory="10448268-45e4-4a2f-80a6-d85cb0fad16a" />
    <UnitTestResult executionId="66a95186-e15a-450a-8555-95579da04516" testId="acd5c2e6-4004-5a06-8b95-0e034fd4393c" testName="PgSchemaExporter.Tests.CliParserTests.ParseDiffOptions_WithSchemas_ParsesCorrectly" computerName="WINDOWS-B6KIGK4" duration="00:00:00.0005896" startTime="2026-07-16T18:06:24.3620366+03:00" endTime="2026-07-16T18:06:24.3620366+03:00" testType="13cdc9d9-ddb5-4fa4-a97d-d965ccfc6d4b" outcome="Passed" testListId="8c84fa94-04c1-424b-9868-57a2d4851a1d" relativeResultsDirectory="66a95186-e15a-450a-8555-95579da04516" />
    <UnitTestResult executionId="2a450ddd-b25c-44b0-aac2-7b67e91f518a" testId="22e010a4-729c-8e1b-0ab2-064dab5b9503" testName="PgSchemaExporter.Tests.SchemaDifferTests.DiffOptions_AcceptsLeftDb" computerName="WINDOWS-B6KIGK4" duration="00:00:00.0019897" startTime="2026-07-16T18:06:24.4503365+03:00" endTime="2026-07-16T18:06:24.4503374+03:00" testType="13cdc9d9-ddb5-4fa4-a97d-d965ccfc6d4b" outcome="Passed" testListId="8c84fa94-04c1-424b-9868-57a2d4851a1d" relativeResultsDirectory="2a450ddd-b25c-44b0-aac2-7b67e91f518a" />
    <UnitTestResult executionId="00d3d4e7-e496-45c6-b138-5f24c1a5cae5" testId="3a3d280b-af3c-bf41-136f-7402e264cc04" testName="PgSchemaExporter.Tests.MigrationGeneratorTests.Generate_DefaultChange_EmitsSetAndRestoreDefault" computerName="WINDOWS-B6KIGK4" duration="00:00:00.0089856" startTime="2026-07-16T18:06:24.3292774+03:00" endTime="2026-07-16T18:06:24.3292776+03:00" testType="13cdc9d9-ddb5-4fa4-a97d-d965ccfc6d4b" outcome="Passed" testListId="8c84fa94-04c1-424b-9868-57a2d4851a1d" relativeResultsDirectory="00d3d4e7-e496-45c6-b138-5f24c1a5cae5" />
    <UnitTestResult executionId="aa3983b0-4d11-446b-8c80-c3bbe2c635d1" testId="1dfbe4c7-1772-e953-aaf2-85b3445d33d4" testName="PgSchemaExporter.Tests.MigrationGeneratorTests.Generate_NoChanges_ProducesEmptyScript" computerName="WINDOWS-B6KIGK4" duration="00:00:00.0095949" startTime="2026-07-16T18:06:24.2931608+03:00" endTime="2026-07-16T18:06:24.2931611+03:00" testType="13cdc9d9-ddb5-4fa4-a97d-d965ccfc6d4b" outcome="Passed" testListId="8c84fa94-04c1-424b-9868-57a2d4851a1d" relativeResultsDirectory="aa3983b0-4d11-446b-8c80-c3bbe2c635d1" />
    <UnitTestResult executionId="882c242c-b4f6-4d5c-a4b6-a2c417d815f2" testId="a62d688a-7939-d2f8-9a15-a7dbe4fce9d8" testName="PgSchemaExporter.Tests.CliParserV18Tests.ParseApplyOptions_ShortAliases" computerName="WINDOWS-B6KIGK4" duration="00:00:00.0002055" startTime="2026-07-16T18:06:24.2474149+03:00" endTime="2026-07-16T18:06:24.2474150+03:00" testType="13cdc9d9-ddb5-4fa4-a97d-d965ccfc6d4b" outcome="Passed" testListId="8c84fa94-04c1-424b-9868-57a2d4851a1d" relativeResultsDirectory="882c242c-b4f6-4d5c-a4b6-a2c417d815f2" />
    <UnitTestResult executionId="4b3e593f-0031-4f28-b9d4-40e4cd0d6e9d" testId="9ed3702d-f391-1b52-5a1f-827dbea7a57d" testName="PgSchemaExporter.Tests.DumpSplittingTests.Classifier_IdentifiesObjectKinds(statement: &quot;CREATE UNLOGGED TABLE app.cache (k text);&quot;, expectedType: Table, expectedSchema: &quot;app&quot;, expectedName: &quot;cache&quot;)" computerName="WINDOWS-B6KIGK4" duration="00:00:00.0592813" startTime="2026-07-16T18:06:24.2626452+03:00" endTime="2026-07-16T18:06:24.2626452+03:00" testType="13cdc9d9-ddb5-4fa4-a97d-d965ccfc6d4b" outcome="Passed" testListId="8c84fa94-04c1-424b-9868-57a2d4851a1d" relativeResultsDirectory="4b3e593f-0031-4f28-b9d4-40e4cd0d6e9d" />
    <UnitTestResult executionId="17f8c75d-18ee-4aae-893d-d877ce5aa43d" testId="e4183532-ba2b-3e23-d6b4-b4135dfcd8aa" testName="PgSchemaExporter.Tests.CliParserV17Tests.ParseDriftOptions_ExplicitFormatWins" computerName="WINDOWS-B6KIGK4" duration="00:00:00.0054691" startTime="2026-07-16T18:06:24.3599051+03:00" endTime="2026-07-16T18:06:24.3599051+03:00" testType="13cdc9d9-ddb5-4fa4-a97d-d965ccfc6d4b" outcome="Passed" testListId="8c84fa94-04c1-424b-9868-57a2d4851a1d" relativeResultsDirectory="17f8c75d-18ee-4aae-893d-d877ce5aa43d" />
    <UnitTestResult executionId="cb997f51-c6f3-42f6-a8bc-c3d0186b34ef" testId="17b51fa2-ed63-d5ad-9f6f-d25554cfdf9b" testName="PgSchemaExporter.Tests.MigrationHistoryTests.Append_RecordsDestructiveFlag" computerName="WINDOWS-B6KIGK4" duration="00:00:00.0331847" startTime="2026-07-16T18:06:24.4352681+03:00" endTime="2026-07-16T18:06:24.4352685+03:00" testType="13cdc9d9-ddb5-4fa4-a97d-d965ccfc6d4b" outcome="Passed" testListId="8c84fa94-04c1-424b-9868-57a2d4851a1d" relativeResultsDirectory="cb997f51-c6f3-42f6-a8bc-c3d0186b34ef" />
    <UnitTestResult executionId="cb2dd22b-7583-4ecb-8c40-090d51669196" testId="f0b96814-d9e6-89d7-61b0-6b437340c28b" testName="PgSchemaExporter.Tests.TableDefinitionParserTests.Parse_EmptyOrInvalidSql_ReturnsNull" computerName="WINDOWS-B6KIGK4" duration="00:00:00.0000466" startTime="2026-07-16T18:06:24.2538196+03:00" endTime="2026-07-16T18:06:24.2538197+03:00" testType="13cdc9d9-ddb5-4fa4-a97d-d965ccfc6d4b" outcome="Passed" testListId="8c84fa94-04c1-424b-9868-57a2d4851a1d" relativeResultsDirectory="cb2dd22b-7583-4ecb-8c40-090d51669196" />
    <UnitTestResult executionId="e915efa0-6ef0-4fba-b687-26b0c300a592" testId="a3191d81-5b95-3902-be46-a2e6720bfcec" testName="PgSchemaExporter.Tests.CliIntegrationTests.ExportCommand_WithConfig_CreatesSchemaFiles" computerName="WINDOWS-B6KIGK4" duration="00:00:00.7093315" startTime="2026-07-16T18:08:09.3725173+03:00" endTime="2026-07-16T18:08:09.3725175+03:00" testType="13cdc9d9-ddb5-4fa4-a97d-d965ccfc6d4b" outcome="Passed" testListId="8c84fa94-04c1-424b-9868-57a2d4851a1d" relativeResultsDirectory="e915efa0-6ef0-4fba-b687-26b0c300a592" />
    <UnitTestResult executionId="20c3e5fe-0a06-445f-b53e-e77ca36fe724" testId="72e739cb-cd13-70b3-7238-d88a0d22de63" testName="PgSchemaExporter.Tests.CliParserTests.ParseDiffOptions_EmptySchemas_Throws" computerName="WINDOWS-B6KIGK4" duration="00:00:00.0001949" startTime="2026-07-16T18:06:24.3614244+03:00" endTime="2026-07-16T18:06:24.3614245+03:00" testType="13cdc9d9-ddb5-4fa4-a97d-d965ccfc6d4b" outcome="Passed" testListId="8c84fa94-04c1-424b-9868-57a2d4851a1d" relativeResultsDirectory="20c3e5fe-0a06-445f-b53e-e77ca36fe724" />
    <UnitTestResult executionId="2155ea94-dce9-4c4b-8ef8-7128b1b58dfe" testId="2e88c25b-4d16-ccc1-370e-26f2ea5840b9" testName="PgSchemaExporter.Tests.SqlStatementSplitterTests.Split_StatementWithoutSemicolon_ReturnsTail" computerName="WINDOWS-B6KIGK4" duration="00:00:00.0015172" startTime="2026-07-16T18:06:24.2513219+03:00" endTime="2026-07-16T18:06:24.2513219+03:00" testType="13cdc9d9-ddb5-4fa4-a97d-d965ccfc6d4b" outcome="Passed" testListId="8c84fa94-04c1-424b-9868-57a2d4851a1d" relativeResultsDirectory="2155ea94-dce9-4c4b-8ef8-7128b1b58dfe" />
    <UnitTestResult executionId="59404f94-bee8-4f77-a873-8a77eb62bc66" testId="d166655f-e0ac-f97f-c2a9-db02b20b2eaf" testName="PgSchemaExporter.Tests.MigrationRenderTests.RenderUp_WithStatementTimeout_EmitsSetStatementTimeout" computerName="WINDOWS-B6KIGK4" duration="00:00:00.0001101" startTime="2026-07-16T18:06:24.2659219+03:00" endTime="2026-07-16T18:06:24.2659220+03:00" testType="13cdc9d9-ddb5-4fa4-a97d-d965ccfc6d4b" outcome="Passed" testListId="8c84fa94-04c1-424b-9868-57a2d4851a1d" relativeResultsDirectory="59404f94-bee8-4f77-a873-8a77eb62bc66" />
    <UnitTestResult executionId="b05608c3-423a-4922-814c-18ca4ce75c05" testId="eaad88c0-3eae-50c0-2a22-893752cc9ce4" testName="PgSchemaExporter.Tests.FriendlyErrorTests.Describe_UnknownException_HasNoSuggestion" computerName="WINDOWS-B6KIGK4" duration="00:00:00.0000679" startTime="2026-07-16T18:06:24.3186534+03:00" endTime="2026-07-16T18:06:24.3186536+03:00" testType="13cdc9d9-ddb5-4fa4-a97d-d965ccfc6d4b" outcome="Passed" testListId="8c84fa94-04c1-424b-9868-57a2d4851a1d" relativeResultsDirectory="b05608c3-423a-4922-814c-18ca4ce75c05" />
    <UnitTestResult executionId="749acd2a-52ea-446f-aa44-406aa5efb4c1" testId="d7f8ee26-ce5e-5384-9b06-87a79b376f6b" testName="PgSchemaExporter.Tests.SchemaFingerprintTests.FingerprintFile_Read_MissingFile_Throws" computerName="WINDOWS-B6KIGK4" duration="00:00:00.0020019" startTime="2026-07-16T18:06:24.4038804+03:00" endTime="2026-07-16T18:06:24.4038807+03:00" testType="13cdc9d9-ddb5-4fa4-a97d-d965ccfc6d4b" outcome="Passed" testListId="8c84fa94-04c1-424b-9868-57a2d4851a1d" relativeResultsDirectory="749acd2a-52ea-446f-aa44-406aa5efb4c1" />
    <UnitTestResult executionId="4b722c1f-0067-48c2-a552-a47a77e40934" testId="fc52abb7-be35-57eb-7587-26a65f6bb084" testName="PgSchemaExporter.Tests.OptionsValidationIntegrationTests.DiagramOptions_EnsureValid_MissingDirectory_ThrowsDirectoryNotFoundException" computerName="WINDOWS-B6KIGK4" duration="00:00:00.0001858" startTime="2026-07-16T18:06:24.2710492+03:00" endTime="2026-07-16T18:06:24.2710493+03:00" testType="13cdc9d9-ddb5-4fa4-a97d-d965ccfc6d4b" outcome="Passed" testListId="8c84fa94-04c1-424b-9868-57a2d4851a1d" relativeResultsDirectory="4b722c1f-0067-48c2-a552-a47a77e40934" />
    <UnitTestResult executionId="5b7af22e-4893-4cb7-9b2f-63fe263d3503" testId="a7900873-49ac-644c-2be3-301c92be1e4d" testName="PgSchemaExporter.Tests.PgDumpObjectClassifierTests.Classify_VariousStatements_MapsToExpectedType(sql: &quot;CREATE POLICY pol ON public.t FOR SELECT USING (tr&quot;···, expectedType: Policy, expectedSchema: &quot;policies&quot;, expectedName: &quot;pol&quot;)" computerName="WINDOWS-B6KIGK4" duration="00:00:00.0998551" startTime="2026-07-16T18:06:24.3023301+03:00" endTime="2026-07-16T18:06:24.3023302+03:00" testType="13cdc9d9-ddb5-4fa4-a97d-d965ccfc6d4b" outcome="Passed" testListId="8c84fa94-04c1-424b-9868-57a2d4851a1d" relativeResultsDirectory="5b7af22e-4893-4cb7-9b2f-63fe263d3503" />
    <UnitTestResult executionId="c6add52b-e2a5-478a-8c12-66dd83607794" testId="e7eabfc9-3431-aab8-997e-f7ca72e621ce" testName="PgSchemaExporter.Tests.CliEndToEndTests.DiffWorkflow_DirectoryToDirectory" computerName="WINDOWS-B6KIGK4" duration="00:00:00.1558709" startTime="2026-07-16T18:07:02.6153831+03:00" endTime="2026-07-16T18:07:02.6153834+03:00" testType="13cdc9d9-ddb5-4fa4-a97d-d965ccfc6d4b" outcome="Passed" testListId="8c84fa94-04c1-424b-9868-57a2d4851a1d" relativeResultsDirectory="c6add52b-e2a5-478a-8c12-66dd83607794" />
    <UnitTestResult executionId="f5db52da-5781-4493-842f-538192472a1c" testId="48490392-604a-8ea4-3d6f-9d64e6acd878" testName="PgSchemaExporter.Tests.DumpSplitterTests.SplitAsync_SkipDeployScript_DoesNotWriteDeploySql" computerName="WINDOWS-B6KIGK4" duration="00:00:00.0778832" startTime="2026-07-16T18:06:24.3320283+03:00" endTime="2026-07-16T18:06:24.3320286+03:00" testType="13cdc9d9-ddb5-4fa4-a97d-d965ccfc6d4b" outcome="Passed" testListId="8c84fa94-04c1-424b-9868-57a2d4851a1d" relativeResultsDirectory="f5db52da-5781-4493-842f-538192472a1c" />
    <UnitTestResult executionId="b3849444-172e-4005-8029-9f487bb05d94" testId="8af7aa96-8d38-e1b0-8c4f-90c528d84677" testName="PgSchemaExporter.Tests.ForeignTablesAndSubscriptionsIntegrationTests.LoadAsync_LoadsForeignTables" computerName="WINDOWS-B6KIGK4" duration="00:00:00.1375551" startTime="2026-07-16T18:10:16.8042773+03:00" endTime="2026-07-16T18:10:16.8042776+03:00" testType="13cdc9d9-ddb5-4fa4-a97d-d965ccfc6d4b" outcome="Passed" testListId="8c84fa94-04c1-424b-9868-57a2d4851a1d" relativeResultsDirectory="b3849444-172e-4005-8029-9f487bb05d94" />
    <UnitTestResult executionId="18cfb60f-a0e4-4429-980e-2b6a5095b49e" testId="da98197a-4237-bdeb-c7de-91db16b43375" testName="PgSchemaExporter.Tests.CliIntegrationTests.HelpFlag_PrintsUsage" computerName="WINDOWS-B6KIGK4" duration="00:00:00.0761840" startTime="2026-07-16T18:08:20.6155395+03:00" endTime="2026-07-16T18:08:20.6155399+03:00" testType="13cdc9d9-ddb5-4fa4-a97d-d965ccfc6d4b" outcome="Passed" testListId="8c84fa94-04c1-424b-9868-57a2d4851a1d" relativeResultsDirectory="18cfb60f-a0e4-4429-980e-2b6a5095b49e" />
    <UnitTestResult executionId="56130d69-f77d-4a1c-af86-14acba61042b" testId="97264f93-436c-c1bc-1f25-455dda0110e6" testName="PgSchemaExporter.Tests.ColumnMigrationIntegrationTests.ColumnTypeChange_ApplyUpChangesType" computerName="WINDOWS-B6KIGK4" duration="00:00:00.0588543" startTime="2026-07-16T18:08:40.8473332+03:00" endTime="2026-07-16T18:08:40.8473335+03:00" testType="13cdc9d9-ddb5-4fa4-a97d-d965ccfc6d4b" outcome="Passed" testListId="8c84fa94-04c1-424b-9868-57a2d4851a1d" relativeResultsDirectory="56130d69-f77d-4a1c-af86-14acba61042b" />
    <UnitTestResult executionId="9d621ee8-e0ea-4a4f-8c5d-20695b3e5fa4" testId="b0d2b8d3-243f-0cd6-640e-9c5d9d980ae8" testName="PgSchemaExporter.Tests.ProgramIntegrationTests.Fingerprint_Verify_MatchesStoredFingerprint" computerName="WINDOWS-B6KIGK4" duration="00:00:00.3788018" startTime="2026-07-16T18:06:25.5905846+03:00" endTime="2026-07-16T18:06:25.5905849+03:00" testType="13cdc9d9-ddb5-4fa4-a97d-d965ccfc6d4b" outcome="Passed" testListId="8c84fa94-04c1-424b-9868-57a2d4851a1d" relativeResultsDirectory="9d621ee8-e0ea-4a4f-8c5d-20695b3e5fa4" />
    <UnitTestResult executionId="646dfb8d-53ce-4d48-a45e-4910390304a4" testId="eddaf0b7-dc4e-3741-eb26-8fe707ed7214" testName="PgSchemaExporter.Tests.DomainAndForeignTableTests.Generate_EmitsForeignTableDefinition" computerName="WINDOWS-B6KIGK4" duration="00:00:00.0042381" startTime="2026-07-16T18:06:24.2462391+03:00" endTime="2026-07-16T18:06:24.2462392+03:00" testType="13cdc9d9-ddb5-4fa4-a97d-d965ccfc6d4b" outcome="Passed" testListId="8c84fa94-04c1-424b-9868-57a2d4851a1d" relativeResultsDirectory="646dfb8d-53ce-4d48-a45e-4910390304a4" />
    <UnitTestResult executionId="dc3740b9-171d-4142-b7ce-cb12cdea7380" testId="5ee4bd1e-b462-a8c4-3526-fd847bde63b3" testName="PgSchemaExporter.Tests.CliIntegrationTests.ProfileFlag_PrintsTimingSummary" computerName="WINDOWS-B6KIGK4" duration="00:00:00.6907904" startTime="2026-07-16T18:07:24.2390969+03:00" endTime="2026-07-16T18:07:24.2390973+03:00" testType="13cdc9d9-ddb5-4fa4-a97d-d965ccfc6d4b" outcome="Passed" testListId="8c84fa94-04c1-424b-9868-57a2d4851a1d" relativeResultsDirectory="dc3740b9-171d-4142-b7ce-cb12cdea7380" />
    <UnitTestResult executionId="93b1df13-0ba9-4346-8d43-78c9d654023d" testId="94127e73-788f-4ba6-6457-1f5d2a320e04" testName="PgSchemaExporter.Tests.ConsoleLoggerTests.Log_Verbose_WritesDebug" computerName="WINDOWS-B6KIGK4" duration="00:00:00.0026333" startTime="2026-07-16T18:06:24.2614605+03:00" endTime="2026-07-16T18:06:24.2614606+03:00" testType="13cdc9d9-ddb5-4fa4-a97d-d965ccfc6d4b" outcome="Passed" testListId="8c84fa94-04c1-424b-9868-57a2d4851a1d" relativeResultsDirectory="93b1df13-0ba9-4346-8d43-78c9d654023d" />
    <UnitTestResult executionId="257eb81d-1749-431d-8844-b1ac5d98692d" testId="33776fcd-f953-0fcd-4d6c-46fe78368e5f" testName="PgSchemaExporter.Tests.OnlineDdlRewriterTests.Rewrite_NonIndexStatements_Unchanged" computerName="WINDOWS-B6KIGK4" duration="00:00:00.0001180" startTime="2026-07-16T18:06:24.2625301+03:00" endTime="2026-07-16T18:06:24.2625302+03:00" testType="13cdc9d9-ddb5-4fa4-a97d-d965ccfc6d4b" outcome="Passed" testListId="8c84fa94-04c1-424b-9868-57a2d4851a1d" relativeResultsDirectory="257eb81d-1749-431d-8844-b1ac5d98692d" />
    <UnitTestResult executionId="c49dd6c2-eb43-470c-89bc-7f6398b00001" testId="fadfc23a-3767-da38-b5a8-6edf010ac1d9" testName="PgSchemaExporter.Tests.DumpSplitterIntegrationTests.SplitAsync_MissingInput_ThrowsFileNotFoundException" computerName="WINDOWS-B6KIGK4" duration="00:00:00.0023258" startTime="2026-07-16T18:06:24.3887446+03:00" endTime="2026-07-16T18:06:24.3887450+03:00" testType="13cdc9d9-ddb5-4fa4-a97d-d965ccfc6d4b" outcome="Passed" testListId="8c84fa94-04c1-424b-9868-57a2d4851a1d" relativeResultsDirectory="c49dd6c2-eb43-470c-89bc-7f6398b00001" />
    <UnitTestResult executionId="106a9ff9-1283-4512-aefc-fe22473b02e4" testId="94e53804-4b53-8932-45b1-217a3e28c98e" testName="PgSchemaExporter.Tests.SqlDropBuilderTests.BuildDrop_Function_WithDefaults_StripsDefaults" computerName="WINDOWS-B6KIGK4" duration="00:00:00.0002587" startTime="2026-07-16T18:06:24.2571072+03:00" endTime="2026-07-16T18:06:24.2571072+03:00" testType="13cdc9d9-ddb5-4fa4-a97d-d965ccfc6d4b" outcome="Passed" testListId="8c84fa94-04c1-424b-9868-57a2d4851a1d" relativeResultsDirectory="106a9ff9-1283-4512-aefc-fe22473b02e4" />
    <UnitTestResult executionId="c43e7396-1dd4-4b7e-988d-d4b91e2f1e23" testId="77199ede-9529-6352-aa3b-aa4d71061eb7" testName="PgSchemaExporter.Tests.TableDefinitionParserTests.Parse_UnquotedColumnName_ReturnsNotParseable" computerName="WINDOWS-B6KIGK4" duration="00:00:00.0000514" startTime="2026-07-16T18:06:24.2537185+03:00" endTime="2026-07-16T18:06:24.2537185+03:00" testType="13cdc9d9-ddb5-4fa4-a97d-d965ccfc6d4b" outcome="Passed" testListId="8c84fa94-04c1-424b-9868-57a2d4851a1d" relativeResultsDirectory="c43e7396-1dd4-4b7e-988d-d4b91e2f1e23" />
    <UnitTestResult executionId="7af22015-74a7-412e-a438-686c00f08d59" testId="030ffe8e-39a4-97c7-cac5-605915740061" testName="PgSchemaExporter.Tests.DiagramDriftOptionsIntegrationTests.Diagram_ExcludeSchemas_ExcludesExcludedSchema" computerName="WINDOWS-B6KIGK4" duration="00:00:00.0633792" startTime="2026-07-16T18:09:17.2903475+03:00" endTime="2026-07-16T18:09:17.2903480+03:00" testType="13cdc9d9-ddb5-4fa4-a97d-d965ccfc6d4b" outcome="Passed" testListId="8c84fa94-04c1-424b-9868-57a2d4851a1d" relativeResultsDirectory="7af22015-74a7-412e-a438-686c00f08d59" />
    <UnitTestResult executionId="43a51633-6552-4fc8-bac2-c9ee952144c3" testId="0fc41315-8180-11f8-f4ce-47af2c722333" testName="PgSchemaExporter.Tests.DiagramDriftFingerprintIntegrationTests.Diagram_FromLiveDatabase_GeneratesMermaid" computerName="WINDOWS-B6KIGK4" duration="00:00:00.0495443" startTime="2026-07-16T18:09:03.8810324+03:00" endTime="2026-07-16T18:09:03.8810327+03:00" testType="13cdc9d9-ddb5-4fa4-a97d-d965ccfc6d4b" outcome="Passed" testListId="8c84fa94-04c1-424b-9868-57a2d4851a1d" relativeResultsDirectory="43a51633-6552-4fc8-bac2-c9ee952144c3" />
    <UnitTestResult executionId="3e25752f-2cbe-4f60-9260-43c080f4b6b3" testId="301502b7-93f8-dcc5-c2f1-93b103fb0fb8" testName="PgSchemaExporter.Tests.MigrationTimeoutTests.IsValid_AcceptsValidTimeouts(value: &quot;1000&quot;)" computerName="WINDOWS-B6KIGK4" duration="00:00:00.0000054" startTime="2026-07-16T18:06:24.2496242+03:00" endTime="2026-07-16T18:06:24.2496243+03:00" testType="13cdc9d9-ddb5-4fa4-a97d-d965ccfc6d4b" outcome="Passed" testListId="8c84fa94-04c1-424b-9868-57a2d4851a1d" relativeResultsDirectory="3e25752f-2cbe-4f60-9260-43c080f4b6b3" />
    <UnitTestResult executionId="348829cb-e37d-401d-a37d-a45417de80a7" testId="dddfa97c-4aa2-565a-7fcc-60824982151b" testName="PgSchemaExporter.Tests.SchemaDifferTests.LineDiffer_EmptyArrays_ReturnsEmpty" computerName="WINDOWS-B6KIGK4" duration="00:00:00.0036454" startTime="2026-07-16T18:06:24.3333878+03:00" endTime="2026-07-16T18:06:24.3333880+03:00" testType="13cdc9d9-ddb5-4fa4-a97d-d965ccfc6d4b" outcome="Passed" testListId="8c84fa94-04c1-424b-9868-57a2d4851a1d" relativeResultsDirectory="348829cb-e37d-401d-a37d-a45417de80a7" />
    <UnitTestResult executionId="6f3fad97-6c4c-4168-a74a-b98f3cc07e25" testId="dbc81f77-1da5-821b-7b99-37e3bd38af19" testName="PgSchemaExporter.Tests.MigrationHistoryIntegrationTests.ReadAsync_EmptyFile_ReturnsEmptyHistory" computerName="WINDOWS-B6KIGK4" duration="00:00:00.0182058" startTime="2026-07-16T18:06:24.3913768+03:00" endTime="2026-07-16T18:06:24.3913769+03:00" testType="13cdc9d9-ddb5-4fa4-a97d-d965ccfc6d4b" outcome="Passed" testListId="8c84fa94-04c1-424b-9868-57a2d4851a1d" relativeResultsDirectory="6f3fad97-6c4c-4168-a74a-b98f3cc07e25" />
    <UnitTestResult executionId="96d47183-b020-43a5-a518-68559e0dc6c8" testId="7a4076c4-82aa-7521-7d79-aee4309edc9a" testName="PgSchemaExporter.Tests.DiffAdvancedIntegrationTests.Diff_ReportWriter_WritesJsonAndHtml" computerName="WINDOWS-B6KIGK4" duration="00:00:00.0122073" startTime="2026-07-16T18:09:34.0411563+03:00" endTime="2026-07-16T18:09:34.0411568+03:00" testType="13cdc9d9-ddb5-4fa4-a97d-d965ccfc6d4b" outcome="Passed" testListId="8c84fa94-04c1-424b-9868-57a2d4851a1d" relativeResultsDirectory="96d47183-b020-43a5-a518-68559e0dc6c8" />
    <UnitTestResult executionId="14598b37-261d-41ee-a846-f5835b3ec7d8" testId="430e54d9-60fa-7584-8913-54b808942c91" testName="PgSchemaExporter.Tests.HazardAnalyzerTests.Analyze_DropTable_FlagsHighTableDrop" computerName="WINDOWS-B6KIGK4" duration="00:00:00.0001642" startTime="2026-07-16T18:06:24.2597327+03:00" endTime="2026-07-16T18:06:24.2597328+03:00" testType="13cdc9d9-ddb5-4fa4-a97d-d965ccfc6d4b" outcome="Passed" testListId="8c84fa94-04c1-424b-9868-57a2d4851a1d" relativeResultsDirectory="14598b37-261d-41ee-a846-f5835b3ec7d8" />
    <UnitTestResult executionId="f1f75130-1a8d-49ea-9106-70a3cb2ffddc" testId="c11a07f0-80e3-3e1b-cabe-71384a914c83" testName="PgSchemaExporter.Tests.SchemaFingerprintTests.Compute_IsOrderIndependent" computerName="WINDOWS-B6KIGK4" duration="00:00:00.0064353" startTime="2026-07-16T18:06:24.3906532+03:00" endTime="2026-07-16T18:06:24.3906532+03:00" testType="13cdc9d9-ddb5-4fa4-a97d-d965ccfc6d4b" outcome="Passed" testListId="8c84fa94-04c1-424b-9868-57a2d4851a1d" relativeResultsDirectory="f1f75130-1a8d-49ea-9106-70a3cb2ffddc" />
    <UnitTestResult executionId="321f857b-ff02-4277-be25-3a09040283c1" testId="3d3ae21e-b51b-d64a-523a-18e782b15111" testName="PgSchemaExporter.Tests.PostgresMetadataProviderIntegrationTests.LoadAsync_LoadsExtensions" computerName="WINDOWS-B6KIGK4" duration="00:00:00.1168138" startTime="2026-07-16T18:11:58.2288825+03:00" endTime="2026-07-16T18:11:58.2288827+03:00" testType="13cdc9d9-ddb5-4fa4-a97d-d965ccfc6d4b" outcome="Passed" testListId="8c84fa94-04c1-424b-9868-57a2d4851a1d" relativeResultsDirectory="321f857b-ff02-4277-be25-3a09040283c1" />
    <UnitTestResult executionId="228e9029-11fc-48c9-b1db-16c247f9d7f4" testId="efa24abe-4da7-a727-cd29-a172c35d4cee" testName="PgSchemaExporter.Tests.MigrationRenderTests.RenderUp_WithLockTimeout_EmitsSetLockTimeout" computerName="WINDOWS-B6KIGK4" duration="00:00:00.0001632" startTime="2026-07-16T18:06:24.2655052+03:00" endTime="2026-07-16T18:06:24.2655053+03:00" testType="13cdc9d9-ddb5-4fa4-a97d-d965ccfc6d4b" outcome="Passed" testListId="8c84fa94-04c1-424b-9868-57a2d4851a1d" relativeResultsDirectory="228e9029-11fc-48c9-b1db-16c247f9d7f4" />
    <UnitTestResult executionId="884f3b8d-a0ca-47e6-a13e-a700b9800298" testId="b3c05975-b55c-1918-1d88-720b539e61c3" testName="PgSchemaExporter.Tests.SchemaDifferTests.DiffReportWriter_GeneratesHtmlOutput" computerName="WINDOWS-B6KIGK4" duration="00:00:00.0082108" startTime="2026-07-16T18:06:24.4302273+03:00" endTime="2026-07-16T18:06:24.4302277+03:00" testType="13cdc9d9-ddb5-4fa4-a97d-d965ccfc6d4b" outcome="Passed" testListId="8c84fa94-04c1-424b-9868-57a2d4851a1d" relativeResultsDirectory="884f3b8d-a0ca-47e6-a13e-a700b9800298" />
    <UnitTestResult executionId="0633cbb7-9cc1-45c1-8f14-bad9b07791f5" testId="0f55813e-a96c-dada-9c82-3145747f0a45" testName="PgSchemaExporter.Tests.DumpSplittingTests.Classifier_IdentifiesObjectKinds(statement: &quot;CREATE OR REPLACE VIEW public.v AS SELECT 1;&quot;, expectedType: View, expectedSchema: &quot;public&quot;, expectedName: &quot;v&quot;)" computerName="WINDOWS-B6KIGK4" duration="00:00:00.0271876" startTime="2026-07-16T18:06:24.2891791+03:00" endTime="2026-07-16T18:06:24.2891794+03:00" testType="13cdc9d9-ddb5-4fa4-a97d-d965ccfc6d4b" outcome="Passed" testListId="8c84fa94-04c1-424b-9868-57a2d4851a1d" relativeResultsDirectory="0633cbb7-9cc1-45c1-8f14-bad9b07791f5" />
    <UnitTestResult executionId="54f11780-e1d0-4397-88e7-b85d6000cc80" testId="9c8ece32-b3c3-399b-1991-ef8cab10f78a" testName="PgSchemaExporter.Tests.SchemaFingerprintTests.Compute_EmptyDirectory_ProducesStableFingerprint" computerName="WINDOWS-B6KIGK4" duration="00:00:00.0011827" startTime="2026-07-16T18:06:24.3840864+03:00" endTime="2026-07-16T18:06:24.3840867+03:00" testType="13cdc9d9-ddb5-4fa4-a97d-d965ccfc6d4b" outcome="Passed" testListId="8c84fa94-04c1-424b-9868-57a2d4851a1d" relativeResultsDirectory="54f11780-e1d0-4397-88e7-b85d6000cc80" />
    <UnitTestResult executionId="33fd2941-bc57-45bf-b644-224db63fb176" testId="0b8c30af-214c-6304-ece9-8268d5d1143d" testName="PgSchemaExporter.Tests.TableDefinitionParserTests.Parse_MarksInlineConstraintKeywordsAsNotParseable(constraint: &quot;CONSTRAINT pk PRIMARY KEY (\&quot;id\&quot;)&quot;)" computerName="WINDOWS-B6KIGK4" duration="00:00:00.0000135" startTime="2026-07-16T18:06:24.2527074+03:00" endTime="2026-07-16T18:06:24.2527074+03:00" testType="13cdc9d9-ddb5-4fa4-a97d-d965ccfc6d4b" outcome="Passed" testListId="8c84fa94-04c1-424b-9868-57a2d4851a1d" relativeResultsDirectory="33fd2941-bc57-45bf-b644-224db63fb176" />
    <UnitTestResult executionId="91c0d3cf-2de3-4862-9d42-1389aa101bc7" testId="149af64e-491a-f024-3364-671df510ab9a" testName="PgSchemaExporter.Tests.MetadataObjectTypesIntegrationTests.LoadAsync_LoadsAggregates" computerName="WINDOWS-B6KIGK4" duration="00:00:00.1023759" startTime="2026-07-16T18:10:39.8069629+03:00" endTime="2026-07-16T18:10:39.8069631+03:00" testType="13cdc9d9-ddb5-4fa4-a97d-d965ccfc6d4b" outcome="Passed" testListId="8c84fa94-04c1-424b-9868-57a2d4851a1d" relativeResultsDirectory="91c0d3cf-2de3-4862-9d42-1389aa101bc7" />
    <UnitTestResult executionId="a3ae9eaf-41bf-4d77-bcfd-ddf2a40a9d7f" testId="145b8a2b-8482-9077-d2e9-77512816b88d" testName="PgSchemaExporter.Tests.SchemaFingerprintTests.Compute_DifferentContent_ProducesDifferentFingerprint" computerName="WINDOWS-B6KIGK4" duration="00:00:00.0099653" startTime="2026-07-16T18:06:24.4006500+03:00" endTime="2026-07-16T18:06:24.4006502+03:00" testType="13cdc9d9-ddb5-4fa4-a97d-d965ccfc6d4b" outcome="Passed" testListId="8c84fa94-04c1-424b-9868-57a2d4851a1d" relativeResultsDirectory="a3ae9eaf-41bf-4d77-bcfd-ddf2a40a9d7f" />
    <UnitTestResult executionId="91bf00d6-aa91-48ed-81d6-9f2acadde7cc" testId="87cdbcb5-5ff4-8f5c-a3ef-20c8e9af195c" testName="PgSchemaExporter.Tests.TimingProgressReporterTests.TimingProgressReporter_ForwardsToInnerReporter" computerName="WINDOWS-B6KIGK4" duration="00:00:00.0114077" startTime="2026-07-16T18:06:24.2513819+03:00" endTime="2026-07-16T18:06:24.2513819+03:00" testType="13cdc9d9-ddb5-4fa4-a97d-d965ccfc6d4b" outcome="Passed" testListId="8c84fa94-04c1-424b-9868-57a2d4851a1d" relativeResultsDirectory="91bf00d6-aa91-48ed-81d6-9f2acadde7cc" />
    <UnitTestResult executionId="e0bd0897-85bc-4e5a-aa87-fe8f2a2f7bba" testId="ea903de1-a999-2c40-f6cc-7192ab1071d6" testName="PgSchemaExporter.Tests.SqlDropBuilderTests.BuildDrop_Grant_ReturnsRevoke" computerName="WINDOWS-B6KIGK4" duration="00:00:00.0003754" startTime="2026-07-16T18:06:24.2569085+03:00" endTime="2026-07-16T18:06:24.2569086+03:00" testType="13cdc9d9-ddb5-4fa4-a97d-d965ccfc6d4b" outcome="Passed" testListId="8c84fa94-04c1-424b-9868-57a2d4851a1d" relativeResultsDirectory="e0bd0897-85bc-4e5a-aa87-fe8f2a2f7bba" />
    <UnitTestResult executionId="30cf5caa-b077-4858-b92e-45baad23218d" testId="959317f7-6b72-d988-4878-b19ff041f20a" testName="PgSchemaExporter.Tests.MigrationPlanTests.PlanFile_Read_MissingFile_Throws" computerName="WINDOWS-B6KIGK4" duration="00:00:00.0024449" startTime="2026-07-16T18:06:24.3536477+03:00" endTime="2026-07-16T18:06:24.3536480+03:00" testType="13cdc9d9-ddb5-4fa4-a97d-d965ccfc6d4b" outcome="Passed" testListId="8c84fa94-04c1-424b-9868-57a2d4851a1d" relativeResultsDirectory="30cf5caa-b077-4858-b92e-45baad23218d" />
    <UnitTestResult executionId="33ff6224-68d3-41d4-9677-a9e8ed32ec5a" testId="0cc86403-9111-9e2e-6daa-d0e6ce4720b0" testName="PgSchemaExporter.Tests.CliIntegrationTests.VersionFlag_PrintsVersion" computerName="WINDOWS-B6KIGK4" duration="00:00:00.1326889" startTime="2026-07-16T18:07:31.2345560+03:00" endTime="2026-07-16T18:07:31.2345565+03:00" testType="13cdc9d9-ddb5-4fa4-a97d-d965ccfc6d4b" outcome="Passed" testListId="8c84fa94-04c1-424b-9868-57a2d4851a1d" relativeResultsDirectory="33ff6224-68d3-41d4-9677-a9e8ed32ec5a" />
    <UnitTestResult executionId="bbee3e88-d828-49ac-a6ce-dd3475139cbb" testId="74c8a082-c1d0-0bb5-6cba-2b9c5e170376" testName="PgSchemaExporter.Tests.MigrationRenderTests.RenderUp_SafeMode_CommentsOutDestructive" computerName="WINDOWS-B6KIGK4" duration="00:00:00.0002264" startTime="2026-07-16T18:06:24.2657756+03:00" endTime="2026-07-16T18:06:24.2657756+03:00" testType="13cdc9d9-ddb5-4fa4-a97d-d965ccfc6d4b" outcome="Passed" testListId="8c84fa94-04c1-424b-9868-57a2d4851a1d" relativeResultsDirectory="bbee3e88-d828-49ac-a6ce-dd3475139cbb" />
    <UnitTestResult executionId="c0290c50-4ab3-4afc-b905-4114183e543f" testId="ecf9baea-c439-ce61-fa52-284b071b4c42" testName="PgSchemaExporter.Tests.DiagramDriftOptionsIntegrationTests.Drift_OutputFile_WritesDriftReportToDisk" computerName="WINDOWS-B6KIGK4" duration="00:00:00.2272671" startTime="2026-07-16T18:09:23.9172120+03:00" endTime="2026-07-16T18:09:23.9172122+03:00" testType="13cdc9d9-ddb5-4fa4-a97d-d965ccfc6d4b" outcome="Passed" testListId="8c84fa94-04c1-424b-9868-57a2d4851a1d" relativeResultsDirectory="c0290c50-4ab3-4afc-b905-4114183e543f" />
    <UnitTestResult executionId="e5b70708-6f22-4d92-b465-77a9a8a45fd6" testId="0c8c7d7a-a6e8-7e4a-12ff-4d7ad1310e0c" testName="PgSchemaExporter.Tests.DumpSplittingTests.Classifier_ParsesConstraintWithParentTable" computerName="WINDOWS-B6KIGK4" duration="00:00:00.0001772" startTime="2026-07-16T18:06:24.2894526+03:00" endTime="2026-07-16T18:06:24.2894527+03:00" testType="13cdc9d9-ddb5-4fa4-a97d-d965ccfc6d4b" outcome="Passed" testListId="8c84fa94-04c1-424b-9868-57a2d4851a1d" relativeResultsDirectory="e5b70708-6f22-4d92-b465-77a9a8a45fd6" />
    <UnitTestResult executionId="01ca75e7-6b18-4db3-9886-4b4d9a2cd4e6" testId="0f65240f-2de0-1fd8-a1c0-7030e50f351e" testName="PgSchemaExporter.Tests.PostgresMetadataProviderIntegrationTests.LoadAsync_LoadsConstraints" computerName="WINDOWS-B6KIGK4" duration="00:00:00.1094856" startTime="2026-07-16T18:11:25.0883388+03:00" endTime="2026-07-16T18:11:25.0883391+03:00" testType="13cdc9d9-ddb5-4fa4-a97d-d965ccfc6d4b" outcome="Passed" testListId="8c84fa94-04c1-424b-9868-57a2d4851a1d" relativeResultsDirectory="01ca75e7-6b18-4db3-9886-4b4d9a2cd4e6" />
    <UnitTestResult executionId="a7bb921c-1106-467c-85e3-1b19fc3ef194" testId="dce8904e-6c9d-7246-44f9-18ffc52d77fc" testName="PgSchemaExporter.Tests.CliParserV17Tests.ParseDriftOptions_UnknownArgument_Throws" computerName="WINDOWS-B6KIGK4" duration="00:00:00.0002143" startTime="2026-07-16T18:06:24.3543482+03:00" endTime="2026-07-16T18:06:24.3543484+03:00" testType="13cdc9d9-ddb5-4fa4-a97d-d965ccfc6d4b" outcome="Passed" testListId="8c84fa94-04c1-424b-9868-57a2d4851a1d" relativeResultsDirectory="a7bb921c-1106-467c-85e3-1b19fc3ef194" />
    <UnitTestResult executionId="28178833-8839-4769-89bf-7f1220a48e56" testId="a1a9aaa8-4e08-0d5e-2d98-510773d60d16" testName="PgSchemaExporter.Tests.CliParserV18Tests.ParseApplyOptions_ParsesPlanAndConnection" computerName="WINDOWS-B6KIGK4" duration="00:00:00.0001996" startTime="2026-07-16T18:06:24.2487923+03:00" endTime="2026-07-16T18:06:24.2487925+03:00" testType="13cdc9d9-ddb5-4fa4-a97d-d965ccfc6d4b" outcome="Passed" testListId="8c84fa94-04c1-424b-9868-57a2d4851a1d" relativeResultsDirectory="28178833-8839-4769-89bf-7f1220a48e56" />
    <UnitTestResult executionId="5bfe20ae-c514-4f19-bd78-3f1df60f45f1" testId="b378d862-0322-6cdd-d284-2281c7c91479" testName="PgSchemaExporter.Tests.SchemaDifferTests.Diff_IgnoreWhitespace_MultipleSpacesBetweenWords_CollapsesCorrectly" computerName="WINDOWS-B6KIGK4" duration="00:00:00.0073020" startTime="2026-07-16T18:06:24.4608648+03:00" endTime="2026-07-16T18:06:24.4608651+03:00" testType="13cdc9d9-ddb5-4fa4-a97d-d965ccfc6d4b" outcome="Passed" testListId="8c84fa94-04c1-424b-9868-57a2d4851a1d" relativeResultsDirectory="5bfe20ae-c514-4f19-bd78-3f1df60f45f1" />
    <UnitTestResult executionId="de1773cb-c436-472c-8330-9ce7712c6257" testId="8c596058-6341-0367-876a-ceffc21e0a80" testName="PgSchemaExporter.Tests.PgDumpObjectClassifierTests.Classify_VariousStatements_MapsToExpectedType(sql: &quot;CREATE INDEX CONCURRENTLY idx ON public.t (id);&quot;, expectedType: Index, expectedSchema: &quot;public&quot;, expectedName: &quot;idx&quot;)" computerName="WINDOWS-B6KIGK4" duration="00:00:00.0000150" startTime="2026-07-16T18:06:24.3170583+03:00" endTime="2026-07-16T18:06:24.3170584+03:00" testType="13cdc9d9-ddb5-4fa4-a97d-d965ccfc6d4b" outcome="Passed" testListId="8c84fa94-04c1-424b-9868-57a2d4851a1d" relativeResultsDirectory="de1773cb-c436-472c-8330-9ce7712c6257" />
    <UnitTestResult executionId="567ca9b3-4b46-4303-a824-3dcc5ab215fc" testId="3219d95c-6955-785d-87dd-e884b72c711e" testName="PgSchemaExporter.Tests.SchemaDifferTests.DiffOptions_AcceptsBothDb" computerName="WINDOWS-B6KIGK4" duration="00:00:00.0019608" startTime="2026-07-16T18:06:24.3614668+03:00" endTime="2026-07-16T18:06:24.3614668+03:00" testType="13cdc9d9-ddb5-4fa4-a97d-d965ccfc6d4b" outcome="Passed" testListId="8c84fa94-04c1-424b-9868-57a2d4851a1d" relativeResultsDirectory="567ca9b3-4b46-4303-a824-3dcc5ab215fc" />
    <UnitTestResult executionId="6a1d7259-24e6-42f1-b181-db04b75b1743" testId="96fdb6a2-254e-7a93-2e23-a10d371c1625" testName="PgSchemaExporter.Tests.DiagrammingTests.SchemaDiagramGenerator_FromDirectory_RendersDiagram" computerName="WINDOWS-B6KIGK4" duration="00:00:00.0301778" startTime="2026-07-16T18:06:24.2701784+03:00" endTime="2026-07-16T18:06:24.2701784+03:00" testType="13cdc9d9-ddb5-4fa4-a97d-d965ccfc6d4b" outcome="Passed" testListId="8c84fa94-04c1-424b-9868-57a2d4851a1d" relativeResultsDirectory="6a1d7259-24e6-42f1-b181-db04b75b1743" />
    <UnitTestResult executionId="cc1443f5-70c7-4345-abcc-3cc9c10590a4" testId="b5bbabfa-853a-7721-f644-a275a2ad280b" testName="PgSchemaExporter.Tests.TableDefinitionParserTests.Parse_NullableAndNotNullClauses_AreHandled" computerName="WINDOWS-B6KIGK4" duration="00:00:00.0001383" startTime="2026-07-16T18:06:24.2528202+03:00" endTime="2026-07-16T18:06:24.2528202+03:00" testType="13cdc9d9-ddb5-4fa4-a97d-d965ccfc6d4b" outcome="Passed" testListId="8c84fa94-04c1-424b-9868-57a2d4851a1d" relativeResultsDirectory="cc1443f5-70c7-4345-abcc-3cc9c10590a4" />
    <UnitTestResult executionId="9f533cd9-56e0-4327-bc76-cd6bb5e57f9c" testId="832803e2-e8c7-2a4c-b3c5-81f8ff68d10b" testName="PgSchemaExporter.Tests.SchemaDifferTests.Diff_IgnoresLineEndingDifferences" computerName="WINDOWS-B6KIGK4" duration="00:00:00.0060863" startTime="2026-07-16T18:06:24.4879194+03:00" endTime="2026-07-16T18:06:24.4879198+03:00" testType="13cdc9d9-ddb5-4fa4-a97d-d965ccfc6d4b" outcome="Passed" testListId="8c84fa94-04c1-424b-9868-57a2d4851a1d" relativeResultsDirectory="9f533cd9-56e0-4327-bc76-cd6bb5e57f9c" />
    <UnitTestResult executionId="22ee9641-a395-4609-aa64-c2472e4189a3" testId="4e8b09be-7a30-dfd5-d339-689acf4d2a6f" testName="PgSchemaExporter.Tests.OptionsValidationIntegrationTests.ExportOptions_EnsureValidForExport_EmptySchemas_ThrowsArgumentException" computerName="WINDOWS-B6KIGK4" duration="00:00:00.0002454" startTime="2026-07-16T18:06:24.2708156+03:00" endTime="2026-07-16T18:06:24.2708157+03:00" testType="13cdc9d9-ddb5-4fa4-a97d-d965ccfc6d4b" outcome="Passed" testListId="8c84fa94-04c1-424b-9868-57a2d4851a1d" relativeResultsDirectory="22ee9641-a395-4609-aa64-c2472e4189a3" />
    <UnitTestResult executionId="8ba7c74a-b14c-4859-b373-237d79ac6133" testId="47461dfd-6fd6-355e-8d7e-55d95a2805d9" testName="PgSchemaExporter.Tests.PgDumpObjectClassifierTests.Classify_VariousStatements_MapsToExpectedType(sql: &quot;CREATE OR REPLACE VIEW public.v AS SELECT 1;&quot;, expectedType: View, expectedSchema: &quot;public&quot;, expectedName: &quot;v&quot;)" computerName="WINDOWS-B6KIGK4" duration="00:00:00.0000199" startTime="2026-07-16T18:06:24.3067957+03:00" endTime="2026-07-16T18:06:24.3067957+03:00" testType="13cdc9d9-ddb5-4fa4-a97d-d965ccfc6d4b" outcome="Passed" testListId="8c84fa94-04c1-424b-9868-57a2d4851a1d" relativeResultsDirectory="8ba7c74a-b14c-4859-b373-237d79ac6133" />
    <UnitTestResult executionId="9f5c7ace-0406-4ef9-8044-f6db5ac9ba69" testId="a5710d77-ed84-ddad-548c-41e9401f64f8" testName="PgSchemaExporter.Tests.SchemaFileWriterFormatTests.FunctionFileName_IsContentBasedAndDeterministic" computerName="WINDOWS-B6KIGK4" duration="00:00:00.0264448" startTime="2026-07-16T18:06:24.4654790+03:00" endTime="2026-07-16T18:06:24.4654791+03:00" testType="13cdc9d9-ddb5-4fa4-a97d-d965ccfc6d4b" outcome="Passed" testListId="8c84fa94-04c1-424b-9868-57a2d4851a1d" relativeResultsDirectory="9f5c7ace-0406-4ef9-8044-f6db5ac9ba69" />
    <UnitTestResult executionId="7cc42e3a-5e53-4c0f-b4ce-32ff7d962668" testId="ce067243-c9fa-f43b-29de-465a21c4558a" testName="PgSchemaExporter.Tests.OptionsValidationIntegrationTests.ExportOptions_EnsureValidForExport_ValidOptions_NormalizesSchemas" computerName="WINDOWS-B6KIGK4" duration="00:00:00.0002515" startTime="2026-07-16T18:06:24.2687569+03:00" endTime="2026-07-16T18:06:24.2687571+03:00" testType="13cdc9d9-ddb5-4fa4-a97d-d965ccfc6d4b" outcome="Passed" testListId="8c84fa94-04c1-424b-9868-57a2d4851a1d" relativeResultsDirectory="7cc42e3a-5e53-4c0f-b4ce-32ff7d962668" />
    <UnitTestResult executionId="048db86a-afa4-4972-9376-5f9399b0b2c6" testId="cde5be97-ee71-06c3-c190-1272ad13bb21" testName="PgSchemaExporter.Tests.ConsoleLoggerTests.Log_None_IsIgnored" computerName="WINDOWS-B6KIGK4" duration="00:00:00.0002804" startTime="2026-07-16T18:06:24.2615708+03:00" endTime="2026-07-16T18:06:24.2615709+03:00" testType="13cdc9d9-ddb5-4fa4-a97d-d965ccfc6d4b" outcome="Passed" testListId="8c84fa94-04c1-424b-9868-57a2d4851a1d" relativeResultsDirectory="048db86a-afa4-4972-9376-5f9399b0b2c6" />
    <UnitTestResult executionId="ac222472-3c08-4ace-8a40-06ce5c773032" testId="f021ec44-8d4b-0866-87cc-7211d76fb6d7" testName="PgSchemaExporter.Tests.DomainAndForeignTableTests.Generate_EmitsDomainDefinition" computerName="WINDOWS-B6KIGK4" duration="00:00:00.0005104" startTime="2026-07-16T18:06:24.2464300+03:00" endTime="2026-07-16T18:06:24.2464300+03:00" testType="13cdc9d9-ddb5-4fa4-a97d-d965ccfc6d4b" outcome="Passed" testListId="8c84fa94-04c1-424b-9868-57a2d4851a1d" relativeResultsDirectory="ac222472-3c08-4ace-8a40-06ce5c773032" />
    <UnitTestResult executionId="2d83d092-5072-4a3f-8ab9-09c98c495957" testId="6f69ad54-f9f9-abcb-dc0e-f535801c214b" testName="PgSchemaExporter.Tests.MigrationPlanTests.CreatePlan_AddedTable_CapturesUpAndDown" computerName="WINDOWS-B6KIGK4" duration="00:00:00.0053909" startTime="2026-07-16T18:06:24.3399104+03:00" endTime="2026-07-16T18:06:24.3399106+03:00" testType="13cdc9d9-ddb5-4fa4-a97d-d965ccfc6d4b" outcome="Passed" testListId="8c84fa94-04c1-424b-9868-57a2d4851a1d" relativeResultsDirectory="2d83d092-5072-4a3f-8ab9-09c98c495957" />
    <UnitTestResult executionId="d4b09ab9-40e4-41ef-9e19-9ab3d507bdf1" testId="4734dc2a-4433-7dad-4125-24124e94c0b2" testName="PgSchemaExporter.Tests.CliParserTests.ParseDiffOptions_EmptyExcludeSchemas_Throws" computerName="WINDOWS-B6KIGK4" duration="00:00:00.0002535" startTime="2026-07-16T18:06:24.3568479+03:00" endTime="2026-07-16T18:06:24.3568480+03:00" testType="13cdc9d9-ddb5-4fa4-a97d-d965ccfc6d4b" outcome="Passed" testListId="8c84fa94-04c1-424b-9868-57a2d4851a1d" relativeResultsDirectory="d4b09ab9-40e4-41ef-9e19-9ab3d507bdf1" />
    <UnitTestResult executionId="c2017260-c9d1-4a47-b2ac-54f133050190" testId="6166e2f4-9133-c1df-3190-c449bbb0fdd7" testName="PgSchemaExporter.Tests.DiagramDriftFingerprintIntegrationTests.Drift_DetectsTableChanges" computerName="WINDOWS-B6KIGK4" duration="00:00:00.1894864" startTime="2026-07-16T18:09:00.6520936+03:00" endTime="2026-07-16T18:09:00.6520939+03:00" testType="13cdc9d9-ddb5-4fa4-a97d-d965ccfc6d4b" outcome="Passed" testListId="8c84fa94-04c1-424b-9868-57a2d4851a1d" relativeResultsDirectory="c2017260-c9d1-4a47-b2ac-54f133050190" />
    <UnitTestResult executionId="78c78d64-d89e-43e1-b522-c14b9b760772" testId="a3bf76fb-1012-d23a-62e5-8e5a31aa7407" testName="PgSchemaExporter.Tests.SqlDropBuilderTests.BuildDrop_Policy_ReturnsDropPolicy" computerName="WINDOWS-B6KIGK4" duration="00:00:00.0001047" startTime="2026-07-16T18:06:24.2576912+03:00" endTime="2026-07-16T18:06:24.2576912+03:00" testType="13cdc9d9-ddb5-4fa4-a97d-d965ccfc6d4b" outcome="Passed" testListId="8c84fa94-04c1-424b-9868-57a2d4851a1d" relativeResultsDirectory="78c78d64-d89e-43e1-b522-c14b9b760772" />
    <UnitTestResult executionId="b6275947-6d9a-42b0-a313-430b529aa053" testId="12e3a05f-da36-a26d-023f-15b43cc8275a" testName="PgSchemaExporter.Tests.PgDumpObjectClassifierTests.Classify_VariousStatements_MapsToExpectedType(sql: &quot;CREATE TRIGGER trg ON public.t BEFORE INSERT EXECU&quot;···, expectedType: Trigger, expectedSchema: &quot;triggers&quot;, expectedName: &quot;trg&quot;)" computerName="WINDOWS-B6KIGK4" duration="00:00:00.0000144" startTime="2026-07-16T18:06:24.3068424+03:00" endTime="2026-07-16T18:06:24.3068425+03:00" testType="13cdc9d9-ddb5-4fa4-a97d-d965ccfc6d4b" outcome="Passed" testListId="8c84fa94-04c1-424b-9868-57a2d4851a1d" relativeResultsDirectory="b6275947-6d9a-42b0-a313-430b529aa053" />
    <UnitTestResult executionId="73084473-b128-4f27-b983-a2f40801374e" testId="61250fe6-4c4d-5950-2533-9921b9bdf4cc" testName="PgSchemaExporter.Tests.CliEndToEndTests.MigrateWorkflow_GeneratesUpAndDownScripts" computerName="WINDOWS-B6KIGK4" duration="00:00:00.1159498" startTime="2026-07-16T18:06:56.0355774+03:00" endTime="2026-07-16T18:06:56.0355777+03:00" testType="13cdc9d9-ddb5-4fa4-a97d-d965ccfc6d4b" outcome="Passed" testListId="8c84fa94-04c1-424b-9868-57a2d4851a1d" relativeResultsDirectory="73084473-b128-4f27-b983-a2f40801374e" />
    <UnitTestResult executionId="b50c9f76-3f0a-4000-8321-1e6e1853f880" testId="ef1eedc5-5e62-61da-8782-22ac6fc846e2" testName="PgSchemaExporter.Tests.DiagrammingTests.ConstraintDefinitionParser_ParsesKindsAndColumns(definition: &quot;FOREIGN KEY (\&quot;post_id\&quot;) REFERENCES \&quot;public\&quot;.\&quot;&quot;···, expectedKind: ForeignKey, columnsCsv: &quot;post_id&quot;)" computerName="WINDOWS-B6KIGK4" duration="00:00:00.0046397" startTime="2026-07-16T18:06:24.2549984+03:00" endTime="2026-07-16T18:06:24.2549985+03:00" testType="13cdc9d9-ddb5-4fa4-a97d-d965ccfc6d4b" outcome="Passed" testListId="8c84fa94-04c1-424b-9868-57a2d4851a1d" relativeResultsDirectory="b50c9f76-3f0a-4000-8321-1e6e1853f880" />
    <UnitTestResult executionId="0bbeb268-86d1-4bfd-b301-47ecba124a50" testId="b8258fef-e2d8-ee0d-2ced-3dbd73030f5e" testName="PgSchemaExporter.Tests.CliEndToEndTests.ExportWorkflow_FullCycle" computerName="WINDOWS-B6KIGK4" duration="00:00:00.0964880" startTime="2026-07-16T18:06:49.3038273+03:00" endTime="2026-07-16T18:06:49.3038277+03:00" testType="13cdc9d9-ddb5-4fa4-a97d-d965ccfc6d4b" outcome="Passed" testListId="8c84fa94-04c1-424b-9868-57a2d4851a1d" relativeResultsDirectory="0bbeb268-86d1-4bfd-b301-47ecba124a50" />
    <UnitTestResult executionId="d6e41696-bb65-4708-bead-c886385e7a47" testId="ef48df62-692f-f83c-ae82-23144f01e3e7" testName="PgSchemaExporter.Tests.SchemaDifferTests.Diff_IgnoreComments_CommentInsideString_DoesNotStrip" computerName="WINDOWS-B6KIGK4" duration="00:00:00.0093251" startTime="2026-07-16T18:06:24.4482244+03:00" endTime="2026-07-16T18:06:24.4482252+03:00" testType="13cdc9d9-ddb5-4fa4-a97d-d965ccfc6d4b" outcome="Passed" testListId="8c84fa94-04c1-424b-9868-57a2d4851a1d" relativeResultsDirectory="d6e41696-bb65-4708-bead-c886385e7a47" />
    <UnitTestResult executionId="6f774b33-a2e7-4fba-9c76-52c6685c8546" testId="4e922779-c24e-c9d5-abed-a69edff9f7b8" testName="PgSchemaExporter.Tests.MetadataObjectTypesIntegrationTests.LoadAsync_LoadsRules" computerName="WINDOWS-B6KIGK4" duration="00:00:00.1201059" startTime="2026-07-16T18:10:33.2287763+03:00" endTime="2026-07-16T18:10:33.2287767+03:00" testType="13cdc9d9-ddb5-4fa4-a97d-d965ccfc6d4b" outcome="Passed" testListId="8c84fa94-04c1-424b-9868-57a2d4851a1d" relativeResultsDirectory="6f774b33-a2e7-4fba-9c76-52c6685c8546" />
[...]
[testcontainers.org 00:04:23.46] Execute "pg_isready --host localhost --dbname testdb --username testuser" at Docker container 2e3af8c12009&#xD;
[testcontainers.org 00:04:24.55] Execute "pg_isready --host localhost --dbname testdb --username testuser" at Docker container 2e3af8c12009&#xD;
[testcontainers.org 00:04:24.67] Docker container 2e3af8c12009 ready&#xD;
[testcontainers.org 00:04:24.78] Delete Docker container 2e3af8c12009&#xD;
[testcontainers.org 00:04:25.39] Docker container d8d1031181ec created&#xD;
[testcontainers.org 00:04:25.40] Start Docker container d8d1031181ec&#xD;
[testcontainers.org 00:04:25.73] Wait for Docker container d8d1031181ec to complete readiness checks&#xD;
[testcontainers.org 00:04:25.74] Execute "pg_isready --host localhost --dbname testdb --username testuser" at Docker container d8d1031181ec&#xD;
[testcontainers.org 00:04:26.84] Execute "pg_isready --host localhost --dbname testdb --username testuser" at Docker container d8d1031181ec&#xD;
[testcontainers.org 00:04:27.94] Execute "pg_isready --host localhost --dbname testdb --username testuser" at Docker container d8d1031181ec&#xD;
[testcontainers.org 00:04:28.04] Docker container d8d1031181ec ready&#xD;
[testcontainers.org 00:04:28.14] Delete Docker container d8d1031181ec&#xD;
[testcontainers.org 00:04:28.72] Docker container 2c36a59fef01 created&#xD;
[testcontainers.org 00:04:28.73] Start Docker container 2c36a59fef01&#xD;
[testcontainers.org 00:04:29.00] Wait for Docker container 2c36a59fef01 to complete readiness checks&#xD;
[testcontainers.org 00:04:29.01] Execute "pg_isready --host localhost --dbname testdb --username testuser" at Docker container 2c36a59fef01&#xD;
[testcontainers.org 00:04:30.10] Execute "pg_isready --host localhost --dbname testdb --username testuser" at Docker container 2c36a59fef01&#xD;
[testcontainers.org 00:04:31.19] Execute "pg_isready --host localhost --dbname testdb --username testuser" at Docker container 2c36a59fef01&#xD;
[testcontainers.org 00:04:31.28] Docker container 2c36a59fef01 ready&#xD;
[testcontainers.org 00:04:31.36] Delete Docker container 2c36a59fef01&#xD;
[testcontainers.org 00:04:31.93] Docker container b413af583a2a created&#xD;
[testcontainers.org 00:04:31.94] Start Docker container b413af583a2a&#xD;
[testcontainers.org 00:04:32.16] Wait for Docker container b413af583a2a to complete readiness checks&#xD;
[testcontainers.org 00:04:32.17] Execute "pg_isready --host localhost --dbname testdb --username testuser" at Docker container b413af583a2a&#xD;
[testcontainers.org 00:04:33.28] Execute "pg_isready --host localhost --dbname testdb --username testuser" at Docker container b413af583a2a&#xD;
[testcontainers.org 00:04:34.36] Execute "pg_isready --host localhost --dbname testdb --username testuser" at Docker container b413af583a2a&#xD;
[testcontainers.org 00:04:34.45] Docker container b413af583a2a ready&#xD;
[testcontainers.org 00:04:34.51] Delete Docker container b413af583a2a&#xD;
[testcontainers.org 00:04:35.05] Docker container c577d397e357 created&#xD;
[testcontainers.org 00:04:35.06] Start Docker container c577d397e357&#xD;
[testcontainers.org 00:04:35.30] Wait for Docker container c577d397e357 to complete readiness checks&#xD;
[testcontainers.org 00:04:35.31] Execute "pg_isready --host localhost --dbname testdb --username testuser" at Docker container c577d397e357&#xD;
[testcontainers.org 00:04:36.43] Execute "pg_isready --host localhost --dbname testdb --username testuser" at Docker container c577d397e357&#xD;
[testcontainers.org 00:04:37.51] Execute "pg_isready --host localhost --dbname testdb --username testuser" at Docker container c577d397e357&#xD;
[testcontainers.org 00:04:37.60] Docker container c577d397e357 ready&#xD;
[testcontainers.org 00:04:37.68] Delete Docker container c577d397e357&#xD;
[testcontainers.org 00:04:38.28] Docker container 829557232ba0 created&#xD;
[testcontainers.org 00:04:38.29] Start Docker container 829557232ba0&#xD;
[testcontainers.org 00:04:38.57] Wait for Docker container 829557232ba0 to complete readiness checks&#xD;
[testcontainers.org 00:04:38.58] Execute "pg_isready --host localhost --dbname testdb --username testuser" at Docker container 829557232ba0&#xD;
[testcontainers.org 00:04:39.67] Execute "pg_isready --host localhost --dbname testdb --username testuser" at Docker container 829557232ba0&#xD;
[testcontainers.org 00:04:40.77] Execute "pg_isready --host localhost --dbname testdb --username testuser" at Docker container 829557232ba0&#xD;
[testcontainers.org 00:04:40.86] Docker container 829557232ba0 ready&#xD;
[testcontainers.org 00:04:40.93] Delete Docker container 829557232ba0&#xD;
[testcontainers.org 00:04:41.53] Docker container 2757a90af234 created&#xD;
[testcontainers.org 00:04:41.54] Start Docker container 2757a90af234&#xD;
[testcontainers.org 00:04:41.80] Wait for Docker container 2757a90af234 to complete readiness checks&#xD;
[testcontainers.org 00:04:41.81] Execute "pg_isready --host localhost --dbname testdb --username testuser" at Docker container 2757a90af234&#xD;
[testcontainers.org 00:04:42.93] Execute "pg_isready --host localhost --dbname testdb --username testuser" at Docker container 2757a90af234&#xD;
[testcontainers.org 00:04:44.03] Execute "pg_isready --host localhost --dbname testdb --username testuser" at Docker container 2757a90af234&#xD;
[testcontainers.org 00:04:44.13] Docker container 2757a90af234 ready&#xD;
[testcontainers.org 00:04:44.22] Delete Docker container 2757a90af234&#xD;
[testcontainers.org 00:04:44.82] Docker container ee9f47b5925a created&#xD;
[testcontainers.org 00:04:44.83] Start Docker container ee9f47b5925a&#xD;
[testcontainers.org 00:04:45.08] Wait for Docker container ee9f47b5925a to complete readiness checks&#xD;
[testcontainers.org 00:04:45.09] Execute "pg_isready --host localhost --dbname testdb --username testuser" at Docker container ee9f47b5925a&#xD;
[testcontainers.org 00:04:46.20] Execute "pg_isready --host localhost --dbname testdb --username testuser" at Docker container ee9f47b5925a&#xD;
[testcontainers.org 00:04:47.32] Execute "pg_isready --host localhost --dbname testdb --username testuser" at Docker container ee9f47b5925a&#xD;
[testcontainers.org 00:04:47.41] Docker container ee9f47b5925a ready&#xD;
[testcontainers.org 00:04:47.51] Delete Docker container ee9f47b5925a&#xD;
[testcontainers.org 00:04:48.07] Docker container 1107badd6acc created&#xD;
[testcontainers.org 00:04:48.08] Start Docker container 1107badd6acc&#xD;
[testcontainers.org 00:04:48.31] Wait for Docker container 1107badd6acc to complete readiness checks&#xD;
[testcontainers.org 00:04:48.32] Execute "pg_isready --host localhost --dbname testdb --username testuser" at Docker container 1107badd6acc&#xD;
[testcontainers.org 00:04:49.44] Execute "pg_isready --host localhost --dbname testdb --username testuser" at Docker container 1107badd6acc&#xD;
[testcontainers.org 00:04:50.54] Execute "pg_isready --host localhost --dbname testdb --username testuser" at Docker container 1107badd6acc&#xD;
[testcontainers.org 00:04:50.63] Docker container 1107badd6acc ready&#xD;
[testcontainers.org 00:04:50.70] Delete Docker container 1107badd6acc&#xD;
[testcontainers.org 00:04:51.29] Docker container 50e391f9579c created&#xD;
[testcontainers.org 00:04:51.30] Start Docker container 50e391f9579c&#xD;
[testcontainers.org 00:04:51.53] Wait for Docker container 50e391f9579c to complete readiness checks&#xD;
[testcontainers.org 00:04:51.54] Execute "pg_isready --host localhost --dbname testdb --username testuser" at Docker container 50e391f9579c&#xD;
[testcontainers.org 00:04:52.64] Execute "pg_isready --host localhost --dbname testdb --username testuser" at Docker container 50e391f9579c&#xD;
[testcontainers.org 00:04:53.73] Execute "pg_isready --host localhost --dbname testdb --username testuser" at Docker container 50e391f9579c&#xD;
[testcontainers.org 00:04:53.80] Docker container 50e391f9579c ready&#xD;
[testcontainers.org 00:04:53.88] Delete Docker container 50e391f9579c&#xD;
[testcontainers.org 00:04:54.42] Docker container c50cb37f5027 created&#xD;
[testcontainers.org 00:04:54.43] Start Docker container c50cb37f5027&#xD;
[testcontainers.org 00:04:54.64] Wait for Docker container c50cb37f5027 to complete readiness checks&#xD;
[testcontainers.org 00:04:54.66] Execute "pg_isready --host localhost --dbname testdb --username testuser" at Docker container c50cb37f5027&#xD;
[testcontainers.org 00:04:55.77] Execute "pg_isready --host localhost --dbname testdb --username testuser" at Docker container c50cb37f5027&#xD;
[testcontainers.org 00:04:56.85] Execute "pg_isready --host localhost --dbname testdb --username testuser" at Docker container c50cb37f5027&#xD;
[testcontainers.org 00:04:56.93] Docker container c50cb37f5027 ready&#xD;
[testcontainers.org 00:04:57.04] Delete Docker container c50cb37f5027&#xD;
[testcontainers.org 00:04:57.61] Docker container 61753c9b2202 created&#xD;
[testcontainers.org 00:04:57.62] Start Docker container 61753c9b2202&#xD;
[testcontainers.org 00:04:57.86] Wait for Docker container 61753c9b2202 to complete readiness checks&#xD;
[testcontainers.org 00:04:57.87] Execute "pg_isready --host localhost --dbname testdb --username testuser" at Docker container 61753c9b2202&#xD;
[testcontainers.org 00:04:58.96] Execute "pg_isready --host localhost --dbname testdb --username testuser" at Docker container 61753c9b2202&#xD;
[testcontainers.org 00:05:00.07] Execute "pg_isready --host localhost --dbname testdb --username testuser" at Docker container 61753c9b2202&#xD;
[testcontainers.org 00:05:00.16] Docker container 61753c9b2202 ready&#xD;
[testcontainers.org 00:05:00.28] Delete Docker container 61753c9b2202&#xD;
[testcontainers.org 00:05:00.80] Docker container c45b8829139c created&#xD;
[testcontainers.org 00:05:00.81] Start Docker container c45b8829139c&#xD;
[testcontainers.org 00:05:01.13] Wait for Docker container c45b8829139c to complete readiness checks&#xD;
[testcontainers.org 00:05:01.15] Execute "pg_isready --host localhost --dbname testdb --username testuser" at Docker container c45b8829139c&#xD;
[testcontainers.org 00:05:02.28] Execute "pg_isready --host localhost --dbname testdb --username testuser" at Docker container c45b8829139c&#xD;
[testcontainers.org 00:05:03.37] Execute "pg_isready --host localhost --dbname testdb --username testuser" at Docker container c45b8829139c&#xD;
[testcontainers.org 00:05:03.45] Docker container c45b8829139c ready&#xD;
[testcontainers.org 00:05:03.62] Delete Docker container c45b8829139c&#xD;
[testcontainers.org 00:05:04.22] Docker container b11910c11b01 created&#xD;
[testcontainers.org 00:05:04.24] Start Docker container b11910c11b01&#xD;
[testcontainers.org 00:05:04.48] Wait for Docker container b11910c11b01 to complete readiness checks&#xD;
[testcontainers.org 00:05:04.49] Execute "pg_isready --host localhost --dbname testdb --username testuser" at Docker container b11910c11b01&#xD;
[testcontainers.org 00:05:05.62] Execute "pg_isready --host localhost --dbname testdb --username testuser" at Docker container b11910c11b01&#xD;
[testcontainers.org 00:05:06.73] Execute "pg_isready --host localhost --dbname testdb --username testuser" at Docker container b11910c11b01&#xD;
[testcontainers.org 00:05:06.83] Docker container b11910c11b01 ready&#xD;
[testcontainers.org 00:05:07.14] Delete Docker container b11910c11b01&#xD;
[testcontainers.org 00:05:07.69] Docker container b694c9c6b854 created&#xD;
[testcontainers.org 00:05:07.70] Start Docker container b694c9c6b854&#xD;
[testcontainers.org 00:05:07.97] Wait for Docker container b694c9c6b854 to complete readiness checks&#xD;
[testcontainers.org 00:05:07.98] Execute "pg_isready --host localhost --dbname testdb --username testuser" at Docker container b694c9c6b854&#xD;
[testcontainers.org 00:05:09.08] Execute "pg_isready --host localhost --dbname testdb --username testuser" at Docker container b694c9c6b854&#xD;
[testcontainers.org 00:05:10.19] Execute "pg_isready --host localhost --dbname testdb --username testuser" at Docker container b694c9c6b854&#xD;
[testcontainers.org 00:05:10.29] Docker container b694c9c6b854 ready&#xD;
[testcontainers.org 00:05:10.41] Delete Docker container b694c9c6b854&#xD;
[testcontainers.org 00:05:10.99] Docker container 6741c39cba5b created&#xD;
[testcontainers.org 00:05:11.00] Start Docker container 6741c39cba5b&#xD;
[testcontainers.org 00:05:11.26] Wait for Docker container 6741c39cba5b to complete readiness checks&#xD;
[testcontainers.org 00:05:11.27] Execute "pg_isready --host localhost --dbname testdb --username testuser" at Docker container 6741c39cba5b&#xD;
[testcontainers.org 00:05:12.39] Execute "pg_isready --host localhost --dbname testdb --username testuser" at Docker container 6741c39cba5b&#xD;
[testcontainers.org 00:05:13.48] Execute "pg_isready --host localhost --dbname testdb --username testuser" at Docker container 6741c39cba5b&#xD;
[testcontainers.org 00:05:13.57] Docker container 6741c39cba5b ready&#xD;
[testcontainers.org 00:05:13.69] Delete Docker container 6741c39cba5b&#xD;
[testcontainers.org 00:05:14.33] Docker container 5cfb79d4c610 created&#xD;
[testcontainers.org 00:05:14.36] Start Docker container 5cfb79d4c610&#xD;
[testcontainers.org 00:05:14.61] Wait for Docker container 5cfb79d4c610 to complete readiness checks&#xD;
[testcontainers.org 00:05:14.62] Execute "pg_isready --host localhost --dbname testdb --username testuser" at Docker container 5cfb79d4c610&#xD;
[testcontainers.org 00:05:15.73] Execute "pg_isready --host localhost --dbname testdb --username testuser" at Docker container 5cfb79d4c610&#xD;
[testcontainers.org 00:05:16.84] Execute "pg_isready --host localhost --dbname testdb --username testuser" at Docker container 5cfb79d4c610&#xD;
[testcontainers.org 00:05:16.95] Docker container 5cfb79d4c610 ready&#xD;
[testcontainers.org 00:05:17.08] Delete Docker container 5cfb79d4c610&#xD;
[testcontainers.org 00:05:17.64] Docker container 5e9780bc1bff created&#xD;
[testcontainers.org 00:05:17.65] Start Docker container 5e9780bc1bff&#xD;
[testcontainers.org 00:05:17.88] Wait for Docker container 5e9780bc1bff to complete readiness checks&#xD;
[testcontainers.org 00:05:17.89] Execute "pg_isready --host localhost --dbname testdb --username testuser" at Docker container 5e9780bc1bff&#xD;
[testcontainers.org 00:05:19.00] Execute "pg_isready --host localhost --dbname testdb --username testuser" at Docker container 5e9780bc1bff&#xD;
[testcontainers.org 00:05:20.08] Execute "pg_isready --host localhost --dbname testdb --username testuser" at Docker container 5e9780bc1bff&#xD;
[testcontainers.org 00:05:20.17] Docker container 5e9780bc1bff ready&#xD;
[testcontainers.org 00:05:20.30] Delete Docker container 5e9780bc1bff&#xD;
[testcontainers.org 00:05:20.86] Docker container 99f2ac9d0723 created&#xD;
[testcontainers.org 00:05:20.87] Start Docker container 99f2ac9d0723&#xD;
[testcontainers.org 00:05:21.11] Wait for Docker container 99f2ac9d0723 to complete readiness checks&#xD;
[testcontainers.org 00:05:21.12] Execute "pg_isready --host localhost --dbname testdb --username testuser" at Docker container 99f2ac9d0723&#xD;
[testcontainers.org 00:05:22.24] Execute "pg_isready --host localhost --dbname testdb --username testuser" at Docker container 99f2ac9d0723&#xD;
[testcontainers.org 00:05:23.34] Execute "pg_isready --host localhost --dbname testdb --username testuser" at Docker container 99f2ac9d0723&#xD;
[testcontainers.org 00:05:23.42] Docker container 99f2ac9d0723 ready&#xD;
[testcontainers.org 00:05:23.54] Delete Docker container 99f2ac9d0723&#xD;
[testcontainers.org 00:05:24.13] Docker container 2cefc0945bfd created&#xD;
[testcontainers.org 00:05:24.13] Start Docker container 2cefc0945bfd&#xD;
[testcontainers.org 00:05:24.39] Wait for Docker container 2cefc0945bfd to complete readiness checks&#xD;
[testcontainers.org 00:05:24.40] Execute "pg_isready --host localhost --dbname testdb --username testuser" at Docker container 2cefc0945bfd&#xD;
[testcontainers.org 00:05:25.49] Execute "pg_isready --host localhost --dbname testdb --username testuser" at Docker container 2cefc0945bfd&#xD;
[testcontainers.org 00:05:26.60] Execute "pg_isready --host localhost --dbname testdb --username testuser" at Docker container 2cefc0945bfd&#xD;
[testcontainers.org 00:05:26.71] Docker container 2cefc0945bfd ready&#xD;
[testcontainers.org 00:05:26.85] Delete Docker container 2cefc0945bfd&#xD;
[testcontainers.org 00:05:27.43] Docker container 6713fa748307 created&#xD;
[testcontainers.org 00:05:27.43] Start Docker container 6713fa748307&#xD;
[testcontainers.org 00:05:27.70] Wait for Docker container 6713fa748307 to complete readiness checks&#xD;
[testcontainers.org 00:05:27.71] Execute "pg_isready --host localhost --dbname testdb --username testuser" at Docker container 6713fa748307&#xD;
[testcontainers.org 00:05:28.81] Execute "pg_isready --host localhost --dbname testdb --username testuser" at Docker container 6713fa748307&#xD;
[testcontainers.org 00:05:29.93] Execute "pg_isready --host localhost --dbname testdb --username testuser" at Docker container 6713fa748307&#xD;
[testcontainers.org 00:05:30.02] Docker container 6713fa748307 ready&#xD;
[testcontainers.org 00:05:30.15] Delete Docker container 6713fa748307&#xD;
[testcontainers.org 00:05:30.71] Docker container 84171cfcd86d created&#xD;
[testcontainers.org 00:05:30.72] Start Docker container 84171cfcd86d&#xD;
[testcontainers.org 00:05:30.96] Wait for Docker container 84171cfcd86d to complete readiness checks&#xD;
[testcontainers.org 00:05:30.97] Execute "pg_isready --host localhost --dbname testdb --username testuser" at Docker container 84171cfcd86d&#xD;
[testcontainers.org 00:05:32.07] Execute "pg_isready --host localhost --dbname testdb --username testuser" at Docker container 84171cfcd86d&#xD;
[testcontainers.org 00:05:33.18] Execute "pg_isready --host localhost --dbname testdb --username testuser" at Docker container 84171cfcd86d&#xD;
[testcontainers.org 00:05:33.29] Docker container 84171cfcd86d ready&#xD;
[testcontainers.org 00:05:33.41] Delete Docker container 84171cfcd86d&#xD;
[testcontainers.org 00:05:33.99] Docker container b5c7f685635c created&#xD;
[testcontainers.org 00:05:34.00] Start Docker container b5c7f685635c&#xD;
[testcontainers.org 00:05:34.27] Wait for Docker container b5c7f685635c to complete readiness checks&#xD;
[testcontainers.org 00:05:34.28] Execute "pg_isready --host localhost --dbname testdb --username testuser" at Docker container b5c7f685635c&#xD;
[testcontainers.org 00:05:35.38] Execute "pg_isready --host localhost --dbname testdb --username testuser" at Docker container b5c7f685635c&#xD;
[testcontainers.org 00:05:36.46] Execute "pg_isready --host localhost --dbname testdb --username testuser" at Docker container b5c7f685635c&#xD;
[testcontainers.org 00:05:36.56] Docker container b5c7f685635c ready&#xD;
[testcontainers.org 00:05:36.68] Delete Docker container b5c7f685635c&#xD;
[testcontainers.org 00:05:37.21] Docker container b2142169bde8 created&#xD;
[testcontainers.org 00:05:37.22] Start Docker container b2142169bde8&#xD;
[testcontainers.org 00:05:37.48] Wait for Docker container b2142169bde8 to complete readiness checks&#xD;
[testcontainers.org 00:05:37.48] Execute "pg_isready --host localhost --dbname testdb --username testuser" at Docker container b2142169bde8&#xD;
[testcontainers.org 00:05:38.60] Execute "pg_isready --host localhost --dbname testdb --username testuser" at Docker container b2142169bde8&#xD;
[testcontainers.org 00:05:39.69] Execute "pg_isready --host localhost --dbname testdb --username testuser" at Docker container b2142169bde8&#xD;
[testcontainers.org 00:05:39.80] Docker container b2142169bde8 ready&#xD;
[testcontainers.org 00:05:39.94] Delete Docker container b2142169bde8&#xD;
[xUnit.net 00:05:40.80]   Finished:    PgSchemaExporter.Tests&#xD;
</StdOut>
    </Output>
  </ResultSummary>
</TestRun>