<?xml version="1.0" encoding="utf-8"?>
<TestRun id="0ebe6bee-9386-45d4-a1a1-0b608870a12c" name="@docker-desktop 2026-07-14 15:30:40" xmlns="http://microsoft.com/schemas/VisualStudio/TeamTest/2010">
  <Times creation="2026-07-14T15:30:40.6982984+00:00" queuing="2026-07-14T15:30:40.6982984+00:00" start="2026-07-14T15:30:36.4488147+00:00" finish="2026-07-14T15:33:52.5689939+00:00" />
  <TestSettings name="default" id="aa45b063-27b2-4eb5-a42f-107a318d682b">
    <Deployment runDeploymentRoot="_docker-desktop_2026-07-14_15_30_40" />
  </TestSettings>
  <Results>
    <UnitTestResult executionId="de676902-f580-4ceb-b984-3ba831115edc" testId="5e900042-c9fe-b235-9ea7-70a2e3e03da7" testName="PgSchemaExporter.Tests.CliEndToEndTests.DiffWorkflow_LiveDatabaseToLiveDatabase" computerName="docker-desktop" duration="00:00:00.5016696" startTime="2026-07-14T15:30:40.6681986+00:00" endTime="2026-07-14T15:30:40.6682205+00:00" testType="13cdc9d9-ddb5-4fa4-a97d-d965ccfc6d4b" outcome="Passed" testListId="8c84fa94-04c1-424b-9868-57a2d4851a1d" relativeResultsDirectory="de676902-f580-4ceb-b984-3ba831115edc" />
    <UnitTestResult executionId="c4102f7b-d306-499c-b1f8-ec34aa6c5c5f" testId="94d8dd80-9037-4f55-7370-46245c7b5067" testName="PgSchemaExporter.Tests.DiagramDriftFingerprintIntegrationTests.Diagram_FromExportedDirectory_GeneratesMermaid" computerName="docker-desktop" duration="00:00:00.1337119" startTime="2026-07-14T15:31:19.5096133+00:00" endTime="2026-07-14T15:31:19.5096134+00:00" testType="13cdc9d9-ddb5-4fa4-a97d-d965ccfc6d4b" outcome="Passed" testListId="8c84fa94-04c1-424b-9868-57a2d4851a1d" relativeResultsDirectory="c4102f7b-d306-499c-b1f8-ec34aa6c5c5f" />
    <UnitTestResult executionId="e200cdbe-8cd4-4bc6-9353-14e4b99820f7" testId="ba7a5aa4-2158-e54b-20ec-618263e4e630" testName="PgSchemaExporter.Tests.MetadataObjectTypesIntegrationTests.LoadAsync_LoadsEventTriggers" computerName="docker-desktop" duration="00:00:00.1034230" startTime="2026-07-14T15:32:38.4025498+00:00" endTime="2026-07-14T15:32:38.4025500+00:00" testType="13cdc9d9-ddb5-4fa4-a97d-d965ccfc6d4b" outcome="Passed" testListId="8c84fa94-04c1-424b-9868-57a2d4851a1d" relativeResultsDirectory="e200cdbe-8cd4-4bc6-9353-14e4b99820f7" />
    <UnitTestResult executionId="9fc0cb65-2ae2-41d7-a2b3-ec2380b6089c" testId="53091f5e-0a65-cf3b-c6bd-afab70ead78b" testName="PgSchemaExporter.Tests.MetadataObjectTypesIntegrationTests.LoadAsync_LoadsSequences" computerName="docker-desktop" duration="00:00:00.1048423" startTime="2026-07-14T15:32:35.4001654+00:00" endTime="2026-07-14T15:32:35.4001656+00:00" testType="13cdc9d9-ddb5-4fa4-a97d-d965ccfc6d4b" outcome="Passed" testListId="8c84fa94-04c1-424b-9868-57a2d4851a1d" relativeResultsDirectory="9fc0cb65-2ae2-41d7-a2b3-ec2380b6089c" />
    <UnitTestResult executionId="ff7ea75a-9d6d-46d6-b97a-6e9d98e2eb64" testId="149af64e-491a-f024-3364-671df510ab9a" testName="PgSchemaExporter.Tests.MetadataObjectTypesIntegrationTests.LoadAsync_LoadsAggregates" computerName="docker-desktop" duration="00:00:00.1003700" startTime="2026-07-14T15:32:29.7389741+00:00" endTime="2026-07-14T15:32:29.7389742+00:00" testType="13cdc9d9-ddb5-4fa4-a97d-d965ccfc6d4b" outcome="Passed" testListId="8c84fa94-04c1-424b-9868-57a2d4851a1d" relativeResultsDirectory="ff7ea75a-9d6d-46d6-b97a-6e9d98e2eb64" />
    <UnitTestResult executionId="bc6a87a1-522c-4970-a091-f152c6ee2eee" testId="00c4af6b-f939-2abb-38bb-9ad37cb611d0" testName="PgSchemaExporter.Tests.DiagramDriftFingerprintIntegrationTests.Diagram_FromLiveDatabase_GeneratesDot" computerName="docker-desktop" duration="00:00:00.0560931" startTime="2026-07-14T15:31:31.0819573+00:00" endTime="2026-07-14T15:31:31.0819574+00:00" testType="13cdc9d9-ddb5-4fa4-a97d-d965ccfc6d4b" outcome="Passed" testListId="8c84fa94-04c1-424b-9868-57a2d4851a1d" relativeResultsDirectory="bc6a87a1-522c-4970-a091-f152c6ee2eee" />
    <UnitTestResult executionId="68238e2f-096e-48c1-b37c-dd1f858b0e9c" testId="433cec88-ee13-b6e2-f689-12bd9182b060" testName="PgSchemaExporter.Tests.DiffAdvancedIntegrationTests.DiffAsync_DirectoryVsLiveDatabase_DetectsDrift" computerName="docker-desktop" duration="00:00:00.1298154" startTime="2026-07-14T15:31:54.5054771+00:00" endTime="2026-07-14T15:31:54.5054771+00:00" testType="13cdc9d9-ddb5-4fa4-a97d-d965ccfc6d4b" outcome="Passed" testListId="8c84fa94-04c1-424b-9868-57a2d4851a1d" relativeResultsDirectory="68238e2f-096e-48c1-b37c-dd1f858b0e9c" />
    <UnitTestResult executionId="3c42776a-c80f-47d8-a9f8-fced28a980bf" testId="d987b455-5111-4377-4aef-0d177441f847" testName="PgSchemaExporter.Tests.ExportOptionsIntegrationTests.SplitIndexesFalse_InlinesIndexes" computerName="docker-desktop" duration="00:00:00.0593163" startTime="2026-07-14T15:32:03.0146657+00:00" endTime="2026-07-14T15:32:03.0146658+00:00" testType="13cdc9d9-ddb5-4fa4-a97d-d965ccfc6d4b" outcome="Passed" testListId="8c84fa94-04c1-424b-9868-57a2d4851a1d" relativeResultsDirectory="3c42776a-c80f-47d8-a9f8-fced28a980bf" />
    <UnitTestResult executionId="15cc36c0-ee5f-407d-91b0-780e562f13db" testId="0fc41315-8180-11f8-f4ce-47af2c722333" testName="PgSchemaExporter.Tests.DiagramDriftFingerprintIntegrationTests.Diagram_FromLiveDatabase_GeneratesMermaid" computerName="docker-desktop" duration="00:00:00.0568974" startTime="2026-07-14T15:31:28.1523287+00:00" endTime="2026-07-14T15:31:28.1523306+00:00" testType="13cdc9d9-ddb5-4fa4-a97d-d965ccfc6d4b" outcome="Passed" testListId="8c84fa94-04c1-424b-9868-57a2d4851a1d" relativeResultsDirectory="15cc36c0-ee5f-407d-91b0-780e562f13db" />
    <UnitTestResult executionId="be40a8e1-a135-4ad1-b759-7f540a0161b7" testId="3a699a9c-c3b2-323f-d929-45bf23e7ca1c" testName="PgSchemaExporter.Tests.MetadataObjectTypesIntegrationTests.LoadAsync_LoadsOperators" computerName="docker-desktop" duration="00:00:00.1032976" startTime="2026-07-14T15:32:41.3986620+00:00" endTime="2026-07-14T15:32:41.3986622+00:00" testType="13cdc9d9-ddb5-4fa4-a97d-d965ccfc6d4b" outcome="Passed" testListId="8c84fa94-04c1-424b-9868-57a2d4851a1d" relativeResultsDirectory="be40a8e1-a135-4ad1-b759-7f540a0161b7" />
    <UnitTestResult executionId="e15469df-9b8e-4ce6-8b01-5f4e27c7a22e" testId="3d3ae21e-b51b-d64a-523a-18e782b15111" testName="PgSchemaExporter.Tests.PostgresMetadataProviderIntegrationTests.LoadAsync_LoadsExtensions" computerName="docker-desktop" duration="00:00:00.1198414" startTime="2026-07-14T15:33:46.4300097+00:00" endTime="2026-07-14T15:33:46.4300099+00:00" testType="13cdc9d9-ddb5-4fa4-a97d-d965ccfc6d4b" outcome="Passed" testListId="8c84fa94-04c1-424b-9868-57a2d4851a1d" relativeResultsDirectory="e15469df-9b8e-4ce6-8b01-5f4e27c7a22e" />
    <UnitTestResult executionId="48096907-7419-4a18-b786-020e69f663cb" testId="1b4a48c4-8e2d-6b08-0047-0eb83bce0067" testName="PgSchemaExporter.Tests.DiffAdvancedIntegrationTests.Diff_IgnoreComments_TreatsAsEqual" computerName="docker-desktop" duration="00:00:00.0024074" startTime="2026-07-14T15:31:45.7302351+00:00" endTime="2026-07-14T15:31:45.7302353+00:00" testType="13cdc9d9-ddb5-4fa4-a97d-d965ccfc6d4b" outcome="Passed" testListId="8c84fa94-04c1-424b-9868-57a2d4851a1d" relativeResultsDirectory="48096907-7419-4a18-b786-020e69f663cb" />
    <UnitTestResult executionId="b9ed920e-0252-4a1b-9519-8220fb6f4547" testId="d6eac78f-0d0b-ff84-36df-ae652ab96cc6" testName="PgSchemaExporter.Tests.PostgresMetadataProviderIntegrationTests.LoadAsync_WithIncludeFilters_LoadsOnlyIncludedTypes" computerName="docker-desktop" duration="00:00:00.1071974" startTime="2026-07-14T15:33:10.7125024+00:00" endTime="2026-07-14T15:33:10.7125025+00:00" testType="13cdc9d9-ddb5-4fa4-a97d-d965ccfc6d4b" outcome="Passed" testListId="8c84fa94-04c1-424b-9868-57a2d4851a1d" relativeResultsDirectory="b9ed920e-0252-4a1b-9519-8220fb6f4547" />
    <UnitTestResult executionId="c10511ca-8aef-4b4d-acce-41fbfc7cf357" testId="984106da-7aac-3413-98e8-eaf5f1ee916b" testName="PgSchemaExporter.Tests.CliEndToEndTests.InitWorkflow_CreatesConfigTemplate" computerName="docker-desktop" duration="00:00:00.0072256" startTime="2026-07-14T15:31:04.4892037+00:00" endTime="2026-07-14T15:31:04.4892037+00:00" testType="13cdc9d9-ddb5-4fa4-a97d-d965ccfc6d4b" outcome="Passed" testListId="8c84fa94-04c1-424b-9868-57a2d4851a1d" relativeResultsDirectory="c10511ca-8aef-4b4d-acce-41fbfc7cf357" />
    <UnitTestResult executionId="cf292d69-e4e3-41c3-bead-f8931ccb6112" testId="61250fe6-4c4d-5950-2533-9921b9bdf4cc" testName="PgSchemaExporter.Tests.CliEndToEndTests.MigrateWorkflow_GeneratesUpAndDownScripts" computerName="docker-desktop" duration="00:00:00.0979251" startTime="2026-07-14T15:31:07.5286633+00:00" endTime="2026-07-14T15:31:07.5286634+00:00" testType="13cdc9d9-ddb5-4fa4-a97d-d965ccfc6d4b" outcome="Passed" testListId="8c84fa94-04c1-424b-9868-57a2d4851a1d" relativeResultsDirectory="cf292d69-e4e3-41c3-bead-f8931ccb6112" />
    <UnitTestResult executionId="b6c4cfb3-46f7-4c95-a56f-f2d6190128bc" testId="58fbf526-e09c-408b-fd5a-8f897dbe4638" testName="PgSchemaExporter.Tests.PostgresMetadataProviderIntegrationTests.LoadAsync_WithExcludeSchemas_ExcludesSpecifiedSchemas" computerName="docker-desktop" duration="00:00:00.2747769" startTime="2026-07-14T15:33:19.8231297+00:00" endTime="2026-07-14T15:33:19.8231298+00:00" testType="13cdc9d9-ddb5-4fa4-a97d-d965ccfc6d4b" outcome="Passed" testListId="8c84fa94-04c1-424b-9868-57a2d4851a1d" relativeResultsDirectory="b6c4cfb3-46f7-4c95-a56f-f2d6190128bc" />
    <UnitTestResult executionId="cba8b639-2604-483b-81d5-ea1d3e87e1f9" testId="b0fbde85-cb57-4edb-a3b7-1aee1f759d2b" testName="PgSchemaExporter.Tests.CliEndToEndTests.InitWorkflow_WithoutOverwrite_ThrowsOnExistingFile" computerName="docker-desktop" duration="00:00:00.0035192" startTime="2026-07-14T15:31:10.4357991+00:00" endTime="2026-07-14T15:31:10.4357992+00:00" testType="13cdc9d9-ddb5-4fa4-a97d-d965ccfc6d4b" outcome="Passed" testListId="8c84fa94-04c1-424b-9868-57a2d4851a1d" relativeResultsDirectory="cba8b639-2604-483b-81d5-ea1d3e87e1f9" />
    <UnitTestResult executionId="9709e82a-a63d-4d43-a285-25c015711f32" testId="950071d6-b6c1-adeb-3158-e930571413d9" testName="PgSchemaExporter.Tests.DiagramDriftFingerprintIntegrationTests.Fingerprint_ComputeAndVerify_Matches" computerName="docker-desktop" duration="00:00:00.1210312" startTime="2026-07-14T15:31:16.5382115+00:00" endTime="2026-07-14T15:31:16.5382117+00:00" testType="13cdc9d9-ddb5-4fa4-a97d-d965ccfc6d4b" outcome="Passed" testListId="8c84fa94-04c1-424b-9868-57a2d4851a1d" relativeResultsDirectory="9709e82a-a63d-4d43-a285-25c015711f32" />
    <UnitTestResult executionId="8a056492-bacb-44c3-98f1-a87ed7378919" testId="ae9ea9be-1bbc-4e25-5fad-3b5b0f45adf7" testName="PgSchemaExporter.Tests.MetadataObjectTypesIntegrationTests.LoadAsync_LoadsComments" computerName="docker-desktop" duration="00:00:00.1061535" startTime="2026-07-14T15:32:26.7571903+00:00" endTime="2026-07-14T15:32:26.7571905+00:00" testType="13cdc9d9-ddb5-4fa4-a97d-d965ccfc6d4b" outcome="Passed" testListId="8c84fa94-04c1-424b-9868-57a2d4851a1d" relativeResultsDirectory="8a056492-bacb-44c3-98f1-a87ed7378919" />
    <UnitTestResult executionId="371cb41d-7829-4e8d-bad6-fcf4d1aa16a7" testId="f29927ff-3c70-820a-f4c8-4a547ac2d6be" testName="PgSchemaExporter.Tests.ExportOptionsIntegrationTests.CleanOutputDirectory_RemovesStaleFiles" computerName="docker-desktop" duration="00:00:00.0570194" startTime="2026-07-14T15:32:08.8579159+00:00" endTime="2026-07-14T15:32:08.8579160+00:00" testType="13cdc9d9-ddb5-4fa4-a97d-d965ccfc6d4b" outcome="Passed" testListId="8c84fa94-04c1-424b-9868-57a2d4851a1d" relativeResultsDirectory="371cb41d-7829-4e8d-bad6-fcf4d1aa16a7" />
    <UnitTestResult executionId="36075fa4-64a6-4ad4-a769-ca6be7ef77ed" testId="81b40a53-cb6d-b902-87e9-505ada1d256a" testName="PgSchemaExporter.Tests.PlanApplyIntegrationTests.ApplyWorkflow_UpAndDown_ColumnChange" computerName="docker-desktop" duration="00:00:00.1020115" startTime="2026-07-14T15:32:44.3714144+00:00" endTime="2026-07-14T15:32:44.3714146+00:00" testType="13cdc9d9-ddb5-4fa4-a97d-d965ccfc6d4b" outcome="Passed" testListId="8c84fa94-04c1-424b-9868-57a2d4851a1d" relativeResultsDirectory="36075fa4-64a6-4ad4-a769-ca6be7ef77ed" />
    <UnitTestResult executionId="41045e81-5ef6-4355-bf23-7d406c64b282" testId="3f475a74-11ca-5841-d799-8cfb2006cef6" testName="PgSchemaExporter.Tests.PlanApplyIntegrationTests.PlanWorkflow_GeneratesPlanWithChangesAndHazards" computerName="docker-desktop" duration="00:00:00.0530993" startTime="2026-07-14T15:32:53.2674108+00:00" endTime="2026-07-14T15:32:53.2674109+00:00" testType="13cdc9d9-ddb5-4fa4-a97d-d965ccfc6d4b" outcome="Passed" testListId="8c84fa94-04c1-424b-9868-57a2d4851a1d" relativeResultsDirectory="41045e81-5ef6-4355-bf23-7d406c64b282" />
    <UnitTestResult executionId="4cf723fa-ae97-4b2d-adcf-a956e3019b3d" testId="ce6f59dc-49da-c1c3-b757-ab6e9f83e49b" testName="PgSchemaExporter.Tests.PostgresMetadataProviderIntegrationTests.LoadAsync_LoadsCustomTypes" computerName="docker-desktop" duration="00:00:00.1211101" startTime="2026-07-14T15:33:31.8337291+00:00" endTime="2026-07-14T15:33:31.8337292+00:00" testType="13cdc9d9-ddb5-4fa4-a97d-d965ccfc6d4b" outcome="Passed" testListId="8c84fa94-04c1-424b-9868-57a2d4851a1d" relativeResultsDirectory="4cf723fa-ae97-4b2d-adcf-a956e3019b3d" />
    <UnitTestResult executionId="4e4b51bd-d016-499b-b54b-93da638f0401" testId="0041ec5b-c3fa-7f16-2035-913f65537b8a" testName="PgSchemaExporter.Tests.CliEndToEndTests.InitWorkflow_WithOverwrite_OverwritesExistingFile" computerName="docker-desktop" duration="00:00:00.0300510" startTime="2026-07-14T15:30:58.5378423+00:00" endTime="2026-07-14T15:30:58.5378424+00:00" testType="13cdc9d9-ddb5-4fa4-a97d-d965ccfc6d4b" outcome="Passed" testListId="8c84fa94-04c1-424b-9868-57a2d4851a1d" relativeResultsDirectory="4e4b51bd-d016-499b-b54b-93da638f0401" />
    <UnitTestResult executionId="956aac77-bbff-46ae-b7ed-1c005bea04a8" testId="a7dcd4f4-529d-bc2c-583e-b828718b922a" testName="PgSchemaExporter.Tests.PostgresMetadataProviderIntegrationTests.LoadAsync_LoadsDomains" computerName="docker-desktop" duration="00:00:00.1302087" startTime="2026-07-14T15:33:34.8050448+00:00" endTime="2026-07-14T15:33:34.8050450+00:00" testType="13cdc9d9-ddb5-4fa4-a97d-d965ccfc6d4b" outcome="Passed" testListId="8c84fa94-04c1-424b-9868-57a2d4851a1d" relativeResultsDirectory="956aac77-bbff-46ae-b7ed-1c005bea04a8" />
    <UnitTestResult executionId="a0edbbc3-404b-4917-905b-d186e7022b92" testId="1ac6a7a2-2bc2-4fda-3815-24b49d79ecf0" testName="PgSchemaExporter.Tests.MetadataObjectTypesIntegrationTests.LoadAsync_LoadsPolicies" computerName="docker-desktop" duration="00:00:00.1065851" startTime="2026-07-14T15:32:14.7988655+00:00" endTime="2026-07-14T15:32:14.7988657+00:00" testType="13cdc9d9-ddb5-4fa4-a97d-d965ccfc6d4b" outcome="Passed" testListId="8c84fa94-04c1-424b-9868-57a2d4851a1d" relativeResultsDirectory="a0edbbc3-404b-4917-905b-d186e7022b92" />
    <UnitTestResult executionId="3b9e96f7-2a69-4ccc-96ca-b80fdf1fc908" testId="2b711af9-0d03-24ad-0c20-14b23f6ee99e" testName="PgSchemaExporter.Tests.CliEndToEndTests.DiffWorkflow_DirectoryToLiveDatabase" computerName="docker-desktop" duration="00:00:00.2192424" startTime="2026-07-14T15:30:43.8488631+00:00" endTime="2026-07-14T15:30:43.8488635+00:00" testType="13cdc9d9-ddb5-4fa4-a97d-d965ccfc6d4b" outcome="Passed" testListId="8c84fa94-04c1-424b-9868-57a2d4851a1d" relativeResultsDirectory="3b9e96f7-2a69-4ccc-96ca-b80fdf1fc908" />
    <UnitTestResult executionId="59714ebc-ddee-4eac-8c9a-91aa226897b5" testId="0a5bcd04-60a2-39d7-1b45-c315eb7486ed" testName="PgSchemaExporter.Tests.PostgresMetadataProviderIntegrationTests.LoadAsync_LoadsViews" computerName="docker-desktop" duration="00:00:00.1319780" startTime="2026-07-14T15:33:28.8390359+00:00" endTime="2026-07-14T15:33:28.8390360+00:00" testType="13cdc9d9-ddb5-4fa4-a97d-d965ccfc6d4b" outcome="Passed" testListId="8c84fa94-04c1-424b-9868-57a2d4851a1d" relativeResultsDirectory="59714ebc-ddee-4eac-8c9a-91aa226897b5" />
    <UnitTestResult executionId="1636de6b-c413-4145-92ad-e7f10008a2fe" testId="6166e2f4-9133-c1df-3190-c449bbb0fdd7" testName="PgSchemaExporter.Tests.DiagramDriftFingerprintIntegrationTests.Drift_DetectsTableChanges" computerName="docker-desktop" duration="00:00:00.1713883" startTime="2026-07-14T15:31:22.6132077+00:00" endTime="2026-07-14T15:31:22.6132079+00:00" testType="13cdc9d9-ddb5-4fa4-a97d-d965ccfc6d4b" outcome="Passed" testListId="8c84fa94-04c1-424b-9868-57a2d4851a1d" relativeResultsDirectory="1636de6b-c413-4145-92ad-e7f10008a2fe" />
    <UnitTestResult executionId="7be2d23d-12db-4df3-8d26-5fd07d00e650" testId="7a4076c4-82aa-7521-7d79-aee4309edc9a" testName="PgSchemaExporter.Tests.DiffAdvancedIntegrationTests.Diff_ReportWriter_WritesJsonAndHtml" computerName="docker-desktop" duration="00:00:00.0134665" startTime="2026-07-14T15:31:39.9587776+00:00" endTime="2026-07-14T15:31:39.9587778+00:00" testType="13cdc9d9-ddb5-4fa4-a97d-d965ccfc6d4b" outcome="Passed" testListId="8c84fa94-04c1-424b-9868-57a2d4851a1d" relativeResultsDirectory="7be2d23d-12db-4df3-8d26-5fd07d00e650" />
    <UnitTestResult executionId="1e13866f-5958-44fc-acfb-05d397c776aa" testId="b3b91259-a92f-6507-5b4d-e19d607b6c6d" testName="PgSchemaExporter.Tests.PostgresMetadataProviderIntegrationTests.LoadAsync_LoadsAllObjectTypes" computerName="docker-desktop" duration="00:00:00.1124239" startTime="2026-07-14T15:33:49.4770445+00:00" endTime="2026-07-14T15:33:49.4770445+00:00" testType="13cdc9d9-ddb5-4fa4-a97d-d965ccfc6d4b" outcome="Passed" testListId="8c84fa94-04c1-424b-9868-57a2d4851a1d" relativeResultsDirectory="1e13866f-5958-44fc-acfb-05d397c776aa" />
    <UnitTestResult executionId="6b8f6020-6bca-4496-a478-7a333625a29f" testId="33292f56-f0bb-c6b6-a075-55717de0b609" testName="PgSchemaExporter.Tests.DiagramDriftFingerprintIntegrationTests.Fingerprint_DetectsAddedFile" computerName="docker-desktop" duration="00:00:00.1067008" startTime="2026-07-14T15:31:37.1285979+00:00" endTime="2026-07-14T15:31:37.1285981+00:00" testType="13cdc9d9-ddb5-4fa4-a97d-d965ccfc6d4b" outcome="Passed" testListId="8c84fa94-04c1-424b-9868-57a2d4851a1d" relativeResultsDirectory="6b8f6020-6bca-4496-a478-7a333625a29f" />
    <UnitTestResult executionId="22aa7f07-bc6b-452b-adc1-f76e29299fe4" testId="e7eabfc9-3431-aab8-997e-f7ca72e621ce" testName="PgSchemaExporter.Tests.CliEndToEndTests.DiffWorkflow_DirectoryToDirectory" computerName="docker-desktop" duration="00:00:00.1483773" startTime="2026-07-14T15:31:13.5214186+00:00" endTime="2026-07-14T15:31:13.5214187+00:00" testType="13cdc9d9-ddb5-4fa4-a97d-d965ccfc6d4b" outcome="Passed" testListId="8c84fa94-04c1-424b-9868-57a2d4851a1d" relativeResultsDirectory="22aa7f07-bc6b-452b-adc1-f76e29299fe4" />
    <UnitTestResult executionId="23e3daf8-a137-4854-a3cb-30cc6008f76f" testId="9975a318-d00e-0b2f-59ac-630dd0dea3af" testName="PgSchemaExporter.Tests.DiagramDriftFingerprintIntegrationTests.Drift_NoDrift_WhenSchemaMatches" computerName="docker-desktop" duration="00:00:00.1674679" startTime="2026-07-14T15:31:34.1078436+00:00" endTime="2026-07-14T15:31:34.1078439+00:00" testType="13cdc9d9-ddb5-4fa4-a97d-d965ccfc6d4b" outcome="Passed" testListId="8c84fa94-04c1-424b-9868-57a2d4851a1d" relativeResultsDirectory="23e3daf8-a137-4854-a3cb-30cc6008f76f" />
    <UnitTestResult executionId="7f96a189-86f9-4e86-b423-c8c377e490a1" testId="f140ca54-94ea-a204-15ac-01c002b7b29b" testName="PgSchemaExporter.Tests.PlanApplyIntegrationTests.ApplyWorkflow_SafeMode_SkipsDestructive" computerName="docker-desktop" duration="00:00:00.0582169" startTime="2026-07-14T15:32:50.2740035+00:00" endTime="2026-07-14T15:32:50.2740036+00:00" testType="13cdc9d9-ddb5-4fa4-a97d-d965ccfc6d4b" outcome="Passed" testListId="8c84fa94-04c1-424b-9868-57a2d4851a1d" relativeResultsDirectory="7f96a189-86f9-4e86-b423-c8c377e490a1" />
    <UnitTestResult executionId="c80e050a-cf6e-41c5-94fa-c0ca5817d119" testId="d7b72843-254b-ff19-45fb-73d756108aa9" testName="PgSchemaExporter.Tests.DiffAdvancedIntegrationTests.Diff_ShowContext_PopulatesFileDiffs" computerName="docker-desktop" duration="00:00:00.0028287" startTime="2026-07-14T15:31:51.4669296+00:00" endTime="2026-07-14T15:31:51.4669297+00:00" testType="13cdc9d9-ddb5-4fa4-a97d-d965ccfc6d4b" outcome="Passed" testListId="8c84fa94-04c1-424b-9868-57a2d4851a1d" relativeResultsDirectory="c80e050a-cf6e-41c5-94fa-c0ca5817d119" />
    <UnitTestResult executionId="12137492-9d39-4bf0-82d8-88a8d5c239a2" testId="2138d907-accb-ccd0-f1c5-891498307877" testName="PgSchemaExporter.Tests.MetadataObjectTypesIntegrationTests.LoadAsync_LoadsGrants" computerName="docker-desktop" duration="00:00:00.1064459" startTime="2026-07-14T15:32:11.8001817+00:00" endTime="2026-07-14T15:32:11.8001818+00:00" testType="13cdc9d9-ddb5-4fa4-a97d-d965ccfc6d4b" outcome="Passed" testListId="8c84fa94-04c1-424b-9868-57a2d4851a1d" relativeResultsDirectory="12137492-9d39-4bf0-82d8-88a8d5c239a2" />
    <UnitTestResult executionId="f97029ce-3dfa-44c3-a42e-f19cc44c8a20" testId="ba3cd8b9-74d3-15fb-1b15-3ec9410995b8" testName="PgSchemaExporter.Tests.CliEndToEndTests.ExportWorkflow_DryRun_DoesNotWriteFiles" computerName="docker-desktop" duration="00:00:00.0820089" startTime="2026-07-14T15:30:55.5899772+00:00" endTime="2026-07-14T15:30:55.5899774+00:00" testType="13cdc9d9-ddb5-4fa4-a97d-d965ccfc6d4b" outcome="Passed" testListId="8c84fa94-04c1-424b-9868-57a2d4851a1d" relativeResultsDirectory="f97029ce-3dfa-44c3-a42e-f19cc44c8a20" />
    <UnitTestResult executionId="5d2640b7-daa9-4a26-9900-357e4d0cdaa6" testId="4961b047-1a4a-7894-8c06-ac8bbb6d57d0" testName="PgSchemaExporter.Tests.PlanApplyIntegrationTests.ApplyWorkflow_DryRun_DoesNotModifyDatabase" computerName="docker-desktop" duration="00:00:00.0820129" startTime="2026-07-14T15:32:59.2255481+00:00" endTime="2026-07-14T15:32:59.2255482+00:00" testType="13cdc9d9-ddb5-4fa4-a97d-d965ccfc6d4b" outcome="Passed" testListId="8c84fa94-04c1-424b-9868-57a2d4851a1d" relativeResultsDirectory="5d2640b7-daa9-4a26-9900-357e4d0cdaa6" />
    <UnitTestResult executionId="8a7bacff-a85e-4552-b974-207269eb474a" testId="968d7ff5-11d6-67ec-c54b-e7302786fe90" testName="PgSchemaExporter.Tests.DiffAdvancedIntegrationTests.Diff_Directories_DetectsAddedRemovedAndChanged" computerName="docker-desktop" duration="00:00:00.0042210" startTime="2026-07-14T15:31:48.5780199+00:00" endTime="2026-07-14T15:31:48.5780200+00:00" testType="13cdc9d9-ddb5-4fa4-a97d-d965ccfc6d4b" outcome="Passed" testListId="8c84fa94-04c1-424b-9868-57a2d4851a1d" relativeResultsDirectory="8a7bacff-a85e-4552-b974-207269eb474a" />
    <UnitTestResult executionId="14f24c55-b562-49d1-acea-8aced6bb1c79" testId="37443c47-3e9a-1cfa-81c5-8652ddeee9e8" testName="PgSchemaExporter.Tests.PostgresMetadataProviderIntegrationTests.LoadAsync_SubscriptionPermissionError_DoesNotFailEntireExport" computerName="docker-desktop" duration="00:00:00.1122858" startTime="2026-07-14T15:33:22.8467844+00:00" endTime="2026-07-14T15:33:22.8467845+00:00" testType="13cdc9d9-ddb5-4fa4-a97d-d965ccfc6d4b" outcome="Passed" testListId="8c84fa94-04c1-424b-9868-57a2d4851a1d" relativeResultsDirectory="14f24c55-b562-49d1-acea-8aced6bb1c79" />
    <UnitTestResult executionId="1cc24340-4aa2-4f15-9d2c-c2b5529a139f" testId="a6cd6cd2-6a5c-2816-7d52-b404c18a096e" testName="PgSchemaExporter.Tests.PostgresMetadataProviderIntegrationTests.LoadAsync_LoadsFunctions" computerName="docker-desktop" duration="00:00:00.1278687" startTime="2026-07-14T15:33:43.4608384+00:00" endTime="2026-07-14T15:33:43.4608386+00:00" testType="13cdc9d9-ddb5-4fa4-a97d-d965ccfc6d4b" outcome="Passed" testListId="8c84fa94-04c1-424b-9868-57a2d4851a1d" relativeResultsDirectory="1cc24340-4aa2-4f15-9d2c-c2b5529a139f" />
    <UnitTestResult executionId="833415ef-befb-43d6-a47f-fb1c4e7a3442" testId="981fae4a-444b-beaf-4ebe-75de6c0b2999" testName="PgSchemaExporter.Tests.DiffAdvancedIntegrationTests.Diff_IgnoreWhitespace_TreatsAsEqual" computerName="docker-desktop" duration="00:00:00.0027272" startTime="2026-07-14T15:31:42.8005535+00:00" endTime="2026-07-14T15:31:42.8005536+00:00" testType="13cdc9d9-ddb5-4fa4-a97d-d965ccfc6d4b" outcome="Passed" testListId="8c84fa94-04c1-424b-9868-57a2d4851a1d" relativeResultsDirectory="833415ef-befb-43d6-a47f-fb1c4e7a3442" />
    <UnitTestResult executionId="fb393250-9618-43f7-8a61-ebc0959bd952" testId="97fa7c9b-bbb3-177b-38ba-8d0ecc689477" testName="PgSchemaExporter.Tests.PlanApplyIntegrationTests.PlanWorkflow_RendersHumanReadable" computerName="docker-desktop" duration="00:00:00.0690384" startTime="2026-07-14T15:32:47.3133929+00:00" endTime="2026-07-14T15:32:47.3133930+00:00" testType="13cdc9d9-ddb5-4fa4-a97d-d965ccfc6d4b" outcome="Passed" testListId="8c84fa94-04c1-424b-9868-57a2d4851a1d" relativeResultsDirectory="fb393250-9618-43f7-8a61-ebc0959bd952" />
    <UnitTestResult executionId="6552adb6-f2d8-497d-bab1-f4d3679b05ca" testId="4504903d-a162-7c0b-82c7-753be416ba06" testName="PgSchemaExporter.Tests.PostgresMetadataProviderIntegrationTests.LoadAsync_LoadsTriggers" computerName="docker-desktop" duration="00:00:00.1274278" startTime="2026-07-14T15:33:52.4882632+00:00" endTime="2026-07-14T15:33:52.4882633+00:00" testType="13cdc9d9-ddb5-4fa4-a97d-d965ccfc6d4b" outcome="Passed" testListId="8c84fa94-04c1-424b-9868-57a2d4851a1d" relativeResultsDirectory="6552adb6-f2d8-497d-bab1-f4d3679b05ca" />
    <UnitTestResult executionId="7fea2449-66af-46a4-a102-48e786a45904" testId="5c0660b9-52c3-ff06-fe12-fe42a520df78" testName="PgSchemaExporter.Tests.MetadataObjectTypesIntegrationTests.LoadAsync_LoadsCasts" computerName="docker-desktop" duration="00:00:00.1073551" startTime="2026-07-14T15:32:17.8341800+00:00" endTime="2026-07-14T15:32:17.8341806+00:00" testType="13cdc9d9-ddb5-4fa4-a97d-d965ccfc6d4b" outcome="Passed" testListId="8c84fa94-04c1-424b-9868-57a2d4851a1d" relativeResultsDirectory="7fea2449-66af-46a4-a102-48e786a45904" />
    <UnitTestResult executionId="16c5d798-9041-4bca-b91e-135cba78b783" testId="3b316bb2-cb9c-89e5-c5f0-bdc569d8bbb1" testName="PgSchemaExporter.Tests.PostgresMetadataProviderIntegrationTests.LoadAsync_LoadsIndexes" computerName="docker-desktop" duration="00:00:00.1367345" startTime="2026-07-14T15:33:40.4699690+00:00" endTime="2026-07-14T15:33:40.4699691+00:00" testType="13cdc9d9-ddb5-4fa4-a97d-d965ccfc6d4b" outcome="Passed" testListId="8c84fa94-04c1-424b-9868-57a2d4851a1d" relativeResultsDirectory="16c5d798-9041-4bca-b91e-135cba78b783" />
    <UnitTestResult executionId="cbd48b17-d2d0-4150-a3e9-2bc4e222ec24" testId="0f65240f-2de0-1fd8-a1c0-7030e50f351e" testName="PgSchemaExporter.Tests.PostgresMetadataProviderIntegrationTests.LoadAsync_LoadsConstraints" computerName="docker-desktop" duration="00:00:00.1102320" startTime="2026-07-14T15:33:13.6912547+00:00" endTime="2026-07-14T15:33:13.6912549+00:00" testType="13cdc9d9-ddb5-4fa4-a97d-d965ccfc6d4b" outcome="Passed" testListId="8c84fa94-04c1-424b-9868-57a2d4851a1d" relativeResultsDirectory="cbd48b17-d2d0-4150-a3e9-2bc4e222ec24" />
    <UnitTestResult executionId="632f6ffa-a2b8-4cc0-9273-304108e31789" testId="89ef47e2-5398-270f-3ce8-7aa80c3e6392" testName="PgSchemaExporter.Tests.MetadataObjectTypesIntegrationTests.LoadAsync_LoadsPublications" computerName="docker-desktop" duration="00:00:00.1078776" startTime="2026-07-14T15:32:20.8139185+00:00" endTime="2026-07-14T15:32:20.8139187+00:00" testType="13cdc9d9-ddb5-4fa4-a97d-d965ccfc6d4b" outcome="Passed" testListId="8c84fa94-04c1-424b-9868-57a2d4851a1d" relativeResultsDirectory="632f6ffa-a2b8-4cc0-9273-304108e31789" />
    <UnitTestResult executionId="9e14041a-13f9-4911-903e-dfc11a983cf4" testId="a3096cb0-dac9-eaf1-834a-a1c92d400a80" testName="PgSchemaExporter.Tests.ExportOptionsIntegrationTests.SplitConstraintsFalse_InlinesConstraints" computerName="docker-desktop" duration="00:00:00.0602161" startTime="2026-07-14T15:32:05.9161311+00:00" endTime="2026-07-14T15:32:05.9161313+00:00" testType="13cdc9d9-ddb5-4fa4-a97d-d965ccfc6d4b" outcome="Passed" testListId="8c84fa94-04c1-424b-9868-57a2d4851a1d" relativeResultsDirectory="9e14041a-13f9-4911-903e-dfc11a983cf4" />
    <UnitTestResult executionId="b510a74b-d0b4-4337-96b7-4d6da8bc1ea7" testId="bc60993b-60fa-dbe3-456c-6727e3530ab5" testName="PgSchemaExporter.Tests.PlanApplyIntegrationTests.ApplyWorkflow_WithTimeouts_SetsSessionGuards" computerName="docker-desktop" duration="00:00:00.0850939" startTime="2026-07-14T15:33:07.7389988+00:00" endTime="2026-07-14T15:33:07.7389991+00:00" testType="13cdc9d9-ddb5-4fa4-a97d-d965ccfc6d4b" outcome="Passed" testListId="8c84fa94-04c1-424b-9868-57a2d4851a1d" relativeResultsDirectory="b510a74b-d0b4-4337-96b7-4d6da8bc1ea7" />
    <UnitTestResult executionId="dcd09d59-5906-411f-b517-21282527d15e" testId="347802e5-e1e2-b5ad-c36c-213ba7574ca5" testName="PgSchemaExporter.Tests.ExportOptionsIntegrationTests.UseIfNotExistsFalse_RemovesIfNotExists" computerName="docker-desktop" duration="00:00:00.0593663" startTime="2026-07-14T15:31:57.3891026+00:00" endTime="2026-07-14T15:31:57.3891029+00:00" testType="13cdc9d9-ddb5-4fa4-a97d-d965ccfc6d4b" outcome="Passed" testListId="8c84fa94-04c1-424b-9868-57a2d4851a1d" relativeResultsDirectory="dcd09d59-5906-411f-b517-21282527d15e" />
    <UnitTestResult executionId="c7cb9a29-7e55-4524-b92f-232d6ef095cb" testId="2e653648-40b4-30ce-eba1-d62048b0c9f3" testName="PgSchemaExporter.Tests.CliEndToEndTests.WatchWorkflow_EmitsInitialDiff" computerName="docker-desktop" duration="00:00:00.1615196" startTime="2026-07-14T15:30:49.9835470+00:00" endTime="2026-07-14T15:30:49.9835472+00:00" testType="13cdc9d9-ddb5-4fa4-a97d-d965ccfc6d4b" outcome="Passed" testListId="8c84fa94-04c1-424b-9868-57a2d4851a1d" relativeResultsDirectory="c7cb9a29-7e55-4524-b92f-232d6ef095cb" />
    <UnitTestResult executionId="21850340-1674-416e-bc6f-4f649e45e4a8" testId="46c1808f-4ed4-5264-21d1-6c5ac0f65e83" testName="PgSchemaExporter.Tests.PlanApplyIntegrationTests.ApplyWorkflow_ConcurrentIndex_RunsOutsideTransaction" computerName="docker-desktop" duration="00:00:00.0901925" startTime="2026-07-14T15:32:56.2372100+00:00" endTime="2026-07-14T15:32:56.2372101+00:00" testType="13cdc9d9-ddb5-4fa4-a97d-d965ccfc6d4b" outcome="Passed" testListId="8c84fa94-04c1-424b-9868-57a2d4851a1d" relativeResultsDirectory="21850340-1674-416e-bc6f-4f649e45e4a8" />
    <UnitTestResult executionId="8a8a8c28-4cee-4c36-8fdd-8cec16300674" testId="ce76221f-369d-6bea-7d94-0979ef23d034" testName="PgSchemaExporter.Tests.PostgresMetadataProviderIntegrationTests.LoadAsync_WithSchemaFilter_LoadsOnlySpecifiedSchemas" computerName="docker-desktop" duration="00:00:00.1273224" startTime="2026-07-14T15:33:25.8312977+00:00" endTime="2026-07-14T15:33:25.8312978+00:00" testType="13cdc9d9-ddb5-4fa4-a97d-d965ccfc6d4b" outcome="Passed" testListId="8c84fa94-04c1-424b-9868-57a2d4851a1d" relativeResultsDirectory="8a8a8c28-4cee-4c36-8fdd-8cec16300674" />
    <UnitTestResult executionId="6678b254-d4cc-41d7-83a3-ac70abee4ae3" testId="6547fd65-9906-d9ef-8f65-70fcb8fc6d1c" testName="PgSchemaExporter.Tests.PostgresMetadataProviderIntegrationTests.LoadAsync_ParallelMode_ProducesSameResultAsSequential" computerName="docker-desktop" duration="00:00:00.1580355" startTime="2026-07-14T15:33:16.7007004+00:00" endTime="2026-07-14T15:33:16.7007006+00:00" testType="13cdc9d9-ddb5-4fa4-a97d-d965ccfc6d4b" outcome="Passed" testListId="8c84fa94-04c1-424b-9868-57a2d4851a1d" relativeResultsDirectory="6678b254-d4cc-41d7-83a3-ac70abee4ae3" />
    <UnitTestResult executionId="8cccf608-c39a-4922-812d-ba797836a4da" testId="4e922779-c24e-c9d5-abed-a69edff9f7b8" testName="PgSchemaExporter.Tests.MetadataObjectTypesIntegrationTests.LoadAsync_LoadsRules" computerName="docker-desktop" duration="00:00:00.1064626" startTime="2026-07-14T15:32:23.7913891+00:00" endTime="2026-07-14T15:32:23.7913893+00:00" testType="13cdc9d9-ddb5-4fa4-a97d-d965ccfc6d4b" outcome="Passed" testListId="8c84fa94-04c1-424b-9868-57a2d4851a1d" relativeResultsDirectory="8cccf608-c39a-4922-812d-ba797836a4da" />
    <UnitTestResult executionId="e5b8a8ff-d03f-4c12-a530-377f22eb09e4" testId="a9e1f006-e353-e4bd-d246-25acda0813c4" testName="PgSchemaExporter.Tests.CliEndToEndTests.ExportWorkflow_WithParallelMode" computerName="docker-desktop" duration="00:00:00.0749253" startTime="2026-07-14T15:30:46.8723631+00:00" endTime="2026-07-14T15:30:46.8723633+00:00" testType="13cdc9d9-ddb5-4fa4-a97d-d965ccfc6d4b" outcome="Passed" testListId="8c84fa94-04c1-424b-9868-57a2d4851a1d" relativeResultsDirectory="e5b8a8ff-d03f-4c12-a530-377f22eb09e4" />
    <UnitTestResult executionId="0dc7d83d-fc51-4453-b9a7-e94395f0b306" testId="30a600c1-65f3-28c9-a53d-0d2a4270f832" testName="PgSchemaExporter.Tests.PlanApplyIntegrationTests.PlanWorkflow_SerializesAndDeserializes" computerName="docker-desktop" duration="00:00:00.0814874" startTime="2026-07-14T15:33:02.1916944+00:00" endTime="2026-07-14T15:33:02.1916947+00:00" testType="13cdc9d9-ddb5-4fa4-a97d-d965ccfc6d4b" outcome="Passed" testListId="8c84fa94-04c1-424b-9868-57a2d4851a1d" relativeResultsDirectory="0dc7d83d-fc51-4453-b9a7-e94395f0b306" />
    <UnitTestResult executionId="d3e4c90b-34ac-4d71-a943-77c6ac10b339" testId="b8258fef-e2d8-ee0d-2ced-3dbd73030f5e" testName="PgSchemaExporter.Tests.CliEndToEndTests.ExportWorkflow_FullCycle" computerName="docker-desktop" duration="00:00:00.0887595" startTime="2026-07-14T15:31:01.5460547+00:00" endTime="2026-07-14T15:31:01.5460548+00:00" testType="13cdc9d9-ddb5-4fa4-a97d-d965ccfc6d4b" outcome="Passed" testListId="8c84fa94-04c1-424b-9868-57a2d4851a1d" relativeResultsDirectory="d3e4c90b-34ac-4d71-a943-77c6ac10b339" />
  </Results>
  <TestDefinitions>
    <UnitTest name="PgSchemaExporter.Tests.PostgresMetadataProviderIntegrationTests.LoadAsync_LoadsExtensions" storage="/src/tests/pgschemaexporter.tests/bin/release/net8.0/pgschemaexporter.tests.dll" id="3d3ae21e-b51b-d64a-523a-18e782b15111">
      <Execution id="e15469df-9b8e-4ce6-8b01-5f4e27c7a22e" />
      <TestMethod codeBase="/src/tests/PgSchemaExporter.Tests/bin/Release/net8.0/PgSchemaExporter.Tests.dll" adapterTypeName="executor://xunit/VsTestRunner2/netcoreapp" className="PgSchemaExporter.Tests.PostgresMetadataProviderIntegrationTests" name="LoadAsync_LoadsExtensions" />
    </UnitTest>
    <UnitTest name="PgSchemaExporter.Tests.MetadataObjectTypesIntegrationTests.LoadAsync_LoadsEventTriggers" storage="/src/tests/pgschemaexporter.tests/bin/release/net8.0/pgschemaexporter.tests.dll" id="ba7a5aa4-2158-e54b-20ec-618263e4e630">
      <Execution id="e200cdbe-8cd4-4bc6-9353-14e4b99820f7" />
      <TestMethod codeBase="/src/tests/PgSchemaExporter.Tests/bin/Release/net8.0/PgSchemaExporter.Tests.dll" adapterTypeName="executor://xunit/VsTestRunner2/netcoreapp" className="PgSchemaExporter.Tests.MetadataObjectTypesIntegrationTests" name="LoadAsync_LoadsEventTriggers" />
    </UnitTest>
    <UnitTest name="PgSchemaExporter.Tests.ExportOptionsIntegrationTests.SplitConstraintsFalse_InlinesConstraints" storage="/src/tests/pgschemaexporter.tests/bin/release/net8.0/pgschemaexporter.tests.dll" id="a3096cb0-dac9-eaf1-834a-a1c92d400a80">
      <Execution id="9e14041a-13f9-4911-903e-dfc11a983cf4" />
      <TestMethod codeBase="/src/tests/PgSchemaExporter.Tests/bin/Release/net8.0/PgSchemaExporter.Tests.dll" adapterTypeName="executor://xunit/VsTestRunner2/netcoreapp" className="PgSchemaExporter.Tests.ExportOptionsIntegrationTests" name="SplitConstraintsFalse_InlinesConstraints" />
    </UnitTest>
    <UnitTest name="PgSchemaExporter.Tests.DiffAdvancedIntegrationTests.Diff_ShowContext_PopulatesFileDiffs" storage="/src/tests/pgschemaexporter.tests/bin/release/net8.0/pgschemaexporter.tests.dll" id="d7b72843-254b-ff19-45fb-73d756108aa9">
      <Execution id="c80e050a-cf6e-41c5-94fa-c0ca5817d119" />
      <TestMethod codeBase="/src/tests/PgSchemaExporter.Tests/bin/Release/net8.0/PgSchemaExporter.Tests.dll" adapterTypeName="executor://xunit/VsTestRunner2/netcoreapp" className="PgSchemaExporter.Tests.DiffAdvancedIntegrationTests" name="Diff_ShowContext_PopulatesFileDiffs" />
    </UnitTest>
    <UnitTest name="PgSchemaExporter.Tests.PlanApplyIntegrationTests.ApplyWorkflow_UpAndDown_ColumnChange" storage="/src/tests/pgschemaexporter.tests/bin/release/net8.0/pgschemaexporter.tests.dll" id="81b40a53-cb6d-b902-87e9-505ada1d256a">
      <Execution id="36075fa4-64a6-4ad4-a769-ca6be7ef77ed" />
      <TestMethod codeBase="/src/tests/PgSchemaExporter.Tests/bin/Release/net8.0/PgSchemaExporter.Tests.dll" adapterTypeName="executor://xunit/VsTestRunner2/netcoreapp" className="PgSchemaExporter.Tests.PlanApplyIntegrationTests" name="ApplyWorkflow_UpAndDown_ColumnChange" />
    </UnitTest>
    <UnitTest name="PgSchemaExporter.Tests.MetadataObjectTypesIntegrationTests.LoadAsync_LoadsPublications" storage="/src/tests/pgschemaexporter.tests/bin/release/net8.0/pgschemaexporter.tests.dll" id="89ef47e2-5398-270f-3ce8-7aa80c3e6392">
      <Execution id="632f6ffa-a2b8-4cc0-9273-304108e31789" />
      <TestMethod codeBase="/src/tests/PgSchemaExporter.Tests/bin/Release/net8.0/PgSchemaExporter.Tests.dll" adapterTypeName="executor://xunit/VsTestRunner2/netcoreapp" className="PgSchemaExporter.Tests.MetadataObjectTypesIntegrationTests" name="LoadAsync_LoadsPublications" />
    </UnitTest>
    <UnitTest name="PgSchemaExporter.Tests.PostgresMetadataProviderIntegrationTests.LoadAsync_LoadsFunctions" storage="/src/tests/pgschemaexporter.tests/bin/release/net8.0/pgschemaexporter.tests.dll" id="a6cd6cd2-6a5c-2816-7d52-b404c18a096e">
      <Execution id="1cc24340-4aa2-4f15-9d2c-c2b5529a139f" />
      <TestMethod codeBase="/src/tests/PgSchemaExporter.Tests/bin/Release/net8.0/PgSchemaExporter.Tests.dll" adapterTypeName="executor://xunit/VsTestRunner2/netcoreapp" className="PgSchemaExporter.Tests.PostgresMetadataProviderIntegrationTests" name="LoadAsync_LoadsFunctions" />
    </UnitTest>
    <UnitTest name="PgSchemaExporter.Tests.PostgresMetadataProviderIntegrationTests.LoadAsync_SubscriptionPermissionError_DoesNotFailEntireExport" storage="/src/tests/pgschemaexporter.tests/bin/release/net8.0/pgschemaexporter.tests.dll" id="37443c47-3e9a-1cfa-81c5-8652ddeee9e8">
      <Execution id="14f24c55-b562-49d1-acea-8aced6bb1c79" />
      <TestMethod codeBase="/src/tests/PgSchemaExporter.Tests/bin/Release/net8.0/PgSchemaExporter.Tests.dll" adapterTypeName="executor://xunit/VsTestRunner2/netcoreapp" className="PgSchemaExporter.Tests.PostgresMetadataProviderIntegrationTests" name="LoadAsync_SubscriptionPermissionError_DoesNotFailEntireExport" />
    </UnitTest>
    <UnitTest name="PgSchemaExporter.Tests.PostgresMetadataProviderIntegrationTests.LoadAsync_LoadsIndexes" storage="/src/tests/pgschemaexporter.tests/bin/release/net8.0/pgschemaexporter.tests.dll" id="3b316bb2-cb9c-89e5-c5f0-bdc569d8bbb1">
      <Execution id="16c5d798-9041-4bca-b91e-135cba78b783" />
      <TestMethod codeBase="/src/tests/PgSchemaExporter.Tests/bin/Release/net8.0/PgSchemaExporter.Tests.dll" adapterTypeName="executor://xunit/VsTestRunner2/netcoreapp" className="PgSchemaExporter.Tests.PostgresMetadataProviderIntegrationTests" name="LoadAsync_LoadsIndexes" />
    </UnitTest>
    <UnitTest name="PgSchemaExporter.Tests.PostgresMetadataProviderIntegrationTests.LoadAsync_LoadsViews" storage="/src/tests/pgschemaexporter.tests/bin/release/net8.0/pgschemaexporter.tests.dll" id="0a5bcd04-60a2-39d7-1b45-c315eb7486ed">
      <Execution id="59714ebc-ddee-4eac-8c9a-91aa226897b5" />
      <TestMethod codeBase="/src/tests/PgSchemaExporter.Tests/bin/Release/net8.0/PgSchemaExporter.Tests.dll" adapterTypeName="executor://xunit/VsTestRunner2/netcoreapp" className="PgSchemaExporter.Tests.PostgresMetadataProviderIntegrationTests" name="LoadAsync_LoadsViews" />
    </UnitTest>
    <UnitTest name="PgSchemaExporter.Tests.DiffAdvancedIntegrationTests.DiffAsync_DirectoryVsLiveDatabase_DetectsDrift" storage="/src/tests/pgschemaexporter.tests/bin/release/net8.0/pgschemaexporter.tests.dll" id="433cec88-ee13-b6e2-f689-12bd9182b060">
      <Execution id="68238e2f-096e-48c1-b37c-dd1f858b0e9c" />
      <TestMethod codeBase="/src/tests/PgSchemaExporter.Tests/bin/Release/net8.0/PgSchemaExporter.Tests.dll" adapterTypeName="executor://xunit/VsTestRunner2/netcoreapp" className="PgSchemaExporter.Tests.DiffAdvancedIntegrationTests" name="DiffAsync_DirectoryVsLiveDatabase_DetectsDrift" />
    </UnitTest>
    <UnitTest name="PgSchemaExporter.Tests.MetadataObjectTypesIntegrationTests.LoadAsync_LoadsRules" storage="/src/tests/pgschemaexporter.tests/bin/release/net8.0/pgschemaexporter.tests.dll" id="4e922779-c24e-c9d5-abed-a69edff9f7b8">
      <Execution id="8cccf608-c39a-4922-812d-ba797836a4da" />
      <TestMethod codeBase="/src/tests/PgSchemaExporter.Tests/bin/Release/net8.0/PgSchemaExporter.Tests.dll" adapterTypeName="executor://xunit/VsTestRunner2/netcoreapp" className="PgSchemaExporter.Tests.MetadataObjectTypesIntegrationTests" name="LoadAsync_LoadsRules" />
    </UnitTest>
    <UnitTest name="PgSchemaExporter.Tests.MetadataObjectTypesIntegrationTests.LoadAsync_LoadsCasts" storage="/src/tests/pgschemaexporter.tests/bin/release/net8.0/pgschemaexporter.tests.dll" id="5c0660b9-52c3-ff06-fe12-fe42a520df78">
      <Execution id="7fea2449-66af-46a4-a102-48e786a45904" />
      <TestMethod codeBase="/src/tests/PgSchemaExporter.Tests/bin/Release/net8.0/PgSchemaExporter.Tests.dll" adapterTypeName="executor://xunit/VsTestRunner2/netcoreapp" className="PgSchemaExporter.Tests.MetadataObjectTypesIntegrationTests" name="LoadAsync_LoadsCasts" />
    </UnitTest>
    <UnitTest name="PgSchemaExporter.Tests.PostgresMetadataProviderIntegrationTests.LoadAsync_LoadsCustomTypes" storage="/src/tests/pgschemaexporter.tests/bin/release/net8.0/pgschemaexporter.tests.dll" id="ce6f59dc-49da-c1c3-b757-ab6e9f83e49b">
      <Execution id="4cf723fa-ae97-4b2d-adcf-a956e3019b3d" />
      <TestMethod codeBase="/src/tests/PgSchemaExporter.Tests/bin/Release/net8.0/PgSchemaExporter.Tests.dll" adapterTypeName="executor://xunit/VsTestRunner2/netcoreapp" className="PgSchemaExporter.Tests.PostgresMetadataProviderIntegrationTests" name="LoadAsync_LoadsCustomTypes" />
    </UnitTest>
    <UnitTest name="PgSchemaExporter.Tests.PostgresMetadataProviderIntegrationTests.LoadAsync_LoadsTriggers" storage="/src/tests/pgschemaexporter.tests/bin/release/net8.0/pgschemaexporter.tests.dll" id="4504903d-a162-7c0b-82c7-753be416ba06">
      <Execution id="6552adb6-f2d8-497d-bab1-f4d3679b05ca" />
      <TestMethod codeBase="/src/tests/PgSchemaExporter.Tests/bin/Release/net8.0/PgSchemaExporter.Tests.dll" adapterTypeName="executor://xunit/VsTestRunner2/netcoreapp" className="PgSchemaExporter.Tests.PostgresMetadataProviderIntegrationTests" name="LoadAsync_LoadsTriggers" />
    </UnitTest>
    <UnitTest name="PgSchemaExporter.Tests.DiagramDriftFingerprintIntegrationTests.Drift_NoDrift_WhenSchemaMatches" storage="/src/tests/pgschemaexporter.tests/bin/release/net8.0/pgschemaexporter.tests.dll" id="9975a318-d00e-0b2f-59ac-630dd0dea3af">
      <Execution id="23e3daf8-a137-4854-a3cb-30cc6008f76f" />
      <TestMethod codeBase="/src/tests/PgSchemaExporter.Tests/bin/Release/net8.0/PgSchemaExporter.Tests.dll" adapterTypeName="executor://xunit/VsTestRunner2/netcoreapp" className="PgSchemaExporter.Tests.DiagramDriftFingerprintIntegrationTests" name="Drift_NoDrift_WhenSchemaMatches" />
    </UnitTest>
    <UnitTest name="PgSchemaExporter.Tests.ExportOptionsIntegrationTests.CleanOutputDirectory_RemovesStaleFiles" storage="/src/tests/pgschemaexporter.tests/bin/release/net8.0/pgschemaexporter.tests.dll" id="f29927ff-3c70-820a-f4c8-4a547ac2d6be">
      <Execution id="371cb41d-7829-4e8d-bad6-fcf4d1aa16a7" />
      <TestMethod codeBase="/src/tests/PgSchemaExporter.Tests/bin/Release/net8.0/PgSchemaExporter.Tests.dll" adapterTypeName="executor://xunit/VsTestRunner2/netcoreapp" className="PgSchemaExporter.Tests.ExportOptionsIntegrationTests" name="CleanOutputDirectory_RemovesStaleFiles" />
    </UnitTest>
    <UnitTest name="PgSchemaExporter.Tests.CliEndToEndTests.InitWorkflow_CreatesConfigTemplate" storage="/src/tests/pgschemaexporter.tests/bin/release/net8.0/pgschemaexporter.tests.dll" id="984106da-7aac-3413-98e8-eaf5f1ee916b">
      <Execution id="c10511ca-8aef-4b4d-acce-41fbfc7cf357" />
      <TestMethod codeBase="/src/tests/PgSchemaExporter.Tests/bin/Release/net8.0/PgSchemaExporter.Tests.dll" adapterTypeName="executor://xunit/VsTestRunner2/netcoreapp" className="PgSchemaExporter.Tests.CliEndToEndTests" name="InitWorkflow_CreatesConfigTemplate" />
    </UnitTest>
    <UnitTest name="PgSchemaExporter.Tests.PostgresMetadataProviderIntegrationTests.LoadAsync_WithSchemaFilter_LoadsOnlySpecifiedSchemas" storage="/src/tests/pgschemaexporter.tests/bin/release/net8.0/pgschemaexporter.tests.dll" id="ce76221f-369d-6bea-7d94-0979ef23d034">
      <Execution id="8a8a8c28-4cee-4c36-8fdd-8cec16300674" />
      <TestMethod codeBase="/src/tests/PgSchemaExporter.Tests/bin/Release/net8.0/PgSchemaExporter.Tests.dll" adapterTypeName="executor://xunit/VsTestRunner2/netcoreapp" className="PgSchemaExporter.Tests.PostgresMetadataProviderIntegrationTests" name="LoadAsync_WithSchemaFilter_LoadsOnlySpecifiedSchemas" />
    </UnitTest>
    <UnitTest name="PgSchemaExporter.Tests.PlanApplyIntegrationTests.ApplyWorkflow_WithTimeouts_SetsSessionGuards" storage="/src/tests/pgschemaexporter.tests/bin/release/net8.0/pgschemaexporter.tests.dll" id="bc60993b-60fa-dbe3-456c-6727e3530ab5">
      <Execution id="b510a74b-d0b4-4337-96b7-4d6da8bc1ea7" />
      <TestMethod codeBase="/src/tests/PgSchemaExporter.Tests/bin/Release/net8.0/PgSchemaExporter.Tests.dll" adapterTypeName="executor://xunit/VsTestRunner2/netcoreapp" className="PgSchemaExporter.Tests.PlanApplyIntegrationTests" name="ApplyWorkflow_WithTimeouts_SetsSessionGuards" />
    </UnitTest>
    <UnitTest name="PgSchemaExporter.Tests.CliEndToEndTests.WatchWorkflow_EmitsInitialDiff" storage="/src/tests/pgschemaexporter.tests/bin/release/net8.0/pgschemaexporter.tests.dll" id="2e653648-40b4-30ce-eba1-d62048b0c9f3">
      <Execution id="c7cb9a29-7e55-4524-b92f-232d6ef095cb" />
      <TestMethod codeBase="/src/tests/PgSchemaExporter.Tests/bin/Release/net8.0/PgSchemaExporter.Tests.dll" adapterTypeName="executor://xunit/VsTestRunner2/netcoreapp" className="PgSchemaExporter.Tests.CliEndToEndTests" name="WatchWorkflow_EmitsInitialDiff" />
    </UnitTest>
    <UnitTest name="PgSchemaExporter.Tests.DiagramDriftFingerprintIntegrationTests.Fingerprint_DetectsAddedFile" storage="/src/tests/pgschemaexporter.tests/bin/release/net8.0/pgschemaexporter.tests.dll" id="33292f56-f0bb-c6b6-a075-55717de0b609">
      <Execution id="6b8f6020-6bca-4496-a478-7a333625a29f" />
      <TestMethod codeBase="/src/tests/PgSchemaExporter.Tests/bin/Release/net8.0/PgSchemaExporter.Tests.dll" adapterTypeName="executor://xunit/VsTestRunner2/netcoreapp" className="PgSchemaExporter.Tests.DiagramDriftFingerprintIntegrationTests" name="Fingerprint_DetectsAddedFile" />
    </UnitTest>
    <UnitTest name="PgSchemaExporter.Tests.CliEndToEndTests.ExportWorkflow_WithParallelMode" storage="/src/tests/pgschemaexporter.tests/bin/release/net8.0/pgschemaexporter.tests.dll" id="a9e1f006-e353-e4bd-d246-25acda0813c4">
      <Execution id="e5b8a8ff-d03f-4c12-a530-377f22eb09e4" />
      <TestMethod codeBase="/src/tests/PgSchemaExporter.Tests/bin/Release/net8.0/PgSchemaExporter.Tests.dll" adapterTypeName="executor://xunit/VsTestRunner2/netcoreapp" className="PgSchemaExporter.Tests.CliEndToEndTests" name="ExportWorkflow_WithParallelMode" />
    </UnitTest>
    <UnitTest name="PgSchemaExporter.Tests.CliEndToEndTests.InitWorkflow_WithoutOverwrite_ThrowsOnExistingFile" storage="/src/tests/pgschemaexporter.tests/bin/release/net8.0/pgschemaexporter.tests.dll" id="b0fbde85-cb57-4edb-a3b7-1aee1f759d2b">
      <Execution id="cba8b639-2604-483b-81d5-ea1d3e87e1f9" />
      <TestMethod codeBase="/src/tests/PgSchemaExporter.Tests/bin/Release/net8.0/PgSchemaExporter.Tests.dll" adapterTypeName="executor://xunit/VsTestRunner2/netcoreapp" className="PgSchemaExporter.Tests.CliEndToEndTests" name="InitWorkflow_WithoutOverwrite_ThrowsOnExistingFile" />
    </UnitTest>
    <UnitTest name="PgSchemaExporter.Tests.MetadataObjectTypesIntegrationTests.LoadAsync_LoadsComments" storage="/src/tests/pgschemaexporter.tests/bin/release/net8.0/pgschemaexporter.tests.dll" id="ae9ea9be-1bbc-4e25-5fad-3b5b0f45adf7">
      <Execution id="8a056492-bacb-44c3-98f1-a87ed7378919" />
      <TestMethod codeBase="/src/tests/PgSchemaExporter.Tests/bin/Release/net8.0/PgSchemaExporter.Tests.dll" adapterTypeName="executor://xunit/VsTestRunner2/netcoreapp" className="PgSchemaExporter.Tests.MetadataObjectTypesIntegrationTests" name="LoadAsync_LoadsComments" />
    </UnitTest>
    <UnitTest name="PgSchemaExporter.Tests.PostgresMetadataProviderIntegrationTests.LoadAsync_LoadsConstraints" storage="/src/tests/pgschemaexporter.tests/bin/release/net8.0/pgschemaexporter.tests.dll" id="0f65240f-2de0-1fd8-a1c0-7030e50f351e">
      <Execution id="cbd48b17-d2d0-4150-a3e9-2bc4e222ec24" />
      <TestMethod codeBase="/src/tests/PgSchemaExporter.Tests/bin/Release/net8.0/PgSchemaExporter.Tests.dll" adapterTypeName="executor://xunit/VsTestRunner2/netcoreapp" className="PgSchemaExporter.Tests.PostgresMetadataProviderIntegrationTests" name="LoadAsync_LoadsConstraints" />
    </UnitTest>
    <UnitTest name="PgSchemaExporter.Tests.MetadataObjectTypesIntegrationTests.LoadAsync_LoadsGrants" storage="/src/tests/pgschemaexporter.tests/bin/release/net8.0/pgschemaexporter.tests.dll" id="2138d907-accb-ccd0-f1c5-891498307877">
      <Execution id="12137492-9d39-4bf0-82d8-88a8d5c239a2" />
      <TestMethod codeBase="/src/tests/PgSchemaExporter.Tests/bin/Release/net8.0/PgSchemaExporter.Tests.dll" adapterTypeName="executor://xunit/VsTestRunner2/netcoreapp" className="PgSchemaExporter.Tests.MetadataObjectTypesIntegrationTests" name="LoadAsync_LoadsGrants" />
    </UnitTest>
    <UnitTest name="PgSchemaExporter.Tests.DiagramDriftFingerprintIntegrationTests.Drift_DetectsTableChanges" storage="/src/tests/pgschemaexporter.tests/bin/release/net8.0/pgschemaexporter.tests.dll" id="6166e2f4-9133-c1df-3190-c449bbb0fdd7">
      <Execution id="1636de6b-c413-4145-92ad-e7f10008a2fe" />
      <TestMethod codeBase="/src/tests/PgSchemaExporter.Tests/bin/Release/net8.0/PgSchemaExporter.Tests.dll" adapterTypeName="executor://xunit/VsTestRunner2/netcoreapp" className="PgSchemaExporter.Tests.DiagramDriftFingerprintIntegrationTests" name="Drift_DetectsTableChanges" />
    </UnitTest>
    <UnitTest name="PgSchemaExporter.Tests.MetadataObjectTypesIntegrationTests.LoadAsync_LoadsOperators" storage="/src/tests/pgschemaexporter.tests/bin/release/net8.0/pgschemaexporter.tests.dll" id="3a699a9c-c3b2-323f-d929-45bf23e7ca1c">
      <Execution id="be40a8e1-a135-4ad1-b759-7f540a0161b7" />
      <TestMethod codeBase="/src/tests/PgSchemaExporter.Tests/bin/Release/net8.0/PgSchemaExporter.Tests.dll" adapterTypeName="executor://xunit/VsTestRunner2/netcoreapp" className="PgSchemaExporter.Tests.MetadataObjectTypesIntegrationTests" name="LoadAsync_LoadsOperators" />
    </UnitTest>
    <UnitTest name="PgSchemaExporter.Tests.CliEndToEndTests.ExportWorkflow_FullCycle" storage="/src/tests/pgschemaexporter.tests/bin/release/net8.0/pgschemaexporter.tests.dll" id="b8258fef-e2d8-ee0d-2ced-3dbd73030f5e">
      <Execution id="d3e4c90b-34ac-4d71-a943-77c6ac10b339" />
      <TestMethod codeBase="/src/tests/PgSchemaExporter.Tests/bin/Release/net8.0/PgSchemaExporter.Tests.dll" adapterTypeName="executor://xunit/VsTestRunner2/netcoreapp" className="PgSchemaExporter.Tests.CliEndToEndTests" name="ExportWorkflow_FullCycle" />
    </UnitTest>
    <UnitTest name="PgSchemaExporter.Tests.PostgresMetadataProviderIntegrationTests.LoadAsync_LoadsAllObjectTypes" storage="/src/tests/pgschemaexporter.tests/bin/release/net8.0/pgschemaexporter.tests.dll" id="b3b91259-a92f-6507-5b4d-e19d607b6c6d">
      <Execution id="1e13866f-5958-44fc-acfb-05d397c776aa" />
      <TestMethod codeBase="/src/tests/PgSchemaExporter.Tests/bin/Release/net8.0/PgSchemaExporter.Tests.dll" adapterTypeName="executor://xunit/VsTestRunner2/netcoreapp" className="PgSchemaExporter.Tests.PostgresMetadataProviderIntegrationTests" name="LoadAsync_LoadsAllObjectTypes" />
    </UnitTest>
    <UnitTest name="PgSchemaExporter.Tests.MetadataObjectTypesIntegrationTests.LoadAsync_LoadsSequences" storage="/src/tests/pgschemaexporter.tests/bin/release/net8.0/pgschemaexporter.tests.dll" id="53091f5e-0a65-cf3b-c6bd-afab70ead78b">
      <Execution id="9fc0cb65-2ae2-41d7-a2b3-ec2380b6089c" />
      <TestMethod codeBase="/src/tests/PgSchemaExporter.Tests/bin/Release/net8.0/PgSchemaExporter.Tests.dll" adapterTypeName="executor://xunit/VsTestRunner2/netcoreapp" className="PgSchemaExporter.Tests.MetadataObjectTypesIntegrationTests" name="LoadAsync_LoadsSequences" />
    </UnitTest>
    <UnitTest name="PgSchemaExporter.Tests.CliEndToEndTests.MigrateWorkflow_GeneratesUpAndDownScripts" storage="/src/tests/pgschemaexporter.tests/bin/release/net8.0/pgschemaexporter.tests.dll" id="61250fe6-4c4d-5950-2533-9921b9bdf4cc">
      <Execution id="cf292d69-e4e3-41c3-bead-f8931ccb6112" />
      <TestMethod codeBase="/src/tests/PgSchemaExporter.Tests/bin/Release/net8.0/PgSchemaExporter.Tests.dll" adapterTypeName="executor://xunit/VsTestRunner2/netcoreapp" className="PgSchemaExporter.Tests.CliEndToEndTests" name="MigrateWorkflow_GeneratesUpAndDownScripts" />
    </UnitTest>
    <UnitTest name="PgSchemaExporter.Tests.PostgresMetadataProviderIntegrationTests.LoadAsync_WithIncludeFilters_LoadsOnlyIncludedTypes" storage="/src/tests/pgschemaexporter.tests/bin/release/net8.0/pgschemaexporter.tests.dll" id="d6eac78f-0d0b-ff84-36df-ae652ab96cc6">
      <Execution id="b9ed920e-0252-4a1b-9519-8220fb6f4547" />
      <TestMethod codeBase="/src/tests/PgSchemaExporter.Tests/bin/Release/net8.0/PgSchemaExporter.Tests.dll" adapterTypeName="executor://xunit/VsTestRunner2/netcoreapp" className="PgSchemaExporter.Tests.PostgresMetadataProviderIntegrationTests" name="LoadAsync_WithIncludeFilters_LoadsOnlyIncludedTypes" />
    </UnitTest>
    <UnitTest name="PgSchemaExporter.Tests.CliEndToEndTests.DiffWorkflow_LiveDatabaseToLiveDatabase" storage="/src/tests/pgschemaexporter.tests/bin/release/net8.0/pgschemaexporter.tests.dll" id="5e900042-c9fe-b235-9ea7-70a2e3e03da7">
      <Execution id="de676902-f580-4ceb-b984-3ba831115edc" />
      <TestMethod codeBase="/src/tests/PgSchemaExporter.Tests/bin/Release/net8.0/PgSchemaExporter.Tests.dll" adapterTypeName="executor://xunit/VsTestRunner2/netcoreapp" className="PgSchemaExporter.Tests.CliEndToEndTests" name="DiffWorkflow_LiveDatabaseToLiveDatabase" />
    </UnitTest>
    <UnitTest name="PgSchemaExporter.Tests.MetadataObjectTypesIntegrationTests.LoadAsync_LoadsPolicies" storage="/src/tests/pgschemaexporter.tests/bin/release/net8.0/pgschemaexporter.tests.dll" id="1ac6a7a2-2bc2-4fda-3815-24b49d79ecf0">
      <Execution id="a0edbbc3-404b-4917-905b-d186e7022b92" />
      <TestMethod codeBase="/src/tests/PgSchemaExporter.Tests/bin/Release/net8.0/PgSchemaExporter.Tests.dll" adapterTypeName="executor://xunit/VsTestRunner2/netcoreapp" className="PgSchemaExporter.Tests.MetadataObjectTypesIntegrationTests" name="LoadAsync_LoadsPolicies" />
    </UnitTest>
    <UnitTest name="PgSchemaExporter.Tests.PlanApplyIntegrationTests.ApplyWorkflow_SafeMode_SkipsDestructive" storage="/src/tests/pgschemaexporter.tests/bin/release/net8.0/pgschemaexporter.tests.dll" id="f140ca54-94ea-a204-15ac-01c002b7b29b">
      <Execution id="7f96a189-86f9-4e86-b423-c8c377e490a1" />
      <TestMethod codeBase="/src/tests/PgSchemaExporter.Tests/bin/Release/net8.0/PgSchemaExporter.Tests.dll" adapterTypeName="executor://xunit/VsTestRunner2/netcoreapp" className="PgSchemaExporter.Tests.PlanApplyIntegrationTests" name="ApplyWorkflow_SafeMode_SkipsDestructive" />
    </UnitTest>
    <UnitTest name="PgSchemaExporter.Tests.CliEndToEndTests.InitWorkflow_WithOverwrite_OverwritesExistingFile" storage="/src/tests/pgschemaexporter.tests/bin/release/net8.0/pgschemaexporter.tests.dll" id="0041ec5b-c3fa-7f16-2035-913f65537b8a">
      <Execution id="4e4b51bd-d016-499b-b54b-93da638f0401" />
      <TestMethod codeBase="/src/tests/PgSchemaExporter.Tests/bin/Release/net8.0/PgSchemaExporter.Tests.dll" adapterTypeName="executor://xunit/VsTestRunner2/netcoreapp" className="PgSchemaExporter.Tests.CliEndToEndTests" name="InitWorkflow_WithOverwrite_OverwritesExistingFile" />
    </UnitTest>
    <UnitTest name="PgSchemaExporter.Tests.DiagramDriftFingerprintIntegrationTests.Diagram_FromLiveDatabase_GeneratesDot" storage="/src/tests/pgschemaexporter.tests/bin/release/net8.0/pgschemaexporter.tests.dll" id="00c4af6b-f939-2abb-38bb-9ad37cb611d0">
      <Execution id="bc6a87a1-522c-4970-a091-f152c6ee2eee" />
      <TestMethod codeBase="/src/tests/PgSchemaExporter.Tests/bin/Release/net8.0/PgSchemaExporter.Tests.dll" adapterTypeName="executor://xunit/VsTestRunner2/netcoreapp" className="PgSchemaExporter.Tests.DiagramDriftFingerprintIntegrationTests" name="Diagram_FromLiveDatabase_GeneratesDot" />
    </UnitTest>
    <UnitTest name="PgSchemaExporter.Tests.PlanApplyIntegrationTests.ApplyWorkflow_DryRun_DoesNotModifyDatabase" storage="/src/tests/pgschemaexporter.tests/bin/release/net8.0/pgschemaexporter.tests.dll" id="4961b047-1a4a-7894-8c06-ac8bbb6d57d0">
      <Execution id="5d2640b7-daa9-4a26-9900-357e4d0cdaa6" />
      <TestMethod codeBase="/src/tests/PgSchemaExporter.Tests/bin/Release/net8.0/PgSchemaExporter.Tests.dll" adapterTypeName="executor://xunit/VsTestRunner2/netcoreapp" className="PgSchemaExporter.Tests.PlanApplyIntegrationTests" name="ApplyWorkflow_DryRun_DoesNotModifyDatabase" />
    </UnitTest>
    <UnitTest name="PgSchemaExporter.Tests.DiagramDriftFingerprintIntegrationTests.Fingerprint_ComputeAndVerify_Matches" storage="/src/tests/pgschemaexporter.tests/bin/release/net8.0/pgschemaexporter.tests.dll" id="950071d6-b6c1-adeb-3158-e930571413d9">
      <Execution id="9709e82a-a63d-4d43-a285-25c015711f32" />
      <TestMethod codeBase="/src/tests/PgSchemaExporter.Tests/bin/Release/net8.0/PgSchemaExporter.Tests.dll" adapterTypeName="executor://xunit/VsTestRunner2/netcoreapp" className="PgSchemaExporter.Tests.DiagramDriftFingerprintIntegrationTests" name="Fingerprint_ComputeAndVerify_Matches" />
    </UnitTest>
    <UnitTest name="PgSchemaExporter.Tests.CliEndToEndTests.ExportWorkflow_DryRun_DoesNotWriteFiles" storage="/src/tests/pgschemaexporter.tests/bin/release/net8.0/pgschemaexporter.tests.dll" id="ba3cd8b9-74d3-15fb-1b15-3ec9410995b8">
      <Execution id="f97029ce-3dfa-44c3-a42e-f19cc44c8a20" />
      <TestMethod codeBase="/src/tests/PgSchemaExporter.Tests/bin/Release/net8.0/PgSchemaExporter.Tests.dll" adapterTypeName="executor://xunit/VsTestRunner2/netcoreapp" className="PgSchemaExporter.Tests.CliEndToEndTests" name="ExportWorkflow_DryRun_DoesNotWriteFiles" />
    </UnitTest>
    <UnitTest name="PgSchemaExporter.Tests.CliEndToEndTests.DiffWorkflow_DirectoryToDirectory" storage="/src/tests/pgschemaexporter.tests/bin/release/net8.0/pgschemaexporter.tests.dll" id="e7eabfc9-3431-aab8-997e-f7ca72e621ce">
      <Execution id="22aa7f07-bc6b-452b-adc1-f76e29299fe4" />
      <TestMethod codeBase="/src/tests/PgSchemaExporter.Tests/bin/Release/net8.0/PgSchemaExporter.Tests.dll" adapterTypeName="executor://xunit/VsTestRunner2/netcoreapp" className="PgSchemaExporter.Tests.CliEndToEndTests" name="DiffWorkflow_DirectoryToDirectory" />
    </UnitTest>
    <UnitTest name="PgSchemaExporter.Tests.DiagramDriftFingerprintIntegrationTests.Diagram_FromExportedDirectory_GeneratesMermaid" storage="/src/tests/pgschemaexporter.tests/bin/release/net8.0/pgschemaexporter.tests.dll" id="94d8dd80-9037-4f55-7370-46245c7b5067">
      <Execution id="c4102f7b-d306-499c-b1f8-ec34aa6c5c5f" />
      <TestMethod codeBase="/src/tests/PgSchemaExporter.Tests/bin/Release/net8.0/PgSchemaExporter.Tests.dll" adapterTypeName="executor://xunit/VsTestRunner2/netcoreapp" className="PgSchemaExporter.Tests.DiagramDriftFingerprintIntegrationTests" name="Diagram_FromExportedDirectory_GeneratesMermaid" />
    </UnitTest>
    <UnitTest name="PgSchemaExporter.Tests.DiagramDriftFingerprintIntegrationTests.Diagram_FromLiveDatabase_GeneratesMermaid" storage="/src/tests/pgschemaexporter.tests/bin/release/net8.0/pgschemaexporter.tests.dll" id="0fc41315-8180-11f8-f4ce-47af2c722333">
      <Execution id="15cc36c0-ee5f-407d-91b0-780e562f13db" />
      <TestMethod codeBase="/src/tests/PgSchemaExporter.Tests/bin/Release/net8.0/PgSchemaExporter.Tests.dll" adapterTypeName="executor://xunit/VsTestRunner2/netcoreapp" className="PgSchemaExporter.Tests.DiagramDriftFingerprintIntegrationTests" name="Diagram_FromLiveDatabase_GeneratesMermaid" />
    </UnitTest>
    <UnitTest name="PgSchemaExporter.Tests.CliEndToEndTests.DiffWorkflow_DirectoryToLiveDatabase" storage="/src/tests/pgschemaexporter.tests/bin/release/net8.0/pgschemaexporter.tests.dll" id="2b711af9-0d03-24ad-0c20-14b23f6ee99e">
      <Execution id="3b9e96f7-2a69-4ccc-96ca-b80fdf1fc908" />
      <TestMethod codeBase="/src/tests/PgSchemaExporter.Tests/bin/Release/net8.0/PgSchemaExporter.Tests.dll" adapterTypeName="executor://xunit/VsTestRunner2/netcoreapp" className="PgSchemaExporter.Tests.CliEndToEndTests" name="DiffWorkflow_DirectoryToLiveDatabase" />
    </UnitTest>
    <UnitTest name="PgSchemaExporter.Tests.PlanApplyIntegrationTests.PlanWorkflow_RendersHumanReadable" storage="/src/tests/pgschemaexporter.tests/bin/release/net8.0/pgschemaexporter.tests.dll" id="97fa7c9b-bbb3-177b-38ba-8d0ecc689477">
      <Execution id="fb393250-9618-43f7-8a61-ebc0959bd952" />
      <TestMethod codeBase="/src/tests/PgSchemaExporter.Tests/bin/Release/net8.0/PgSchemaExporter.Tests.dll" adapterTypeName="executor://xunit/VsTestRunner2/netcoreapp" className="PgSchemaExporter.Tests.PlanApplyIntegrationTests" name="PlanWorkflow_RendersHumanReadable" />
    </UnitTest>
    <UnitTest name="PgSchemaExporter.Tests.DiffAdvancedIntegrationTests.Diff_IgnoreComments_TreatsAsEqual" storage="/src/tests/pgschemaexporter.tests/bin/release/net8.0/pgschemaexporter.tests.dll" id="1b4a48c4-8e2d-6b08-0047-0eb83bce0067">
      <Execution id="48096907-7419-4a18-b786-020e69f663cb" />
      <TestMethod codeBase="/src/tests/PgSchemaExporter.Tests/bin/Release/net8.0/PgSchemaExporter.Tests.dll" adapterTypeName="executor://xunit/VsTestRunner2/netcoreapp" className="PgSchemaExporter.Tests.DiffAdvancedIntegrationTests" name="Diff_IgnoreComments_TreatsAsEqual" />
    </UnitTest>
    <UnitTest name="PgSchemaExporter.Tests.PlanApplyIntegrationTests.ApplyWorkflow_ConcurrentIndex_RunsOutsideTransaction" storage="/src/tests/pgschemaexporter.tests/bin/release/net8.0/pgschemaexporter.tests.dll" id="46c1808f-4ed4-5264-21d1-6c5ac0f65e83">
      <Execution id="21850340-1674-416e-bc6f-4f649e45e4a8" />
      <TestMethod codeBase="/src/tests/PgSchemaExporter.Tests/bin/Release/net8.0/PgSchemaExporter.Tests.dll" adapterTypeName="executor://xunit/VsTestRunner2/netcoreapp" className="PgSchemaExporter.Tests.PlanApplyIntegrationTests" name="ApplyWorkflow_ConcurrentIndex_RunsOutsideTransaction" />
    </UnitTest>
    <UnitTest name="PgSchemaExporter.Tests.DiffAdvancedIntegrationTests.Diff_Directories_DetectsAddedRemovedAndChanged" storage="/src/tests/pgschemaexporter.tests/bin/release/net8.0/pgschemaexporter.tests.dll" id="968d7ff5-11d6-67ec-c54b-e7302786fe90">
      <Execution id="8a7bacff-a85e-4552-b974-207269eb474a" />
      <TestMethod codeBase="/src/tests/PgSchemaExporter.Tests/bin/Release/net8.0/PgSchemaExporter.Tests.dll" adapterTypeName="executor://xunit/VsTestRunner2/netcoreapp" className="PgSchemaExporter.Tests.DiffAdvancedIntegrationTests" name="Diff_Directories_DetectsAddedRemovedAndChanged" />
    </UnitTest>
    <UnitTest name="PgSchemaExporter.Tests.PlanApplyIntegrationTests.PlanWorkflow_SerializesAndDeserializes" storage="/src/tests/pgschemaexporter.tests/bin/release/net8.0/pgschemaexporter.tests.dll" id="30a600c1-65f3-28c9-a53d-0d2a4270f832">
      <Execution id="0dc7d83d-fc51-4453-b9a7-e94395f0b306" />
      <TestMethod codeBase="/src/tests/PgSchemaExporter.Tests/bin/Release/net8.0/PgSchemaExporter.Tests.dll" adapterTypeName="executor://xunit/VsTestRunner2/netcoreapp" className="PgSchemaExporter.Tests.PlanApplyIntegrationTests" name="PlanWorkflow_SerializesAndDeserializes" />
    </UnitTest>
    <UnitTest name="PgSchemaExporter.Tests.PlanApplyIntegrationTests.PlanWorkflow_GeneratesPlanWithChangesAndHazards" storage="/src/tests/pgschemaexporter.tests/bin/release/net8.0/pgschemaexporter.tests.dll" id="3f475a74-11ca-5841-d799-8cfb2006cef6">
      <Execution id="41045e81-5ef6-4355-bf23-7d406c64b282" />
      <TestMethod codeBase="/src/tests/PgSchemaExporter.Tests/bin/Release/net8.0/PgSchemaExporter.Tests.dll" adapterTypeName="executor://xunit/VsTestRunner2/netcoreapp" className="PgSchemaExporter.Tests.PlanApplyIntegrationTests" name="PlanWorkflow_GeneratesPlanWithChangesAndHazards" />
    </UnitTest>
    <UnitTest name="PgSchemaExporter.Tests.DiffAdvancedIntegrationTests.Diff_IgnoreWhitespace_TreatsAsEqual" storage="/src/tests/pgschemaexporter.tests/bin/release/net8.0/pgschemaexporter.tests.dll" id="981fae4a-444b-beaf-4ebe-75de6c0b2999">
      <Execution id="833415ef-befb-43d6-a47f-fb1c4e7a3442" />
      <TestMethod codeBase="/src/tests/PgSchemaExporter.Tests/bin/Release/net8.0/PgSchemaExporter.Tests.dll" adapterTypeName="executor://xunit/VsTestRunner2/netcoreapp" className="PgSchemaExporter.Tests.DiffAdvancedIntegrationTests" name="Diff_IgnoreWhitespace_TreatsAsEqual" />
    </UnitTest>
    <UnitTest name="PgSchemaExporter.Tests.PostgresMetadataProviderIntegrationTests.LoadAsync_ParallelMode_ProducesSameResultAsSequential" storage="/src/tests/pgschemaexporter.tests/bin/release/net8.0/pgschemaexporter.tests.dll" id="6547fd65-9906-d9ef-8f65-70fcb8fc6d1c">
      <Execution id="6678b254-d4cc-41d7-83a3-ac70abee4ae3" />
      <TestMethod codeBase="/src/tests/PgSchemaExporter.Tests/bin/Release/net8.0/PgSchemaExporter.Tests.dll" adapterTypeName="executor://xunit/VsTestRunner2/netcoreapp" className="PgSchemaExporter.Tests.PostgresMetadataProviderIntegrationTests" name="LoadAsync_ParallelMode_ProducesSameResultAsSequential" />
    </UnitTest>
    <UnitTest name="PgSchemaExporter.Tests.PostgresMetadataProviderIntegrationTests.LoadAsync_LoadsDomains" storage="/src/tests/pgschemaexporter.tests/bin/release/net8.0/pgschemaexporter.tests.dll" id="a7dcd4f4-529d-bc2c-583e-b828718b922a">
      <Execution id="956aac77-bbff-46ae-b7ed-1c005bea04a8" />
      <TestMethod codeBase="/src/tests/PgSchemaExporter.Tests/bin/Release/net8.0/PgSchemaExporter.Tests.dll" adapterTypeName="executor://xunit/VsTestRunner2/netcoreapp" className="PgSchemaExporter.Tests.PostgresMetadataProviderIntegrationTests" name="LoadAsync_LoadsDomains" />
    </UnitTest>
    <UnitTest name="PgSchemaExporter.Tests.DiffAdvancedIntegrationTests.Diff_ReportWriter_WritesJsonAndHtml" storage="/src/tests/pgschemaexporter.tests/bin/release/net8.0/pgschemaexporter.tests.dll" id="7a4076c4-82aa-7521-7d79-aee4309edc9a">
      <Execution id="7be2d23d-12db-4df3-8d26-5fd07d00e650" />
      <TestMethod codeBase="/src/tests/PgSchemaExporter.Tests/bin/Release/net8.0/PgSchemaExporter.Tests.dll" adapterTypeName="executor://xunit/VsTestRunner2/netcoreapp" className="PgSchemaExporter.Tests.DiffAdvancedIntegrationTests" name="Diff_ReportWriter_WritesJsonAndHtml" />
    </UnitTest>
    <UnitTest name="PgSchemaExporter.Tests.ExportOptionsIntegrationTests.UseIfNotExistsFalse_RemovesIfNotExists" storage="/src/tests/pgschemaexporter.tests/bin/release/net8.0/pgschemaexporter.tests.dll" id="347802e5-e1e2-b5ad-c36c-213ba7574ca5">
      <Execution id="dcd09d59-5906-411f-b517-21282527d15e" />
      <TestMethod codeBase="/src/tests/PgSchemaExporter.Tests/bin/Release/net8.0/PgSchemaExporter.Tests.dll" adapterTypeName="executor://xunit/VsTestRunner2/netcoreapp" className="PgSchemaExporter.Tests.ExportOptionsIntegrationTests" name="UseIfNotExistsFalse_RemovesIfNotExists" />
    </UnitTest>
    <UnitTest name="PgSchemaExporter.Tests.PostgresMetadataProviderIntegrationTests.LoadAsync_WithExcludeSchemas_ExcludesSpecifiedSchemas" storage="/src/tests/pgschemaexporter.tests/bin/release/net8.0/pgschemaexporter.tests.dll" id="58fbf526-e09c-408b-fd5a-8f897dbe4638">
      <Execution id="b6c4cfb3-46f7-4c95-a56f-f2d6190128bc" />
      <TestMethod codeBase="/src/tests/PgSchemaExporter.Tests/bin/Release/net8.0/PgSchemaExporter.Tests.dll" adapterTypeName="executor://xunit/VsTestRunner2/netcoreapp" className="PgSchemaExporter.Tests.PostgresMetadataProviderIntegrationTests" name="LoadAsync_WithExcludeSchemas_ExcludesSpecifiedSchemas" />
    </UnitTest>
    <UnitTest name="PgSchemaExporter.Tests.ExportOptionsIntegrationTests.SplitIndexesFalse_InlinesIndexes" storage="/src/tests/pgschemaexporter.tests/bin/release/net8.0/pgschemaexporter.tests.dll" id="d987b455-5111-4377-4aef-0d177441f847">
      <Execution id="3c42776a-c80f-47d8-a9f8-fced28a980bf" />
      <TestMethod codeBase="/src/tests/PgSchemaExporter.Tests/bin/Release/net8.0/PgSchemaExporter.Tests.dll" adapterTypeName="executor://xunit/VsTestRunner2/netcoreapp" className="PgSchemaExporter.Tests.ExportOptionsIntegrationTests" name="SplitIndexesFalse_InlinesIndexes" />
    </UnitTest>
    <UnitTest name="PgSchemaExporter.Tests.MetadataObjectTypesIntegrationTests.LoadAsync_LoadsAggregates" storage="/src/tests/pgschemaexporter.tests/bin/release/net8.0/pgschemaexporter.tests.dll" id="149af64e-491a-f024-3364-671df510ab9a">
      <Execution id="ff7ea75a-9d6d-46d6-b97a-6e9d98e2eb64" />
      <TestMethod codeBase="/src/tests/PgSchemaExporter.Tests/bin/Release/net8.0/PgSchemaExporter.Tests.dll" adapterTypeName="executor://xunit/VsTestRunner2/netcoreapp" className="PgSchemaExporter.Tests.MetadataObjectTypesIntegrationTests" name="LoadAsync_LoadsAggregates" />
    </UnitTest>
  </TestDefinitions>
  <TestEntries>
    <TestEntry testId="5e900042-c9fe-b235-9ea7-70a2e3e03da7" executionId="de676902-f580-4ceb-b984-3ba831115edc" testListId="8c84fa94-04c1-424b-9868-57a2d4851a1d" />
    <TestEntry testId="94d8dd80-9037-4f55-7370-46245c7b5067" executionId="c4102f7b-d306-499c-b1f8-ec34aa6c5c5f" testListId="8c84fa94-04c1-424b-9868-57a2d4851a1d" />
    <TestEntry testId="ba7a5aa4-2158-e54b-20ec-618263e4e630" executionId="e200cdbe-8cd4-4bc6-9353-14e4b99820f7" testListId="8c84fa94-04c1-424b-9868-57a2d4851a1d" />
    <TestEntry testId="53091f5e-0a65-cf3b-c6bd-afab70ead78b" executionId="9fc0cb65-2ae2-41d7-a2b3-ec2380b6089c" testListId="8c84fa94-04c1-424b-9868-57a2d4851a1d" />
    <TestEntry testId="149af64e-491a-f024-3364-671df510ab9a" executionId="ff7ea75a-9d6d-46d6-b97a-6e9d98e2eb64" testListId="8c84fa94-04c1-424b-9868-57a2d4851a1d" />
    <TestEntry testId="00c4af6b-f939-2abb-38bb-9ad37cb611d0" executionId="bc6a87a1-522c-4970-a091-f152c6ee2eee" testListId="8c84fa94-04c1-424b-9868-57a2d4851a1d" />
    <TestEntry testId="433cec88-ee13-b6e2-f689-12bd9182b060" executionId="68238e2f-096e-48c1-b37c-dd1f858b0e9c" testListId="8c84fa94-04c1-424b-9868-57a2d4851a1d" />
    <TestEntry testId="d987b455-5111-4377-4aef-0d177441f847" executionId="3c42776a-c80f-47d8-a9f8-fced28a980bf" testListId="8c84fa94-04c1-424b-9868-57a2d4851a1d" />
    <TestEntry testId="0fc41315-8180-11f8-f4ce-47af2c722333" executionId="15cc36c0-ee5f-407d-91b0-780e562f13db" testListId="8c84fa94-04c1-424b-9868-57a2d4851a1d" />
    <TestEntry testId="3a699a9c-c3b2-323f-d929-45bf23e7ca1c" executionId="be40a8e1-a135-4ad1-b759-7f540a0161b7" testListId="8c84fa94-04c1-424b-9868-57a2d4851a1d" />
    <TestEntry testId="3d3ae21e-b51b-d64a-523a-18e782b15111" executionId="e15469df-9b8e-4ce6-8b01-5f4e27c7a22e" testListId="8c84fa94-04c1-424b-9868-57a2d4851a1d" />
    <TestEntry testId="1b4a48c4-8e2d-6b08-0047-0eb83bce0067" executionId="48096907-7419-4a18-b786-020e69f663cb" testListId="8c84fa94-04c1-424b-9868-57a2d4851a1d" />
    <TestEntry testId="d6eac78f-0d0b-ff84-36df-ae652ab96cc6" executionId="b9ed920e-0252-4a1b-9519-8220fb6f4547" testListId="8c84fa94-04c1-424b-9868-57a2d4851a1d" />
    <TestEntry testId="984106da-7aac-3413-98e8-eaf5f1ee916b" executionId="c10511ca-8aef-4b4d-acce-41fbfc7cf357" testListId="8c84fa94-04c1-424b-9868-57a2d4851a1d" />
    <TestEntry testId="61250fe6-4c4d-5950-2533-9921b9bdf4cc" executionId="cf292d69-e4e3-41c3-bead-f8931ccb6112" testListId="8c84fa94-04c1-424b-9868-57a2d4851a1d" />
    <TestEntry testId="58fbf526-e09c-408b-fd5a-8f897dbe4638" executionId="b6c4cfb3-46f7-4c95-a56f-f2d6190128bc" testListId="8c84fa94-04c1-424b-9868-57a2d4851a1d" />
    <TestEntry testId="b0fbde85-cb57-4edb-a3b7-1aee1f759d2b" executionId="cba8b639-2604-483b-81d5-ea1d3e87e1f9" testListId="8c84fa94-04c1-424b-9868-57a2d4851a1d" />
    <TestEntry testId="950071d6-b6c1-adeb-3158-e930571413d9" executionId="9709e82a-a63d-4d43-a285-25c015711f32" testListId="8c84fa94-04c1-424b-9868-57a2d4851a1d" />
    <TestEntry testId="ae9ea9be-1bbc-4e25-5fad-3b5b0f45adf7" executionId="8a056492-bacb-44c3-98f1-a87ed7378919" testListId="8c84fa94-04c1-424b-9868-57a2d4851a1d" />
    <TestEntry testId="f29927ff-3c70-820a-f4c8-4a547ac2d6be" executionId="371cb41d-7829-4e8d-bad6-fcf4d1aa16a7" testListId="8c84fa94-04c1-424b-9868-57a2d4851a1d" />
    <TestEntry testId="81b40a53-cb6d-b902-87e9-505ada1d256a" executionId="36075fa4-64a6-4ad4-a769-ca6be7ef77ed" testListId="8c84fa94-04c1-424b-9868-57a2d4851a1d" />
    <TestEntry testId="3f475a74-11ca-5841-d799-8cfb2006cef6" executionId="41045e81-5ef6-4355-bf23-7d406c64b282" testListId="8c84fa94-04c1-424b-9868-57a2d4851a1d" />
    <TestEntry testId="ce6f59dc-49da-c1c3-b757-ab6e9f83e49b" executionId="4cf723fa-ae97-4b2d-adcf-a956e3019b3d" testListId="8c84fa94-04c1-424b-9868-57a2d4851a1d" />
    <TestEntry testId="0041ec5b-c3fa-7f16-2035-913f65537b8a" executionId="4e4b51bd-d016-499b-b54b-93da638f0401" testListId="8c84fa94-04c1-424b-9868-57a2d4851a1d" />
    <TestEntry testId="a7dcd4f4-529d-bc2c-583e-b828718b922a" executionId="956aac77-bbff-46ae-b7ed-1c005bea04a8" testListId="8c84fa94-04c1-424b-9868-57a2d4851a1d" />
    <TestEntry testId="1ac6a7a2-2bc2-4fda-3815-24b49d79ecf0" executionId="a0edbbc3-404b-4917-905b-d186e7022b92" testListId="8c84fa94-04c1-424b-9868-57a2d4851a1d" />
    <TestEntry testId="2b711af9-0d03-24ad-0c20-14b23f6ee99e" executionId="3b9e96f7-2a69-4ccc-96ca-b80fdf1fc908" testListId="8c84fa94-04c1-424b-9868-57a2d4851a1d" />
    <TestEntry testId="0a5bcd04-60a2-39d7-1b45-c315eb7486ed" executionId="59714ebc-ddee-4eac-8c9a-91aa226897b5" testListId="8c84fa94-04c1-424b-9868-57a2d4851a1d" />
    <TestEntry testId="6166e2f4-9133-c1df-3190-c449bbb0fdd7" executionId="1636de6b-c413-4145-92ad-e7f10008a2fe" testListId="8c84fa94-04c1-424b-9868-57a2d4851a1d" />
    <TestEntry testId="7a4076c4-82aa-7521-7d79-aee4309edc9a" executionId="7be2d23d-12db-4df3-8d26-5fd07d00e650" testListId="8c84fa94-04c1-424b-9868-57a2d4851a1d" />
    <TestEntry testId="b3b91259-a92f-6507-5b4d-e19d607b6c6d" executionId="1e13866f-5958-44fc-acfb-05d397c776aa" testListId="8c84fa94-04c1-424b-9868-57a2d4851a1d" />
    <TestEntry testId="33292f56-f0bb-c6b6-a075-55717de0b609" executionId="6b8f6020-6bca-4496-a478-7a333625a29f" testListId="8c84fa94-04c1-424b-9868-57a2d4851a1d" />
    <TestEntry testId="e7eabfc9-3431-aab8-997e-f7ca72e621ce" executionId="22aa7f07-bc6b-452b-adc1-f76e29299fe4" testListId="8c84fa94-04c1-424b-9868-57a2d4851a1d" />
    <TestEntry testId="9975a318-d00e-0b2f-59ac-630dd0dea3af" executionId="23e3daf8-a137-4854-a3cb-30cc6008f76f" testListId="8c84fa94-04c1-424b-9868-57a2d4851a1d" />
    <TestEntry testId="f140ca54-94ea-a204-15ac-01c002b7b29b" executionId="7f96a189-86f9-4e86-b423-c8c377e490a1" testListId="8c84fa94-04c1-424b-9868-57a2d4851a1d" />
    <TestEntry testId="d7b72843-254b-ff19-45fb-73d756108aa9" executionId="c80e050a-cf6e-41c5-94fa-c0ca5817d119" testListId="8c84fa94-04c1-424b-9868-57a2d4851a1d" />
    <TestEntry testId="2138d907-accb-ccd0-f1c5-891498307877" executionId="12137492-9d39-4bf0-82d8-88a8d5c239a2" testListId="8c84fa94-04c1-424b-9868-57a2d4851a1d" />
    <TestEntry testId="ba3cd8b9-74d3-15fb-1b15-3ec9410995b8" executionId="f97029ce-3dfa-44c3-a42e-f19cc44c8a20" testListId="8c84fa94-04c1-424b-9868-57a2d4851a1d" />
    <TestEntry testId="4961b047-1a4a-7894-8c06-ac8bbb6d57d0" executionId="5d2640b7-daa9-4a26-9900-357e4d0cdaa6" testListId="8c84fa94-04c1-424b-9868-57a2d4851a1d" />
    <TestEntry testId="968d7ff5-11d6-67ec-c54b-e7302786fe90" executionId="8a7bacff-a85e-4552-b974-207269eb474a" testListId="8c84fa94-04c1-424b-9868-57a2d4851a1d" />
    <TestEntry testId="37443c47-3e9a-1cfa-81c5-8652ddeee9e8" executionId="14f24c55-b562-49d1-acea-8aced6bb1c79" testListId="8c84fa94-04c1-424b-9868-57a2d4851a1d" />
    <TestEntry testId="a6cd6cd2-6a5c-2816-7d52-b404c18a096e" executionId="1cc24340-4aa2-4f15-9d2c-c2b5529a139f" testListId="8c84fa94-04c1-424b-9868-57a2d4851a1d" />
    <TestEntry testId="981fae4a-444b-beaf-4ebe-75de6c0b2999" executionId="833415ef-befb-43d6-a47f-fb1c4e7a3442" testListId="8c84fa94-04c1-424b-9868-57a2d4851a1d" />
    <TestEntry testId="97fa7c9b-bbb3-177b-38ba-8d0ecc689477" executionId="fb393250-9618-43f7-8a61-ebc0959bd952" testListId="8c84fa94-04c1-424b-9868-57a2d4851a1d" />
    <TestEntry testId="4504903d-a162-7c0b-82c7-753be416ba06" executionId="6552adb6-f2d8-497d-bab1-f4d3679b05ca" testListId="8c84fa94-04c1-424b-9868-57a2d4851a1d" />
    <TestEntry testId="5c0660b9-52c3-ff06-fe12-fe42a520df78" executionId="7fea2449-66af-46a4-a102-48e786a45904" testListId="8c84fa94-04c1-424b-9868-57a2d4851a1d" />
    <TestEntry testId="3b316bb2-cb9c-89e5-c5f0-bdc569d8bbb1" executionId="16c5d798-9041-4bca-b91e-135cba78b783" testListId="8c84fa94-04c1-424b-9868-57a2d4851a1d" />
    <TestEntry testId="0f65240f-2de0-1fd8-a1c0-7030e50f351e" executionId="cbd48b17-d2d0-4150-a3e9-2bc4e222ec24" testListId="8c84fa94-04c1-424b-9868-57a2d4851a1d" />
    <TestEntry testId="89ef47e2-5398-270f-3ce8-7aa80c3e6392" executionId="632f6ffa-a2b8-4cc0-9273-304108e31789" testListId="8c84fa94-04c1-424b-9868-57a2d4851a1d" />
    <TestEntry testId="a3096cb0-dac9-eaf1-834a-a1c92d400a80" executionId="9e14041a-13f9-4911-903e-dfc11a983cf4" testListId="8c84fa94-04c1-424b-9868-57a2d4851a1d" />
    <TestEntry testId="bc60993b-60fa-dbe3-456c-6727e3530ab5" executionId="b510a74b-d0b4-4337-96b7-4d6da8bc1ea7" testListId="8c84fa94-04c1-424b-9868-57a2d4851a1d" />
    <TestEntry testId="347802e5-e1e2-b5ad-c36c-213ba7574ca5" executionId="dcd09d59-5906-411f-b517-21282527d15e" testListId="8c84fa94-04c1-424b-9868-57a2d4851a1d" />
    <TestEntry testId="2e653648-40b4-30ce-eba1-d62048b0c9f3" executionId="c7cb9a29-7e55-4524-b92f-232d6ef095cb" testListId="8c84fa94-04c1-424b-9868-57a2d4851a1d" />
    <TestEntry testId="46c1808f-4ed4-5264-21d1-6c5ac0f65e83" executionId="21850340-1674-416e-bc6f-4f649e45e4a8" testListId="8c84fa94-04c1-424b-9868-57a2d4851a1d" />
    <TestEntry testId="ce76221f-369d-6bea-7d94-0979ef23d034" executionId="8a8a8c28-4cee-4c36-8fdd-8cec16300674" testListId="8c84fa94-04c1-424b-9868-57a2d4851a1d" />
    <TestEntry testId="6547fd65-9906-d9ef-8f65-70fcb8fc6d1c" executionId="6678b254-d4cc-41d7-83a3-ac70abee4ae3" testListId="8c84fa94-04c1-424b-9868-57a2d4851a1d" />
    <TestEntry testId="4e922779-c24e-c9d5-abed-a69edff9f7b8" executionId="8cccf608-c39a-4922-812d-ba797836a4da" testListId="8c84fa94-04c1-424b-9868-57a2d4851a1d" />
    <TestEntry testId="a9e1f006-e353-e4bd-d246-25acda0813c4" executionId="e5b8a8ff-d03f-4c12-a530-377f22eb09e4" testListId="8c84fa94-04c1-424b-9868-57a2d4851a1d" />
    <TestEntry testId="30a600c1-65f3-28c9-a53d-0d2a4270f832" executionId="0dc7d83d-fc51-4453-b9a7-e94395f0b306" testListId="8c84fa94-04c1-424b-9868-57a2d4851a1d" />
    <TestEntry testId="b8258fef-e2d8-ee0d-2ced-3dbd73030f5e" executionId="d3e4c90b-34ac-4d71-a943-77c6ac10b339" testListId="8c84fa94-04c1-424b-9868-57a2d4851a1d" />
  </TestEntries>
  <TestLists>
    <TestList name="Results Not in a List" id="8c84fa94-04c1-424b-9868-57a2d4851a1d" />
    <TestList name="All Loaded Results" id="19431567-8539-422a-85d7-44ee4e166bda" />
  </TestLists>
  <ResultSummary outcome="Completed">
[...]
[testcontainers.org 00:01:45.10] Wait for Docker container 83b8ce1d6009 to complete readiness checks
[testcontainers.org 00:01:45.10] Execute "pg_isready --host localhost --dbname testdb --username testuser" at Docker container 83b8ce1d6009
[testcontainers.org 00:01:46.19] Execute "pg_isready --host localhost --dbname testdb --username testuser" at Docker container 83b8ce1d6009
[testcontainers.org 00:01:47.26] Execute "pg_isready --host localhost --dbname testdb --username testuser" at Docker container 83b8ce1d6009
[testcontainers.org 00:01:47.33] Docker container 83b8ce1d6009 ready
[testcontainers.org 00:01:47.44] Delete Docker container 83b8ce1d6009
[testcontainers.org 00:01:47.94] Docker container d2e19ea7bf81 created
[testcontainers.org 00:01:47.95] Start Docker container d2e19ea7bf81
[testcontainers.org 00:01:48.12] Wait for Docker container d2e19ea7bf81 to complete readiness checks
[testcontainers.org 00:01:48.12] Execute "pg_isready --host localhost --dbname testdb --username testuser" at Docker container d2e19ea7bf81
[testcontainers.org 00:01:49.21] Execute "pg_isready --host localhost --dbname testdb --username testuser" at Docker container d2e19ea7bf81
[testcontainers.org 00:01:50.27] Execute "pg_isready --host localhost --dbname testdb --username testuser" at Docker container d2e19ea7bf81
[testcontainers.org 00:01:50.36] Docker container d2e19ea7bf81 ready
[testcontainers.org 00:01:50.46] Delete Docker container d2e19ea7bf81
[testcontainers.org 00:01:50.95] Docker container d16bf741bfbc created
[testcontainers.org 00:01:50.95] Start Docker container d16bf741bfbc
[testcontainers.org 00:01:51.13] Wait for Docker container d16bf741bfbc to complete readiness checks
[testcontainers.org 00:01:51.13] Execute "pg_isready --host localhost --dbname testdb --username testuser" at Docker container d16bf741bfbc
[testcontainers.org 00:01:52.19] Execute "pg_isready --host localhost --dbname testdb --username testuser" at Docker container d16bf741bfbc
[testcontainers.org 00:01:53.28] Execute "pg_isready --host localhost --dbname testdb --username testuser" at Docker container d16bf741bfbc
[testcontainers.org 00:01:53.37] Docker container d16bf741bfbc ready
[testcontainers.org 00:01:53.48] Delete Docker container d16bf741bfbc
[testcontainers.org 00:01:53.94] Docker container f97effa1276a created
[testcontainers.org 00:01:53.94] Start Docker container f97effa1276a
[testcontainers.org 00:01:54.12] Wait for Docker container f97effa1276a to complete readiness checks
[testcontainers.org 00:01:54.12] Execute "pg_isready --host localhost --dbname testdb --username testuser" at Docker container f97effa1276a
[testcontainers.org 00:01:55.19] Execute "pg_isready --host localhost --dbname testdb --username testuser" at Docker container f97effa1276a
[testcontainers.org 00:01:56.28] Execute "pg_isready --host localhost --dbname testdb --username testuser" at Docker container f97effa1276a
[testcontainers.org 00:01:56.34] Docker container f97effa1276a ready
[testcontainers.org 00:01:56.44] Delete Docker container f97effa1276a
[testcontainers.org 00:01:56.92] Docker container 72ec51f9b45b created
[testcontainers.org 00:01:56.92] Start Docker container 72ec51f9b45b
[testcontainers.org 00:01:57.10] Wait for Docker container 72ec51f9b45b to complete readiness checks
[testcontainers.org 00:01:57.11] Execute "pg_isready --host localhost --dbname testdb --username testuser" at Docker container 72ec51f9b45b
[testcontainers.org 00:01:58.17] Execute "pg_isready --host localhost --dbname testdb --username testuser" at Docker container 72ec51f9b45b
[testcontainers.org 00:01:59.23] Execute "pg_isready --host localhost --dbname testdb --username testuser" at Docker container 72ec51f9b45b
[testcontainers.org 00:01:59.31] Docker container 72ec51f9b45b ready
[testcontainers.org 00:01:59.37] Delete Docker container 72ec51f9b45b
[testcontainers.org 00:01:59.86] Docker container 1380027f39ac created
[testcontainers.org 00:01:59.86] Start Docker container 1380027f39ac
[testcontainers.org 00:02:00.06] Wait for Docker container 1380027f39ac to complete readiness checks
[testcontainers.org 00:02:00.06] Execute "pg_isready --host localhost --dbname testdb --username testuser" at Docker container 1380027f39ac
[testcontainers.org 00:02:01.15] Execute "pg_isready --host localhost --dbname testdb --username testuser" at Docker container 1380027f39ac
[testcontainers.org 00:02:02.24] Execute "pg_isready --host localhost --dbname testdb --username testuser" at Docker container 1380027f39ac
[testcontainers.org 00:02:02.31] Docker container 1380027f39ac ready
[testcontainers.org 00:02:02.37] Delete Docker container 1380027f39ac
[testcontainers.org 00:02:02.82] Docker container 8aa8455a8016 created
[testcontainers.org 00:02:02.82] Start Docker container 8aa8455a8016
[testcontainers.org 00:02:03.02] Wait for Docker container 8aa8455a8016 to complete readiness checks
[testcontainers.org 00:02:03.03] Execute "pg_isready --host localhost --dbname testdb --username testuser" at Docker container 8aa8455a8016
[testcontainers.org 00:02:04.11] Execute "pg_isready --host localhost --dbname testdb --username testuser" at Docker container 8aa8455a8016
[testcontainers.org 00:02:05.18] Execute "pg_isready --host localhost --dbname testdb --username testuser" at Docker container 8aa8455a8016
[testcontainers.org 00:02:05.27] Docker container 8aa8455a8016 ready
[testcontainers.org 00:02:05.32] Delete Docker container 8aa8455a8016
[testcontainers.org 00:02:05.80] Docker container 5a56309fc021 created
[testcontainers.org 00:02:05.81] Start Docker container 5a56309fc021
[testcontainers.org 00:02:06.01] Wait for Docker container 5a56309fc021 to complete readiness checks
[testcontainers.org 00:02:06.01] Execute "pg_isready --host localhost --dbname testdb --username testuser" at Docker container 5a56309fc021
[testcontainers.org 00:02:07.09] Execute "pg_isready --host localhost --dbname testdb --username testuser" at Docker container 5a56309fc021
[testcontainers.org 00:02:08.17] Execute "pg_isready --host localhost --dbname testdb --username testuser" at Docker container 5a56309fc021
[testcontainers.org 00:02:08.25] Docker container 5a56309fc021 ready
[testcontainers.org 00:02:08.34] Delete Docker container 5a56309fc021
[testcontainers.org 00:02:08.79] Docker container 70358e7af63f created
[testcontainers.org 00:02:08.79] Start Docker container 70358e7af63f
[testcontainers.org 00:02:08.99] Wait for Docker container 70358e7af63f to complete readiness checks
[testcontainers.org 00:02:08.99] Execute "pg_isready --host localhost --dbname testdb --username testuser" at Docker container 70358e7af63f
[testcontainers.org 00:02:10.07] Execute "pg_isready --host localhost --dbname testdb --username testuser" at Docker container 70358e7af63f
[testcontainers.org 00:02:11.14] Execute "pg_isready --host localhost --dbname testdb --username testuser" at Docker container 70358e7af63f
[testcontainers.org 00:02:11.22] Docker container 70358e7af63f ready
[testcontainers.org 00:02:11.30] Delete Docker container 70358e7af63f
[testcontainers.org 00:02:11.79] Docker container ab48fc74b9a3 created
[testcontainers.org 00:02:11.79] Start Docker container ab48fc74b9a3
[testcontainers.org 00:02:11.98] Wait for Docker container ab48fc74b9a3 to complete readiness checks
[testcontainers.org 00:02:11.98] Execute "pg_isready --host localhost --dbname testdb --username testuser" at Docker container ab48fc74b9a3
[testcontainers.org 00:02:13.06] Execute "pg_isready --host localhost --dbname testdb --username testuser" at Docker container ab48fc74b9a3
[testcontainers.org 00:02:14.12] Execute "pg_isready --host localhost --dbname testdb --username testuser" at Docker container ab48fc74b9a3
[testcontainers.org 00:02:14.20] Docker container ab48fc74b9a3 ready
[testcontainers.org 00:02:14.28] Delete Docker container ab48fc74b9a3
[testcontainers.org 00:02:14.73] Docker container 495e265ed923 created
[testcontainers.org 00:02:14.74] Start Docker container 495e265ed923
[testcontainers.org 00:02:14.91] Wait for Docker container 495e265ed923 to complete readiness checks
[testcontainers.org 00:02:14.91] Execute "pg_isready --host localhost --dbname testdb --username testuser" at Docker container 495e265ed923
[testcontainers.org 00:02:16.00] Execute "pg_isready --host localhost --dbname testdb --username testuser" at Docker container 495e265ed923
[testcontainers.org 00:02:17.08] Execute "pg_isready --host localhost --dbname testdb --username testuser" at Docker container 495e265ed923
[testcontainers.org 00:02:17.14] Docker container 495e265ed923 ready
[testcontainers.org 00:02:17.23] Delete Docker container 495e265ed923
[testcontainers.org 00:02:17.68] Docker container 8594eb24fef7 created
[testcontainers.org 00:02:17.68] Start Docker container 8594eb24fef7
[testcontainers.org 00:02:17.87] Wait for Docker container 8594eb24fef7 to complete readiness checks
[testcontainers.org 00:02:17.88] Execute "pg_isready --host localhost --dbname testdb --username testuser" at Docker container 8594eb24fef7
[testcontainers.org 00:02:18.94] Execute "pg_isready --host localhost --dbname testdb --username testuser" at Docker container 8594eb24fef7
[testcontainers.org 00:02:20.00] Execute "pg_isready --host localhost --dbname testdb --username testuser" at Docker container 8594eb24fef7
[testcontainers.org 00:02:20.08] Docker container 8594eb24fef7 ready
[testcontainers.org 00:02:20.19] Delete Docker container 8594eb24fef7
[testcontainers.org 00:02:20.65] Docker container 42e308c45685 created
[testcontainers.org 00:02:20.65] Start Docker container 42e308c45685
[testcontainers.org 00:02:20.84] Wait for Docker container 42e308c45685 to complete readiness checks
[testcontainers.org 00:02:20.84] Execute "pg_isready --host localhost --dbname testdb --username testuser" at Docker container 42e308c45685
[testcontainers.org 00:02:21.91] Execute "pg_isready --host localhost --dbname testdb --username testuser" at Docker container 42e308c45685
[testcontainers.org 00:02:22.99] Execute "pg_isready --host localhost --dbname testdb --username testuser" at Docker container 42e308c45685
[testcontainers.org 00:02:23.06] Docker container 42e308c45685 ready
[testcontainers.org 00:02:23.17] Delete Docker container 42e308c45685
[testcontainers.org 00:02:23.63] Docker container b9158458194f created
[testcontainers.org 00:02:23.63] Start Docker container b9158458194f
[testcontainers.org 00:02:23.83] Wait for Docker container b9158458194f to complete readiness checks
[testcontainers.org 00:02:23.83] Execute "pg_isready --host localhost --dbname testdb --username testuser" at Docker container b9158458194f
[testcontainers.org 00:02:24.88] Execute "pg_isready --host localhost --dbname testdb --username testuser" at Docker container b9158458194f
[testcontainers.org 00:02:25.97] Execute "pg_isready --host localhost --dbname testdb --username testuser" at Docker container b9158458194f
[testcontainers.org 00:02:26.05] Docker container b9158458194f ready
[testcontainers.org 00:02:26.21] Delete Docker container b9158458194f
[testcontainers.org 00:02:26.64] Docker container 30eb52681231 created
[testcontainers.org 00:02:26.64] Start Docker container 30eb52681231
[testcontainers.org 00:02:26.80] Wait for Docker container 30eb52681231 to complete readiness checks
[testcontainers.org 00:02:26.80] Execute "pg_isready --host localhost --dbname testdb --username testuser" at Docker container 30eb52681231
[testcontainers.org 00:02:27.88] Execute "pg_isready --host localhost --dbname testdb --username testuser" at Docker container 30eb52681231
[testcontainers.org 00:02:28.96] Execute "pg_isready --host localhost --dbname testdb --username testuser" at Docker container 30eb52681231
[testcontainers.org 00:02:29.04] Docker container 30eb52681231 ready
[testcontainers.org 00:02:29.31] Delete Docker container 30eb52681231
[testcontainers.org 00:02:29.77] Docker container 87eb4509127c created
[testcontainers.org 00:02:29.77] Start Docker container 87eb4509127c
[testcontainers.org 00:02:29.98] Wait for Docker container 87eb4509127c to complete readiness checks
[testcontainers.org 00:02:29.98] Execute "pg_isready --host localhost --dbname testdb --username testuser" at Docker container 87eb4509127c
[testcontainers.org 00:02:31.05] Execute "pg_isready --host localhost --dbname testdb --username testuser" at Docker container 87eb4509127c
[testcontainers.org 00:02:32.13] Execute "pg_isready --host localhost --dbname testdb --username testuser" at Docker container 87eb4509127c
[testcontainers.org 00:02:32.21] Docker container 87eb4509127c ready
[testcontainers.org 00:02:32.32] Delete Docker container 87eb4509127c
[testcontainers.org 00:02:32.78] Docker container 2ba8aab82051 created
[testcontainers.org 00:02:32.79] Start Docker container 2ba8aab82051
[testcontainers.org 00:02:32.97] Wait for Docker container 2ba8aab82051 to complete readiness checks
[testcontainers.org 00:02:32.97] Execute "pg_isready --host localhost --dbname testdb --username testuser" at Docker container 2ba8aab82051
[testcontainers.org 00:02:34.04] Execute "pg_isready --host localhost --dbname testdb --username testuser" at Docker container 2ba8aab82051
[testcontainers.org 00:02:35.11] Execute "pg_isready --host localhost --dbname testdb --username testuser" at Docker container 2ba8aab82051
[testcontainers.org 00:02:35.18] Docker container 2ba8aab82051 ready
[testcontainers.org 00:02:35.31] Delete Docker container 2ba8aab82051
[testcontainers.org 00:02:35.77] Docker container a05316fe10ab created
[testcontainers.org 00:02:35.78] Start Docker container a05316fe10ab
[testcontainers.org 00:02:35.98] Wait for Docker container a05316fe10ab to complete readiness checks
[testcontainers.org 00:02:35.98] Execute "pg_isready --host localhost --dbname testdb --username testuser" at Docker container a05316fe10ab
[testcontainers.org 00:02:37.06] Execute "pg_isready --host localhost --dbname testdb --username testuser" at Docker container a05316fe10ab
[testcontainers.org 00:02:38.12] Execute "pg_isready --host localhost --dbname testdb --username testuser" at Docker container a05316fe10ab
[testcontainers.org 00:02:38.19] Docker container a05316fe10ab ready
[testcontainers.org 00:02:38.32] Delete Docker container a05316fe10ab
[testcontainers.org 00:02:38.78] Docker container ddb41031730e created
[testcontainers.org 00:02:38.78] Start Docker container ddb41031730e
[testcontainers.org 00:02:38.96] Wait for Docker container ddb41031730e to complete readiness checks
[testcontainers.org 00:02:38.97] Execute "pg_isready --host localhost --dbname testdb --username testuser" at Docker container ddb41031730e
[testcontainers.org 00:02:40.05] Execute "pg_isready --host localhost --dbname testdb --username testuser" at Docker container ddb41031730e
[testcontainers.org 00:02:41.12] Execute "pg_isready --host localhost --dbname testdb --username testuser" at Docker container ddb41031730e
[testcontainers.org 00:02:41.20] Docker container ddb41031730e ready
[testcontainers.org 00:02:41.33] Delete Docker container ddb41031730e
[testcontainers.org 00:02:41.78] Docker container 7900f3597df1 created
[testcontainers.org 00:02:41.78] Start Docker container 7900f3597df1
[testcontainers.org 00:02:41.96] Wait for Docker container 7900f3597df1 to complete readiness checks
[testcontainers.org 00:02:41.96] Execute "pg_isready --host localhost --dbname testdb --username testuser" at Docker container 7900f3597df1
[testcontainers.org 00:02:43.02] Execute "pg_isready --host localhost --dbname testdb --username testuser" at Docker container 7900f3597df1
[testcontainers.org 00:02:44.10] Execute "pg_isready --host localhost --dbname testdb --username testuser" at Docker container 7900f3597df1
[testcontainers.org 00:02:44.18] Docker container 7900f3597df1 ready
[testcontainers.org 00:02:44.31] Delete Docker container 7900f3597df1
[testcontainers.org 00:02:44.74] Docker container 21ce09a5581f created
[testcontainers.org 00:02:44.75] Start Docker container 21ce09a5581f
[testcontainers.org 00:02:44.94] Wait for Docker container 21ce09a5581f to complete readiness checks
[testcontainers.org 00:02:44.94] Execute "pg_isready --host localhost --dbname testdb --username testuser" at Docker container 21ce09a5581f
[testcontainers.org 00:02:46.02] Execute "pg_isready --host localhost --dbname testdb --username testuser" at Docker container 21ce09a5581f
[testcontainers.org 00:02:47.10] Execute "pg_isready --host localhost --dbname testdb --username testuser" at Docker container 21ce09a5581f
[testcontainers.org 00:02:47.19] Docker container 21ce09a5581f ready
[testcontainers.org 00:02:47.33] Delete Docker container 21ce09a5581f
[testcontainers.org 00:02:47.77] Docker container 83eb47075c24 created
[testcontainers.org 00:02:47.78] Start Docker container 83eb47075c24
[testcontainers.org 00:02:47.96] Wait for Docker container 83eb47075c24 to complete readiness checks
[testcontainers.org 00:02:47.97] Execute "pg_isready --host localhost --dbname testdb --username testuser" at Docker container 83eb47075c24
[testcontainers.org 00:02:49.04] Execute "pg_isready --host localhost --dbname testdb --username testuser" at Docker container 83eb47075c24
[testcontainers.org 00:02:50.11] Execute "pg_isready --host localhost --dbname testdb --username testuser" at Docker container 83eb47075c24
[testcontainers.org 00:02:50.17] Docker container 83eb47075c24 ready
[testcontainers.org 00:02:50.30] Delete Docker container 83eb47075c24
[testcontainers.org 00:02:50.77] Docker container 012afbf76292 created
[testcontainers.org 00:02:50.77] Start Docker container 012afbf76292
[testcontainers.org 00:02:50.96] Wait for Docker container 012afbf76292 to complete readiness checks
[testcontainers.org 00:02:50.96] Execute "pg_isready --host localhost --dbname testdb --username testuser" at Docker container 012afbf76292
[testcontainers.org 00:02:52.03] Execute "pg_isready --host localhost --dbname testdb --username testuser" at Docker container 012afbf76292
[testcontainers.org 00:02:53.10] Execute "pg_isready --host localhost --dbname testdb --username testuser" at Docker container 012afbf76292
[testcontainers.org 00:02:53.17] Docker container 012afbf76292 ready
[testcontainers.org 00:02:53.30] Delete Docker container 012afbf76292
[testcontainers.org 00:02:53.74] Docker container 9497b9b22e0c created
[testcontainers.org 00:02:53.74] Start Docker container 9497b9b22e0c
[testcontainers.org 00:02:53.95] Wait for Docker container 9497b9b22e0c to complete readiness checks
[testcontainers.org 00:02:53.95] Execute "pg_isready --host localhost --dbname testdb --username testuser" at Docker container 9497b9b22e0c
[testcontainers.org 00:02:55.03] Execute "pg_isready --host localhost --dbname testdb --username testuser" at Docker container 9497b9b22e0c
[testcontainers.org 00:02:56.11] Execute "pg_isready --host localhost --dbname testdb --username testuser" at Docker container 9497b9b22e0c
[testcontainers.org 00:02:56.19] Docker container 9497b9b22e0c ready
[testcontainers.org 00:02:56.30] Delete Docker container 9497b9b22e0c
[testcontainers.org 00:02:56.79] Docker container 09623553745a created
[testcontainers.org 00:02:56.79] Start Docker container 09623553745a
[testcontainers.org 00:02:56.97] Wait for Docker container 09623553745a to complete readiness checks
[testcontainers.org 00:02:56.98] Execute "pg_isready --host localhost --dbname testdb --username testuser" at Docker container 09623553745a
[testcontainers.org 00:02:58.05] Execute "pg_isready --host localhost --dbname testdb --username testuser" at Docker container 09623553745a
[testcontainers.org 00:02:59.13] Execute "pg_isready --host localhost --dbname testdb --username testuser" at Docker container 09623553745a
[testcontainers.org 00:02:59.21] Docker container 09623553745a ready
[testcontainers.org 00:02:59.34] Delete Docker container 09623553745a
[xUnit.net 00:02:59.92]   Finished:    PgSchemaExporter.Tests
</StdOut>
    </Output>
  </ResultSummary>
</TestRun>